[2022-12-15 13:47:41,751]22 root -INFO -Exporting collection data as pandas dataframe
[2022-12-15 13:47:41,752]22 root -INFO -Reading data from database: APS and collection name Sensor
[2022-12-15 13:47:45,032]24 root -INFO -Found column: Index(['_id', 'class', 'aa_000', 'ab_000', 'ac_000', 'ad_000', 'ae_000',
       'af_000', 'ag_000', 'ag_001',
       ...
       'ee_002', 'ee_003', 'ee_004', 'ee_005', 'ee_006', 'ee_007', 'ee_008',
       'ee_009', 'ef_000', 'eg_000'],
      dtype='object', length=172)
[2022-12-15 13:47:45,032]26 root -INFO -Dropping column: _id
[2022-12-15 13:47:45,258]28 root -INFO -Row & column in df : (36188, 171)
[2022-12-15 13:47:45,259]28 root -INFO -Save data in feature store
[2022-12-15 13:47:45,786]34 root -INFO -Create feature store folder if not available
[2022-12-15 13:47:45,787]38 root -INFO -Save df to feature store folder
[2022-12-15 13:47:48,215]43 root -INFO -split dataset into train and test set
[2022-12-15 13:47:48,744]47 root -INFO -create dataset directory folder if not available
[2022-12-15 13:47:48,745]52 root -INFO -Save df to feature store folder
[2022-12-15 13:47:50,885]64 root -INFO -Data ingestion artifact: DataIngestionArtifact(feature_store_file_path='/config/workspace/artifact/12152022__134741/data_ingestion/feature_store/sensor.csv', train_file_path='/config/workspace/artifact/12152022__134741/data_ingestion/dataset/train.csv', test_file_path='/config/workspace/artifact/12152022__134741/data_ingestion/dataset/test.csv')
[2022-12-15 13:47:51,317]22 root -INFO -Exporting collection data as pandas dataframe
[2022-12-15 13:47:51,317]22 root -INFO -Reading data from database: APS and collection name Sensor
[2022-12-15 13:47:54,562]24 root -INFO -Found column: Index(['_id', 'class', 'aa_000', 'ab_000', 'ac_000', 'ad_000', 'ae_000',
       'af_000', 'ag_000', 'ag_001',
       ...
       'ee_002', 'ee_003', 'ee_004', 'ee_005', 'ee_006', 'ee_007', 'ee_008',
       'ee_009', 'ef_000', 'eg_000'],
      dtype='object', length=172)
[2022-12-15 13:47:54,562]26 root -INFO -Dropping column: _id
[2022-12-15 13:47:54,751]28 root -INFO -Row & column in df : (36188, 171)
[2022-12-15 13:47:54,751]28 root -INFO -Save data in feature store
[2022-12-15 13:47:55,268]34 root -INFO -Create feature store folder if not available
[2022-12-15 13:47:55,268]38 root -INFO -Save df to feature store folder
[2022-12-15 13:47:57,679]43 root -INFO -split dataset into train and test set
[2022-12-15 13:47:58,237]47 root -INFO -create dataset directory folder if not available
[2022-12-15 13:47:58,237]52 root -INFO -Save df to feature store folder
[2022-12-15 13:48:00,445]64 root -INFO -Data ingestion artifact: DataIngestionArtifact(feature_store_file_path='/config/workspace/artifact/12152022__134741/data_ingestion/feature_store/sensor.csv', train_file_path='/config/workspace/artifact/12152022__134741/data_ingestion/dataset/train.csv', test_file_path='/config/workspace/artifact/12152022__134741/data_ingestion/dataset/test.csv')
[2022-12-15 13:48:00,854]21 root -INFO ->>>>>>>>>>>>>>>>>>>>>>>>>>>>>>>>>>>>>>>> Data Validation <<<<<<<<<<<<<<<<<<<<<<<<<<<<<<<<<<<<<<<<
[2022-12-15 13:48:00,854]110 root -INFO -Reading base dataframe
[2022-12-15 13:48:03,811]113 root -INFO -Replace na value in base df
[2022-12-15 13:48:03,811]115 root -INFO -Drop null values colums from base df
[2022-12-15 13:48:04,684]44 root -INFO -selecting column name which contains null above to 0.2
[2022-12-15 13:48:04,685]47 root -INFO -Columns to drop: ['ab_000', 'ad_000', 'bk_000', 'bl_000', 'bm_000', 'bn_000', 'bo_000', 'bp_000', 'bq_000', 'br_000', 'cf_000', 'cg_000', 'ch_000', 'co_000', 'cr_000', 'ct_000', 'cu_000', 'cv_000', 'cx_000', 'cy_000', 'cz_000', 'da_000', 'db_000', 'dc_000']
[2022-12-15 13:48:04,765]118 root -INFO -Reading train dataframe
[2022-12-15 13:48:05,168]120 root -INFO -Reading test dataframe
[2022-12-15 13:48:05,269]123 root -INFO -Drop null values colums from train df
[2022-12-15 13:48:05,280]44 root -INFO -selecting column name which contains null above to 0.2
[2022-12-15 13:48:05,281]47 root -INFO -Columns to drop: ['ab_000', 'ad_000', 'bk_000', 'bl_000', 'bm_000', 'bn_000', 'bo_000', 'bp_000', 'bq_000', 'br_000', 'cf_000', 'cg_000', 'ch_000', 'co_000', 'cr_000', 'ct_000', 'cu_000', 'cv_000', 'cx_000', 'cy_000', 'cz_000', 'da_000', 'db_000', 'dc_000']
[2022-12-15 13:48:05,290]125 root -INFO -Drop null values colums from test df
[2022-12-15 13:48:05,294]44 root -INFO -selecting column name which contains null above to 0.2
[2022-12-15 13:48:05,294]47 root -INFO -Columns to drop: ['ab_000', 'ad_000', 'bk_000', 'bl_000', 'bm_000', 'bn_000', 'bo_000', 'bp_000', 'bq_000', 'br_000', 'cf_000', 'cg_000', 'ch_000', 'co_000', 'cr_000', 'ct_000', 'cu_000', 'cv_000', 'cx_000', 'cy_000', 'cz_000', 'da_000', 'db_000', 'dc_000']
[2022-12-15 13:48:11,277]134 root -INFO -Is all required columns present in train df
[2022-12-15 13:48:11,277]136 root -INFO -Is all required columns present in test df
[2022-12-15 13:48:11,277]140 root -INFO -As all column are available in train df hence detecting data drift
[2022-12-15 13:48:11,277]88 root -INFO -Hypothesis class: object, object 
[2022-12-15 13:48:11,413]88 root -INFO -Hypothesis aa_000: float64, float64 
[2022-12-15 13:48:11,424]88 root -INFO -Hypothesis ac_000: float64, float64 
[2022-12-15 13:48:11,463]88 root -INFO -Hypothesis ae_000: float64, float64 
[2022-12-15 13:48:11,500]88 root -INFO -Hypothesis af_000: float64, float64 
[2022-12-15 13:48:11,537]88 root -INFO -Hypothesis ag_000: float64, float64 
[2022-12-15 13:48:11,573]88 root -INFO -Hypothesis ag_001: float64, float64 
[2022-12-15 13:48:11,608]88 root -INFO -Hypothesis ag_002: float64, float64 
[2022-12-15 13:48:11,645]88 root -INFO -Hypothesis ag_003: float64, float64 
[2022-12-15 13:48:11,684]88 root -INFO -Hypothesis ag_004: float64, float64 
[2022-12-15 13:48:11,694]88 root -INFO -Hypothesis ag_005: float64, float64 
[2022-12-15 13:48:11,705]88 root -INFO -Hypothesis ag_006: float64, float64 
[2022-12-15 13:48:11,716]88 root -INFO -Hypothesis ag_007: float64, float64 
[2022-12-15 13:48:11,759]88 root -INFO -Hypothesis ag_008: float64, float64 
[2022-12-15 13:48:11,800]88 root -INFO -Hypothesis ag_009: float64, float64 
[2022-12-15 13:48:11,839]88 root -INFO -Hypothesis ah_000: float64, float64 
[2022-12-15 13:48:11,849]88 root -INFO -Hypothesis ai_000: float64, float64 
[2022-12-15 13:48:11,887]88 root -INFO -Hypothesis aj_000: float64, float64 
[2022-12-15 13:48:11,928]88 root -INFO -Hypothesis ak_000: float64, float64 
[2022-12-15 13:48:11,965]88 root -INFO -Hypothesis al_000: float64, float64 
[2022-12-15 13:48:12,007]88 root -INFO -Hypothesis am_0: float64, float64 
[2022-12-15 13:48:12,049]88 root -INFO -Hypothesis an_000: float64, float64 
[2022-12-15 13:48:12,060]88 root -INFO -Hypothesis ao_000: float64, float64 
[2022-12-15 13:48:12,071]88 root -INFO -Hypothesis ap_000: float64, float64 
[2022-12-15 13:48:12,081]88 root -INFO -Hypothesis aq_000: float64, float64 
[2022-12-15 13:48:12,092]88 root -INFO -Hypothesis ar_000: float64, float64 
[2022-12-15 13:48:12,129]88 root -INFO -Hypothesis as_000: float64, float64 
[2022-12-15 13:48:12,163]88 root -INFO -Hypothesis at_000: float64, float64 
[2022-12-15 13:48:12,200]88 root -INFO -Hypothesis au_000: float64, float64 
[2022-12-15 13:48:12,235]88 root -INFO -Hypothesis av_000: float64, float64 
[2022-12-15 13:48:12,275]88 root -INFO -Hypothesis ax_000: float64, float64 
[2022-12-15 13:48:12,315]88 root -INFO -Hypothesis ay_000: float64, float64 
[2022-12-15 13:48:12,352]88 root -INFO -Hypothesis ay_001: float64, float64 
[2022-12-15 13:48:12,389]88 root -INFO -Hypothesis ay_002: float64, float64 
[2022-12-15 13:48:12,424]88 root -INFO -Hypothesis ay_003: float64, float64 
[2022-12-15 13:48:12,460]88 root -INFO -Hypothesis ay_004: float64, float64 
[2022-12-15 13:48:12,496]88 root -INFO -Hypothesis ay_005: float64, float64 
[2022-12-15 13:48:12,535]88 root -INFO -Hypothesis ay_006: float64, float64 
[2022-12-15 13:48:12,545]88 root -INFO -Hypothesis ay_007: float64, float64 
[2022-12-15 13:48:12,555]88 root -INFO -Hypothesis ay_008: float64, float64 
[2022-12-15 13:48:12,565]88 root -INFO -Hypothesis ay_009: float64, float64 
[2022-12-15 13:48:12,600]88 root -INFO -Hypothesis az_000: float64, float64 
[2022-12-15 13:48:12,643]88 root -INFO -Hypothesis az_001: float64, float64 
[2022-12-15 13:48:12,683]88 root -INFO -Hypothesis az_002: float64, float64 
[2022-12-15 13:48:12,725]88 root -INFO -Hypothesis az_003: float64, float64 
[2022-12-15 13:48:12,736]88 root -INFO -Hypothesis az_004: float64, float64 
[2022-12-15 13:48:12,747]88 root -INFO -Hypothesis az_005: float64, float64 
[2022-12-15 13:48:12,758]88 root -INFO -Hypothesis az_006: float64, float64 
[2022-12-15 13:48:12,799]88 root -INFO -Hypothesis az_007: float64, float64 
[2022-12-15 13:48:12,837]88 root -INFO -Hypothesis az_008: float64, float64 
[2022-12-15 13:48:12,874]88 root -INFO -Hypothesis az_009: float64, float64 
[2022-12-15 13:48:12,910]88 root -INFO -Hypothesis ba_000: float64, float64 
[2022-12-15 13:48:12,953]88 root -INFO -Hypothesis ba_001: float64, float64 
[2022-12-15 13:48:12,964]88 root -INFO -Hypothesis ba_002: float64, float64 
[2022-12-15 13:48:12,974]88 root -INFO -Hypothesis ba_003: float64, float64 
[2022-12-15 13:48:12,985]88 root -INFO -Hypothesis ba_004: float64, float64 
[2022-12-15 13:48:12,995]88 root -INFO -Hypothesis ba_005: float64, float64 
[2022-12-15 13:48:13,005]88 root -INFO -Hypothesis ba_006: float64, float64 
[2022-12-15 13:48:13,015]88 root -INFO -Hypothesis ba_007: float64, float64 
[2022-12-15 13:48:13,024]88 root -INFO -Hypothesis ba_008: float64, float64 
[2022-12-15 13:48:13,032]88 root -INFO -Hypothesis ba_009: float64, float64 
[2022-12-15 13:48:13,070]88 root -INFO -Hypothesis bb_000: float64, float64 
[2022-12-15 13:48:13,080]88 root -INFO -Hypothesis bc_000: float64, float64 
[2022-12-15 13:48:13,088]88 root -INFO -Hypothesis bd_000: float64, float64 
[2022-12-15 13:48:13,127]88 root -INFO -Hypothesis be_000: float64, float64 
[2022-12-15 13:48:13,168]88 root -INFO -Hypothesis bf_000: float64, float64 
[2022-12-15 13:48:13,205]88 root -INFO -Hypothesis bg_000: float64, float64 
[2022-12-15 13:48:13,218]88 root -INFO -Hypothesis bh_000: float64, float64 
[2022-12-15 13:48:13,228]88 root -INFO -Hypothesis bi_000: float64, float64 
[2022-12-15 13:48:13,239]88 root -INFO -Hypothesis bj_000: float64, float64 
[2022-12-15 13:48:13,250]88 root -INFO -Hypothesis bs_000: float64, float64 
[2022-12-15 13:48:13,291]88 root -INFO -Hypothesis bt_000: float64, float64 
[2022-12-15 13:48:13,302]88 root -INFO -Hypothesis bu_000: float64, float64 
[2022-12-15 13:48:13,312]88 root -INFO -Hypothesis bv_000: float64, float64 
[2022-12-15 13:48:13,323]88 root -INFO -Hypothesis bx_000: float64, float64 
[2022-12-15 13:48:13,333]88 root -INFO -Hypothesis by_000: float64, float64 
[2022-12-15 13:48:13,343]88 root -INFO -Hypothesis bz_000: float64, float64 
[2022-12-15 13:48:13,383]88 root -INFO -Hypothesis ca_000: float64, float64 
[2022-12-15 13:48:13,393]88 root -INFO -Hypothesis cb_000: float64, float64 
[2022-12-15 13:48:13,435]88 root -INFO -Hypothesis cc_000: float64, float64 
[2022-12-15 13:48:13,446]88 root -INFO -Hypothesis cd_000: float64, float64 
[2022-12-15 13:48:13,481]88 root -INFO -Hypothesis ce_000: float64, float64 
[2022-12-15 13:48:13,523]88 root -INFO -Hypothesis ci_000: float64, float64 
[2022-12-15 13:48:13,533]88 root -INFO -Hypothesis cj_000: float64, float64 
[2022-12-15 13:48:13,571]88 root -INFO -Hypothesis ck_000: float64, float64 
[2022-12-15 13:48:13,581]88 root -INFO -Hypothesis cl_000: float64, float64 
[2022-12-15 13:48:13,619]88 root -INFO -Hypothesis cm_000: float64, float64 
[2022-12-15 13:48:13,658]88 root -INFO -Hypothesis cn_000: float64, float64 
[2022-12-15 13:48:13,694]88 root -INFO -Hypothesis cn_001: float64, float64 
[2022-12-15 13:48:13,732]88 root -INFO -Hypothesis cn_002: float64, float64 
[2022-12-15 13:48:13,773]88 root -INFO -Hypothesis cn_003: float64, float64 
[2022-12-15 13:48:13,783]88 root -INFO -Hypothesis cn_004: float64, float64 
[2022-12-15 13:48:13,794]88 root -INFO -Hypothesis cn_005: float64, float64 
[2022-12-15 13:48:13,836]88 root -INFO -Hypothesis cn_006: float64, float64 
[2022-12-15 13:48:13,879]88 root -INFO -Hypothesis cn_007: float64, float64 
[2022-12-15 13:48:13,921]88 root -INFO -Hypothesis cn_008: float64, float64 
[2022-12-15 13:48:13,961]88 root -INFO -Hypothesis cn_009: float64, float64 
[2022-12-15 13:48:14,000]88 root -INFO -Hypothesis cp_000: float64, float64 
[2022-12-15 13:48:14,040]88 root -INFO -Hypothesis cq_000: float64, float64 
[2022-12-15 13:48:14,050]88 root -INFO -Hypothesis cs_000: float64, float64 
[2022-12-15 13:48:14,092]88 root -INFO -Hypothesis cs_001: float64, float64 
[2022-12-15 13:48:14,133]88 root -INFO -Hypothesis cs_002: float64, float64 
[2022-12-15 13:48:14,176]88 root -INFO -Hypothesis cs_003: float64, float64 
[2022-12-15 13:48:14,187]88 root -INFO -Hypothesis cs_004: float64, float64 
[2022-12-15 13:48:14,197]88 root -INFO -Hypothesis cs_005: float64, float64 
[2022-12-15 13:48:14,240]88 root -INFO -Hypothesis cs_006: float64, float64 
[2022-12-15 13:48:14,251]88 root -INFO -Hypothesis cs_007: float64, float64 
[2022-12-15 13:48:14,262]88 root -INFO -Hypothesis cs_008: float64, float64 
[2022-12-15 13:48:14,270]88 root -INFO -Hypothesis cs_009: float64, float64 
[2022-12-15 13:48:14,306]88 root -INFO -Hypothesis dd_000: float64, float64 
[2022-12-15 13:48:14,348]88 root -INFO -Hypothesis de_000: float64, float64 
[2022-12-15 13:48:14,356]88 root -INFO -Hypothesis df_000: float64, float64 
[2022-12-15 13:48:14,392]88 root -INFO -Hypothesis dg_000: float64, float64 
[2022-12-15 13:48:14,429]88 root -INFO -Hypothesis dh_000: float64, float64 
[2022-12-15 13:48:14,465]88 root -INFO -Hypothesis di_000: float64, float64 
[2022-12-15 13:48:14,502]88 root -INFO -Hypothesis dj_000: float64, float64 
[2022-12-15 13:48:14,538]88 root -INFO -Hypothesis dk_000: float64, float64 
[2022-12-15 13:48:14,574]88 root -INFO -Hypothesis dl_000: float64, float64 
[2022-12-15 13:48:14,609]88 root -INFO -Hypothesis dm_000: float64, float64 
[2022-12-15 13:48:14,645]88 root -INFO -Hypothesis dn_000: float64, float64 
[2022-12-15 13:48:14,656]88 root -INFO -Hypothesis do_000: float64, float64 
[2022-12-15 13:48:14,665]88 root -INFO -Hypothesis dp_000: float64, float64 
[2022-12-15 13:48:14,674]88 root -INFO -Hypothesis dq_000: float64, float64 
[2022-12-15 13:48:14,712]88 root -INFO -Hypothesis dr_000: float64, float64 
[2022-12-15 13:48:14,748]88 root -INFO -Hypothesis ds_000: float64, float64 
[2022-12-15 13:48:14,790]88 root -INFO -Hypothesis dt_000: float64, float64 
[2022-12-15 13:48:14,833]88 root -INFO -Hypothesis du_000: float64, float64 
[2022-12-15 13:48:14,880]88 root -INFO -Hypothesis dv_000: float64, float64 
[2022-12-15 13:48:14,922]88 root -INFO -Hypothesis dx_000: float64, float64 
[2022-12-15 13:48:14,961]88 root -INFO -Hypothesis dy_000: float64, float64 
[2022-12-15 13:48:15,001]88 root -INFO -Hypothesis dz_000: float64, float64 
[2022-12-15 13:48:15,037]88 root -INFO -Hypothesis ea_000: float64, float64 
[2022-12-15 13:48:15,073]88 root -INFO -Hypothesis eb_000: float64, float64 
[2022-12-15 13:48:15,112]88 root -INFO -Hypothesis ec_00: float64, float64 
[2022-12-15 13:48:15,123]88 root -INFO -Hypothesis ed_000: float64, float64 
[2022-12-15 13:48:15,132]88 root -INFO -Hypothesis ee_000: float64, float64 
[2022-12-15 13:48:15,176]88 root -INFO -Hypothesis ee_001: float64, float64 
[2022-12-15 13:48:15,187]88 root -INFO -Hypothesis ee_002: float64, float64 
[2022-12-15 13:48:15,229]88 root -INFO -Hypothesis ee_003: float64, float64 
[2022-12-15 13:48:15,272]88 root -INFO -Hypothesis ee_004: float64, float64 
[2022-12-15 13:48:15,282]88 root -INFO -Hypothesis ee_005: float64, float64 
[2022-12-15 13:48:15,293]88 root -INFO -Hypothesis ee_006: float64, float64 
[2022-12-15 13:48:15,303]88 root -INFO -Hypothesis ee_007: float64, float64 
[2022-12-15 13:48:15,313]88 root -INFO -Hypothesis ee_008: float64, float64 
[2022-12-15 13:48:15,354]88 root -INFO -Hypothesis ee_009: float64, float64 
[2022-12-15 13:48:15,362]88 root -INFO -Hypothesis ef_000: float64, float64 
[2022-12-15 13:48:15,398]88 root -INFO -Hypothesis eg_000: float64, float64 
[2022-12-15 13:48:15,434]143 root -INFO -As all column are available in test df hence detecting data drift
[2022-12-15 13:48:15,434]88 root -INFO -Hypothesis class: object, object 
[2022-12-15 13:48:15,507]88 root -INFO -Hypothesis aa_000: float64, float64 
[2022-12-15 13:48:15,514]88 root -INFO -Hypothesis ac_000: float64, float64 
[2022-12-15 13:48:15,519]88 root -INFO -Hypothesis ae_000: float64, float64 
[2022-12-15 13:48:15,523]88 root -INFO -Hypothesis af_000: float64, float64 
[2022-12-15 13:48:15,526]88 root -INFO -Hypothesis ag_000: float64, float64 
[2022-12-15 13:48:15,541]88 root -INFO -Hypothesis ag_001: float64, float64 
[2022-12-15 13:48:15,555]88 root -INFO -Hypothesis ag_002: float64, float64 
[2022-12-15 13:48:15,570]88 root -INFO -Hypothesis ag_003: float64, float64 
[2022-12-15 13:48:15,574]88 root -INFO -Hypothesis ag_004: float64, float64 
[2022-12-15 13:48:15,581]88 root -INFO -Hypothesis ag_005: float64, float64 
[2022-12-15 13:48:15,588]88 root -INFO -Hypothesis ag_006: float64, float64 
[2022-12-15 13:48:15,595]88 root -INFO -Hypothesis ag_007: float64, float64 
[2022-12-15 13:48:15,602]88 root -INFO -Hypothesis ag_008: float64, float64 
[2022-12-15 13:48:15,607]88 root -INFO -Hypothesis ag_009: float64, float64 
[2022-12-15 13:48:15,612]88 root -INFO -Hypothesis ah_000: float64, float64 
[2022-12-15 13:48:15,619]88 root -INFO -Hypothesis ai_000: float64, float64 
[2022-12-15 13:48:15,623]88 root -INFO -Hypothesis aj_000: float64, float64 
[2022-12-15 13:48:15,638]88 root -INFO -Hypothesis ak_000: float64, float64 
[2022-12-15 13:48:15,642]88 root -INFO -Hypothesis al_000: float64, float64 
[2022-12-15 13:48:15,659]88 root -INFO -Hypothesis am_0: float64, float64 
[2022-12-15 13:48:15,676]88 root -INFO -Hypothesis an_000: float64, float64 
[2022-12-15 13:48:15,683]88 root -INFO -Hypothesis ao_000: float64, float64 
[2022-12-15 13:48:15,691]88 root -INFO -Hypothesis ap_000: float64, float64 
[2022-12-15 13:48:15,698]88 root -INFO -Hypothesis aq_000: float64, float64 
[2022-12-15 13:48:15,705]88 root -INFO -Hypothesis ar_000: float64, float64 
[2022-12-15 13:48:15,708]88 root -INFO -Hypothesis as_000: float64, float64 
[2022-12-15 13:48:15,723]88 root -INFO -Hypothesis at_000: float64, float64 
[2022-12-15 13:48:15,726]88 root -INFO -Hypothesis au_000: float64, float64 
[2022-12-15 13:48:15,741]88 root -INFO -Hypothesis av_000: float64, float64 
[2022-12-15 13:48:15,746]88 root -INFO -Hypothesis ax_000: float64, float64 
[2022-12-15 13:48:15,752]88 root -INFO -Hypothesis ay_000: float64, float64 
[2022-12-15 13:48:15,766]88 root -INFO -Hypothesis ay_001: float64, float64 
[2022-12-15 13:48:15,781]88 root -INFO -Hypothesis ay_002: float64, float64 
[2022-12-15 13:48:15,796]88 root -INFO -Hypothesis ay_003: float64, float64 
[2022-12-15 13:48:15,811]88 root -INFO -Hypothesis ay_004: float64, float64 
[2022-12-15 13:48:15,826]88 root -INFO -Hypothesis ay_005: float64, float64 
[2022-12-15 13:48:15,832]88 root -INFO -Hypothesis ay_006: float64, float64 
[2022-12-15 13:48:15,838]88 root -INFO -Hypothesis ay_007: float64, float64 
[2022-12-15 13:48:15,844]88 root -INFO -Hypothesis ay_008: float64, float64 
[2022-12-15 13:48:15,851]88 root -INFO -Hypothesis ay_009: float64, float64 
[2022-12-15 13:48:15,867]88 root -INFO -Hypothesis az_000: float64, float64 
[2022-12-15 13:48:15,873]88 root -INFO -Hypothesis az_001: float64, float64 
[2022-12-15 13:48:15,880]88 root -INFO -Hypothesis az_002: float64, float64 
[2022-12-15 13:48:15,886]88 root -INFO -Hypothesis az_003: float64, float64 
[2022-12-15 13:48:15,893]88 root -INFO -Hypothesis az_004: float64, float64 
[2022-12-15 13:48:15,900]88 root -INFO -Hypothesis az_005: float64, float64 
[2022-12-15 13:48:15,907]88 root -INFO -Hypothesis az_006: float64, float64 
[2022-12-15 13:48:15,913]88 root -INFO -Hypothesis az_007: float64, float64 
[2022-12-15 13:48:15,917]88 root -INFO -Hypothesis az_008: float64, float64 
[2022-12-15 13:48:15,932]88 root -INFO -Hypothesis az_009: float64, float64 
[2022-12-15 13:48:15,947]88 root -INFO -Hypothesis ba_000: float64, float64 
[2022-12-15 13:48:15,955]88 root -INFO -Hypothesis ba_001: float64, float64 
[2022-12-15 13:48:15,962]88 root -INFO -Hypothesis ba_002: float64, float64 
[2022-12-15 13:48:15,969]88 root -INFO -Hypothesis ba_003: float64, float64 
[2022-12-15 13:48:15,976]88 root -INFO -Hypothesis ba_004: float64, float64 
[2022-12-15 13:48:15,982]88 root -INFO -Hypothesis ba_005: float64, float64 
[2022-12-15 13:48:15,989]88 root -INFO -Hypothesis ba_006: float64, float64 
[2022-12-15 13:48:15,996]88 root -INFO -Hypothesis ba_007: float64, float64 
[2022-12-15 13:48:16,003]88 root -INFO -Hypothesis ba_008: float64, float64 
[2022-12-15 13:48:16,008]88 root -INFO -Hypothesis ba_009: float64, float64 
[2022-12-15 13:48:16,013]88 root -INFO -Hypothesis bb_000: float64, float64 
[2022-12-15 13:48:16,020]88 root -INFO -Hypothesis bc_000: float64, float64 
[2022-12-15 13:48:16,025]88 root -INFO -Hypothesis bd_000: float64, float64 
[2022-12-15 13:48:16,031]88 root -INFO -Hypothesis be_000: float64, float64 
[2022-12-15 13:48:16,037]88 root -INFO -Hypothesis bf_000: float64, float64 
[2022-12-15 13:48:16,041]88 root -INFO -Hypothesis bg_000: float64, float64 
[2022-12-15 13:48:16,048]88 root -INFO -Hypothesis bh_000: float64, float64 
[2022-12-15 13:48:16,055]88 root -INFO -Hypothesis bi_000: float64, float64 
[2022-12-15 13:48:16,063]88 root -INFO -Hypothesis bj_000: float64, float64 
[2022-12-15 13:48:16,070]88 root -INFO -Hypothesis bs_000: float64, float64 
[2022-12-15 13:48:16,077]88 root -INFO -Hypothesis bt_000: float64, float64 
[2022-12-15 13:48:16,085]88 root -INFO -Hypothesis bu_000: float64, float64 
[2022-12-15 13:48:16,093]88 root -INFO -Hypothesis bv_000: float64, float64 
[2022-12-15 13:48:16,100]88 root -INFO -Hypothesis bx_000: float64, float64 
[2022-12-15 13:48:16,108]88 root -INFO -Hypothesis by_000: float64, float64 
[2022-12-15 13:48:16,115]88 root -INFO -Hypothesis bz_000: float64, float64 
[2022-12-15 13:48:16,121]88 root -INFO -Hypothesis ca_000: float64, float64 
[2022-12-15 13:48:16,128]88 root -INFO -Hypothesis cb_000: float64, float64 
[2022-12-15 13:48:16,135]88 root -INFO -Hypothesis cc_000: float64, float64 
[2022-12-15 13:48:16,142]88 root -INFO -Hypothesis cd_000: float64, float64 
[2022-12-15 13:48:16,157]88 root -INFO -Hypothesis ce_000: float64, float64 
[2022-12-15 13:48:16,164]88 root -INFO -Hypothesis ci_000: float64, float64 
[2022-12-15 13:48:16,171]88 root -INFO -Hypothesis cj_000: float64, float64 
[2022-12-15 13:48:16,175]88 root -INFO -Hypothesis ck_000: float64, float64 
[2022-12-15 13:48:16,182]88 root -INFO -Hypothesis cl_000: float64, float64 
[2022-12-15 13:48:16,187]88 root -INFO -Hypothesis cm_000: float64, float64 
[2022-12-15 13:48:16,192]88 root -INFO -Hypothesis cn_000: float64, float64 
[2022-12-15 13:48:16,208]88 root -INFO -Hypothesis cn_001: float64, float64 
[2022-12-15 13:48:16,212]88 root -INFO -Hypothesis cn_002: float64, float64 
[2022-12-15 13:48:16,217]88 root -INFO -Hypothesis cn_003: float64, float64 
[2022-12-15 13:48:16,224]88 root -INFO -Hypothesis cn_004: float64, float64 
[2022-12-15 13:48:16,232]88 root -INFO -Hypothesis cn_005: float64, float64 
[2022-12-15 13:48:16,239]88 root -INFO -Hypothesis cn_006: float64, float64 
[2022-12-15 13:48:16,246]88 root -INFO -Hypothesis cn_007: float64, float64 
[2022-12-15 13:48:16,252]88 root -INFO -Hypothesis cn_008: float64, float64 
[2022-12-15 13:48:16,258]88 root -INFO -Hypothesis cn_009: float64, float64 
[2022-12-15 13:48:16,264]88 root -INFO -Hypothesis cp_000: float64, float64 
[2022-12-15 13:48:16,269]88 root -INFO -Hypothesis cq_000: float64, float64 
[2022-12-15 13:48:16,276]88 root -INFO -Hypothesis cs_000: float64, float64 
[2022-12-15 13:48:16,282]88 root -INFO -Hypothesis cs_001: float64, float64 
[2022-12-15 13:48:16,288]88 root -INFO -Hypothesis cs_002: float64, float64 
[2022-12-15 13:48:16,295]88 root -INFO -Hypothesis cs_003: float64, float64 
[2022-12-15 13:48:16,302]88 root -INFO -Hypothesis cs_004: float64, float64 
[2022-12-15 13:48:16,309]88 root -INFO -Hypothesis cs_005: float64, float64 
[2022-12-15 13:48:16,316]88 root -INFO -Hypothesis cs_006: float64, float64 
[2022-12-15 13:48:16,323]88 root -INFO -Hypothesis cs_007: float64, float64 
[2022-12-15 13:48:16,330]88 root -INFO -Hypothesis cs_008: float64, float64 
[2022-12-15 13:48:16,335]88 root -INFO -Hypothesis cs_009: float64, float64 
[2022-12-15 13:48:16,350]88 root -INFO -Hypothesis dd_000: float64, float64 
[2022-12-15 13:48:16,357]88 root -INFO -Hypothesis de_000: float64, float64 
[2022-12-15 13:48:16,362]88 root -INFO -Hypothesis df_000: float64, float64 
[2022-12-15 13:48:16,366]88 root -INFO -Hypothesis dg_000: float64, float64 
[2022-12-15 13:48:16,369]88 root -INFO -Hypothesis dh_000: float64, float64 
[2022-12-15 13:48:16,373]88 root -INFO -Hypothesis di_000: float64, float64 
[2022-12-15 13:48:16,377]88 root -INFO -Hypothesis dj_000: float64, float64 
[2022-12-15 13:48:16,380]88 root -INFO -Hypothesis dk_000: float64, float64 
[2022-12-15 13:48:16,383]88 root -INFO -Hypothesis dl_000: float64, float64 
[2022-12-15 13:48:16,386]88 root -INFO -Hypothesis dm_000: float64, float64 
[2022-12-15 13:48:16,390]88 root -INFO -Hypothesis dn_000: float64, float64 
[2022-12-15 13:48:16,396]88 root -INFO -Hypothesis do_000: float64, float64 
[2022-12-15 13:48:16,403]88 root -INFO -Hypothesis dp_000: float64, float64 
[2022-12-15 13:48:16,409]88 root -INFO -Hypothesis dq_000: float64, float64 
[2022-12-15 13:48:16,413]88 root -INFO -Hypothesis dr_000: float64, float64 
[2022-12-15 13:48:16,417]88 root -INFO -Hypothesis ds_000: float64, float64 
[2022-12-15 13:48:16,424]88 root -INFO -Hypothesis dt_000: float64, float64 
[2022-12-15 13:48:16,431]88 root -INFO -Hypothesis du_000: float64, float64 
[2022-12-15 13:48:16,437]88 root -INFO -Hypothesis dv_000: float64, float64 
[2022-12-15 13:48:16,444]88 root -INFO -Hypothesis dx_000: float64, float64 
[2022-12-15 13:48:16,449]88 root -INFO -Hypothesis dy_000: float64, float64 
[2022-12-15 13:48:16,454]88 root -INFO -Hypothesis dz_000: float64, float64 
[2022-12-15 13:48:16,457]88 root -INFO -Hypothesis ea_000: float64, float64 
[2022-12-15 13:48:16,460]88 root -INFO -Hypothesis eb_000: float64, float64 
[2022-12-15 13:48:16,466]88 root -INFO -Hypothesis ec_00: float64, float64 
[2022-12-15 13:48:16,472]88 root -INFO -Hypothesis ed_000: float64, float64 
[2022-12-15 13:48:16,478]88 root -INFO -Hypothesis ee_000: float64, float64 
[2022-12-15 13:48:16,485]88 root -INFO -Hypothesis ee_001: float64, float64 
[2022-12-15 13:48:16,492]88 root -INFO -Hypothesis ee_002: float64, float64 
[2022-12-15 13:48:16,500]88 root -INFO -Hypothesis ee_003: float64, float64 
[2022-12-15 13:48:16,506]88 root -INFO -Hypothesis ee_004: float64, float64 
[2022-12-15 13:48:16,513]88 root -INFO -Hypothesis ee_005: float64, float64 
[2022-12-15 13:48:16,520]88 root -INFO -Hypothesis ee_006: float64, float64 
[2022-12-15 13:48:16,527]88 root -INFO -Hypothesis ee_007: float64, float64 
[2022-12-15 13:48:16,533]88 root -INFO -Hypothesis ee_008: float64, float64 
[2022-12-15 13:48:16,539]88 root -INFO -Hypothesis ee_009: float64, float64 
[2022-12-15 13:48:16,544]88 root -INFO -Hypothesis ef_000: float64, float64 
[2022-12-15 13:48:16,547]88 root -INFO -Hypothesis eg_000: float64, float64 
[2022-12-15 13:48:16,550]147 root -INFO -Write reprt in yaml file
