[2022-12-15 13:51:23,648]22 root -INFO -Exporting collection data as pandas dataframe
[2022-12-15 13:51:23,648]22 root -INFO -Reading data from database: APS and collection name Sensor
[2022-12-15 13:51:26,920]24 root -INFO -Found column: Index(['_id', 'class', 'aa_000', 'ab_000', 'ac_000', 'ad_000', 'ae_000',
       'af_000', 'ag_000', 'ag_001',
       ...
       'ee_002', 'ee_003', 'ee_004', 'ee_005', 'ee_006', 'ee_007', 'ee_008',
       'ee_009', 'ef_000', 'eg_000'],
      dtype='object', length=172)
[2022-12-15 13:51:26,921]26 root -INFO -Dropping column: _id
[2022-12-15 13:51:27,137]28 root -INFO -Row & column in df : (36188, 171)
[2022-12-15 13:51:27,138]28 root -INFO -Save data in feature store
[2022-12-15 13:51:27,662]34 root -INFO -Create feature store folder if not available
[2022-12-15 13:51:27,663]38 root -INFO -Save df to feature store folder
[2022-12-15 13:51:30,011]43 root -INFO -split dataset into train and test set
[2022-12-15 13:51:30,585]47 root -INFO -create dataset directory folder if not available
[2022-12-15 13:51:30,586]52 root -INFO -Save df to feature store folder
[2022-12-15 13:51:32,736]64 root -INFO -Data ingestion artifact: DataIngestionArtifact(feature_store_file_path='/config/workspace/artifact/12152022__135123/data_ingestion/feature_store/sensor.csv', train_file_path='/config/workspace/artifact/12152022__135123/data_ingestion/dataset/train.csv', test_file_path='/config/workspace/artifact/12152022__135123/data_ingestion/dataset/test.csv')
[2022-12-15 13:51:33,168]22 root -INFO -Exporting collection data as pandas dataframe
[2022-12-15 13:51:33,169]22 root -INFO -Reading data from database: APS and collection name Sensor
[2022-12-15 13:51:36,387]24 root -INFO -Found column: Index(['_id', 'class', 'aa_000', 'ab_000', 'ac_000', 'ad_000', 'ae_000',
       'af_000', 'ag_000', 'ag_001',
       ...
       'ee_002', 'ee_003', 'ee_004', 'ee_005', 'ee_006', 'ee_007', 'ee_008',
       'ee_009', 'ef_000', 'eg_000'],
      dtype='object', length=172)
[2022-12-15 13:51:36,387]26 root -INFO -Dropping column: _id
[2022-12-15 13:51:36,579]28 root -INFO -Row & column in df : (36188, 171)
[2022-12-15 13:51:36,580]28 root -INFO -Save data in feature store
[2022-12-15 13:51:37,099]34 root -INFO -Create feature store folder if not available
[2022-12-15 13:51:37,100]38 root -INFO -Save df to feature store folder
[2022-12-15 13:51:39,574]43 root -INFO -split dataset into train and test set
[2022-12-15 13:51:40,145]47 root -INFO -create dataset directory folder if not available
[2022-12-15 13:51:40,145]52 root -INFO -Save df to feature store folder
[2022-12-15 13:51:42,394]64 root -INFO -Data ingestion artifact: DataIngestionArtifact(feature_store_file_path='/config/workspace/artifact/12152022__135123/data_ingestion/feature_store/sensor.csv', train_file_path='/config/workspace/artifact/12152022__135123/data_ingestion/dataset/train.csv', test_file_path='/config/workspace/artifact/12152022__135123/data_ingestion/dataset/test.csv')
[2022-12-15 13:51:42,787]21 root -INFO ->>>>>>>>>>>>>>>>>>>>>>>>>>>>>>>>>>>>>>>> Data Validation <<<<<<<<<<<<<<<<<<<<<<<<<<<<<<<<<<<<<<<<
[2022-12-15 13:51:42,787]110 root -INFO -Reading base dataframe
[2022-12-15 13:51:45,681]113 root -INFO -Replace na value in base df
[2022-12-15 13:51:45,681]115 root -INFO -Drop null values colums from base df
[2022-12-15 13:51:46,601]44 root -INFO -selecting column name which contains null above to 0.2
[2022-12-15 13:51:46,602]47 root -INFO -Columns to drop: ['ab_000', 'ad_000', 'bk_000', 'bl_000', 'bm_000', 'bn_000', 'bo_000', 'bp_000', 'bq_000', 'br_000', 'cf_000', 'cg_000', 'ch_000', 'co_000', 'cr_000', 'ct_000', 'cu_000', 'cv_000', 'cx_000', 'cy_000', 'cz_000', 'da_000', 'db_000', 'dc_000']
[2022-12-15 13:51:46,687]118 root -INFO -Reading train dataframe
[2022-12-15 13:51:47,074]120 root -INFO -Reading test dataframe
[2022-12-15 13:51:47,174]123 root -INFO -Drop null values colums from train df
[2022-12-15 13:51:47,186]44 root -INFO -selecting column name which contains null above to 0.2
[2022-12-15 13:51:47,186]47 root -INFO -Columns to drop: ['ab_000', 'ad_000', 'bk_000', 'bl_000', 'bm_000', 'bn_000', 'bo_000', 'bp_000', 'bq_000', 'br_000', 'cf_000', 'cg_000', 'ch_000', 'co_000', 'cr_000', 'ct_000', 'cu_000', 'cv_000', 'cx_000', 'cy_000', 'cz_000', 'da_000', 'db_000', 'dc_000']
[2022-12-15 13:51:47,195]125 root -INFO -Drop null values colums from test df
[2022-12-15 13:51:47,199]44 root -INFO -selecting column name which contains null above to 0.2
[2022-12-15 13:51:47,200]47 root -INFO -Columns to drop: ['ab_000', 'ad_000', 'bk_000', 'bl_000', 'bm_000', 'bn_000', 'bo_000', 'bp_000', 'bq_000', 'br_000', 'cf_000', 'cg_000', 'ch_000', 'co_000', 'cr_000', 'ct_000', 'cu_000', 'cv_000', 'cx_000', 'cy_000', 'cz_000', 'da_000', 'db_000', 'dc_000']
[2022-12-15 13:51:53,101]134 root -INFO -Is all required columns present in train df
[2022-12-15 13:51:53,101]136 root -INFO -Is all required columns present in test df
[2022-12-15 13:51:53,101]140 root -INFO -As all column are available in train df hence detecting data drift
[2022-12-15 13:51:53,102]88 root -INFO -Hypothesis class: object, object 
[2022-12-15 13:51:53,233]88 root -INFO -Hypothesis aa_000: float64, float64 
[2022-12-15 13:51:53,243]88 root -INFO -Hypothesis ac_000: float64, float64 
[2022-12-15 13:51:53,251]88 root -INFO -Hypothesis ae_000: float64, float64 
[2022-12-15 13:51:53,286]88 root -INFO -Hypothesis af_000: float64, float64 
[2022-12-15 13:51:53,321]88 root -INFO -Hypothesis ag_000: float64, float64 
[2022-12-15 13:51:53,356]88 root -INFO -Hypothesis ag_001: float64, float64 
[2022-12-15 13:51:53,391]88 root -INFO -Hypothesis ag_002: float64, float64 
[2022-12-15 13:51:53,425]88 root -INFO -Hypothesis ag_003: float64, float64 
[2022-12-15 13:51:53,431]88 root -INFO -Hypothesis ag_004: float64, float64 
[2022-12-15 13:51:53,441]88 root -INFO -Hypothesis ag_005: float64, float64 
[2022-12-15 13:51:53,452]88 root -INFO -Hypothesis ag_006: float64, float64 
[2022-12-15 13:51:53,462]88 root -INFO -Hypothesis ag_007: float64, float64 
[2022-12-15 13:51:53,472]88 root -INFO -Hypothesis ag_008: float64, float64 
[2022-12-15 13:51:53,480]88 root -INFO -Hypothesis ag_009: float64, float64 
[2022-12-15 13:51:53,518]88 root -INFO -Hypothesis ah_000: float64, float64 
[2022-12-15 13:51:53,528]88 root -INFO -Hypothesis ai_000: float64, float64 
[2022-12-15 13:51:53,563]88 root -INFO -Hypothesis aj_000: float64, float64 
[2022-12-15 13:51:53,600]88 root -INFO -Hypothesis ak_000: float64, float64 
[2022-12-15 13:51:53,634]88 root -INFO -Hypothesis al_000: float64, float64 
[2022-12-15 13:51:53,672]88 root -INFO -Hypothesis am_0: float64, float64 
[2022-12-15 13:51:53,709]88 root -INFO -Hypothesis an_000: float64, float64 
[2022-12-15 13:51:53,720]88 root -INFO -Hypothesis ao_000: float64, float64 
[2022-12-15 13:51:53,731]88 root -INFO -Hypothesis ap_000: float64, float64 
[2022-12-15 13:51:53,741]88 root -INFO -Hypothesis aq_000: float64, float64 
[2022-12-15 13:51:53,751]88 root -INFO -Hypothesis ar_000: float64, float64 
[2022-12-15 13:51:53,786]88 root -INFO -Hypothesis as_000: float64, float64 
[2022-12-15 13:51:53,820]88 root -INFO -Hypothesis at_000: float64, float64 
[2022-12-15 13:51:53,857]88 root -INFO -Hypothesis au_000: float64, float64 
[2022-12-15 13:51:53,892]88 root -INFO -Hypothesis av_000: float64, float64 
[2022-12-15 13:51:53,900]88 root -INFO -Hypothesis ax_000: float64, float64 
[2022-12-15 13:51:53,938]88 root -INFO -Hypothesis ay_000: float64, float64 
[2022-12-15 13:51:53,973]88 root -INFO -Hypothesis ay_001: float64, float64 
[2022-12-15 13:51:54,012]88 root -INFO -Hypothesis ay_002: float64, float64 
[2022-12-15 13:51:54,047]88 root -INFO -Hypothesis ay_003: float64, float64 
[2022-12-15 13:51:54,084]88 root -INFO -Hypothesis ay_004: float64, float64 
[2022-12-15 13:51:54,120]88 root -INFO -Hypothesis ay_005: float64, float64 
[2022-12-15 13:51:54,160]88 root -INFO -Hypothesis ay_006: float64, float64 
[2022-12-15 13:51:54,169]88 root -INFO -Hypothesis ay_007: float64, float64 
[2022-12-15 13:51:54,179]88 root -INFO -Hypothesis ay_008: float64, float64 
[2022-12-15 13:51:54,222]88 root -INFO -Hypothesis ay_009: float64, float64 
[2022-12-15 13:51:54,263]88 root -INFO -Hypothesis az_000: float64, float64 
[2022-12-15 13:51:54,274]88 root -INFO -Hypothesis az_001: float64, float64 
[2022-12-15 13:51:54,284]88 root -INFO -Hypothesis az_002: float64, float64 
[2022-12-15 13:51:54,294]88 root -INFO -Hypothesis az_003: float64, float64 
[2022-12-15 13:51:54,304]88 root -INFO -Hypothesis az_004: float64, float64 
[2022-12-15 13:51:54,315]88 root -INFO -Hypothesis az_005: float64, float64 
[2022-12-15 13:51:54,325]88 root -INFO -Hypothesis az_006: float64, float64 
[2022-12-15 13:51:54,334]88 root -INFO -Hypothesis az_007: float64, float64 
[2022-12-15 13:51:54,372]88 root -INFO -Hypothesis az_008: float64, float64 
[2022-12-15 13:51:54,407]88 root -INFO -Hypothesis az_009: float64, float64 
[2022-12-15 13:51:54,442]88 root -INFO -Hypothesis ba_000: float64, float64 
[2022-12-15 13:51:54,453]88 root -INFO -Hypothesis ba_001: float64, float64 
[2022-12-15 13:51:54,463]88 root -INFO -Hypothesis ba_002: float64, float64 
[2022-12-15 13:51:54,474]88 root -INFO -Hypothesis ba_003: float64, float64 
[2022-12-15 13:51:54,484]88 root -INFO -Hypothesis ba_004: float64, float64 
[2022-12-15 13:51:54,495]88 root -INFO -Hypothesis ba_005: float64, float64 
[2022-12-15 13:51:54,505]88 root -INFO -Hypothesis ba_006: float64, float64 
[2022-12-15 13:51:54,515]88 root -INFO -Hypothesis ba_007: float64, float64 
[2022-12-15 13:51:54,524]88 root -INFO -Hypothesis ba_008: float64, float64 
[2022-12-15 13:51:54,532]88 root -INFO -Hypothesis ba_009: float64, float64 
[2022-12-15 13:51:54,570]88 root -INFO -Hypothesis bb_000: float64, float64 
[2022-12-15 13:51:54,580]88 root -INFO -Hypothesis bc_000: float64, float64 
[2022-12-15 13:51:54,588]88 root -INFO -Hypothesis bd_000: float64, float64 
[2022-12-15 13:51:54,627]88 root -INFO -Hypothesis be_000: float64, float64 
[2022-12-15 13:51:54,635]88 root -INFO -Hypothesis bf_000: float64, float64 
[2022-12-15 13:51:54,642]88 root -INFO -Hypothesis bg_000: float64, float64 
[2022-12-15 13:51:54,652]88 root -INFO -Hypothesis bh_000: float64, float64 
[2022-12-15 13:51:54,663]88 root -INFO -Hypothesis bi_000: float64, float64 
[2022-12-15 13:51:54,673]88 root -INFO -Hypothesis bj_000: float64, float64 
[2022-12-15 13:51:54,684]88 root -INFO -Hypothesis bs_000: float64, float64 
[2022-12-15 13:51:54,726]88 root -INFO -Hypothesis bt_000: float64, float64 
[2022-12-15 13:51:54,736]88 root -INFO -Hypothesis bu_000: float64, float64 
[2022-12-15 13:51:54,747]88 root -INFO -Hypothesis bv_000: float64, float64 
[2022-12-15 13:51:54,757]88 root -INFO -Hypothesis bx_000: float64, float64 
[2022-12-15 13:51:54,767]88 root -INFO -Hypothesis by_000: float64, float64 
[2022-12-15 13:51:54,777]88 root -INFO -Hypothesis bz_000: float64, float64 
[2022-12-15 13:51:54,817]88 root -INFO -Hypothesis ca_000: float64, float64 
[2022-12-15 13:51:54,857]88 root -INFO -Hypothesis cb_000: float64, float64 
[2022-12-15 13:51:54,868]88 root -INFO -Hypothesis cc_000: float64, float64 
[2022-12-15 13:51:54,879]88 root -INFO -Hypothesis cd_000: float64, float64 
[2022-12-15 13:51:54,915]88 root -INFO -Hypothesis ce_000: float64, float64 
[2022-12-15 13:51:54,955]88 root -INFO -Hypothesis ci_000: float64, float64 
[2022-12-15 13:51:54,966]88 root -INFO -Hypothesis cj_000: float64, float64 
[2022-12-15 13:51:55,002]88 root -INFO -Hypothesis ck_000: float64, float64 
[2022-12-15 13:51:55,013]88 root -INFO -Hypothesis cl_000: float64, float64 
[2022-12-15 13:51:55,049]88 root -INFO -Hypothesis cm_000: float64, float64 
[2022-12-15 13:51:55,087]88 root -INFO -Hypothesis cn_000: float64, float64 
[2022-12-15 13:51:55,121]88 root -INFO -Hypothesis cn_001: float64, float64 
[2022-12-15 13:51:55,158]88 root -INFO -Hypothesis cn_002: float64, float64 
[2022-12-15 13:51:55,166]88 root -INFO -Hypothesis cn_003: float64, float64 
[2022-12-15 13:51:55,177]88 root -INFO -Hypothesis cn_004: float64, float64 
[2022-12-15 13:51:55,187]88 root -INFO -Hypothesis cn_005: float64, float64 
[2022-12-15 13:51:55,198]88 root -INFO -Hypothesis cn_006: float64, float64 
[2022-12-15 13:51:55,210]88 root -INFO -Hypothesis cn_007: float64, float64 
[2022-12-15 13:51:55,220]88 root -INFO -Hypothesis cn_008: float64, float64 
[2022-12-15 13:51:55,229]88 root -INFO -Hypothesis cn_009: float64, float64 
[2022-12-15 13:51:55,237]88 root -INFO -Hypothesis cp_000: float64, float64 
[2022-12-15 13:51:55,244]88 root -INFO -Hypothesis cq_000: float64, float64 
[2022-12-15 13:51:55,255]88 root -INFO -Hypothesis cs_000: float64, float64 
[2022-12-15 13:51:55,265]88 root -INFO -Hypothesis cs_001: float64, float64 
[2022-12-15 13:51:55,273]88 root -INFO -Hypothesis cs_002: float64, float64 
[2022-12-15 13:51:55,283]88 root -INFO -Hypothesis cs_003: float64, float64 
[2022-12-15 13:51:55,294]88 root -INFO -Hypothesis cs_004: float64, float64 
[2022-12-15 13:51:55,304]88 root -INFO -Hypothesis cs_005: float64, float64 
[2022-12-15 13:51:55,314]88 root -INFO -Hypothesis cs_006: float64, float64 
[2022-12-15 13:51:55,325]88 root -INFO -Hypothesis cs_007: float64, float64 
[2022-12-15 13:51:55,335]88 root -INFO -Hypothesis cs_008: float64, float64 
[2022-12-15 13:51:55,343]88 root -INFO -Hypothesis cs_009: float64, float64 
[2022-12-15 13:51:55,378]88 root -INFO -Hypothesis dd_000: float64, float64 
[2022-12-15 13:51:55,418]88 root -INFO -Hypothesis de_000: float64, float64 
[2022-12-15 13:51:55,426]88 root -INFO -Hypothesis df_000: float64, float64 
[2022-12-15 13:51:55,461]88 root -INFO -Hypothesis dg_000: float64, float64 
[2022-12-15 13:51:55,497]88 root -INFO -Hypothesis dh_000: float64, float64 
[2022-12-15 13:51:55,502]88 root -INFO -Hypothesis di_000: float64, float64 
[2022-12-15 13:51:55,508]88 root -INFO -Hypothesis dj_000: float64, float64 
[2022-12-15 13:51:55,543]88 root -INFO -Hypothesis dk_000: float64, float64 
[2022-12-15 13:51:55,579]88 root -INFO -Hypothesis dl_000: float64, float64 
[2022-12-15 13:51:55,614]88 root -INFO -Hypothesis dm_000: float64, float64 
[2022-12-15 13:51:55,650]88 root -INFO -Hypothesis dn_000: float64, float64 
[2022-12-15 13:51:55,660]88 root -INFO -Hypothesis do_000: float64, float64 
[2022-12-15 13:51:55,700]88 root -INFO -Hypothesis dp_000: float64, float64 
[2022-12-15 13:51:55,741]88 root -INFO -Hypothesis dq_000: float64, float64 
[2022-12-15 13:51:55,747]88 root -INFO -Hypothesis dr_000: float64, float64 
[2022-12-15 13:51:55,754]88 root -INFO -Hypothesis ds_000: float64, float64 
[2022-12-15 13:51:55,794]88 root -INFO -Hypothesis dt_000: float64, float64 
[2022-12-15 13:51:55,835]88 root -INFO -Hypothesis du_000: float64, float64 
[2022-12-15 13:51:55,876]88 root -INFO -Hypothesis dv_000: float64, float64 
[2022-12-15 13:51:55,916]88 root -INFO -Hypothesis dx_000: float64, float64 
[2022-12-15 13:51:55,923]88 root -INFO -Hypothesis dy_000: float64, float64 
[2022-12-15 13:51:55,929]88 root -INFO -Hypothesis dz_000: float64, float64 
[2022-12-15 13:51:55,964]88 root -INFO -Hypothesis ea_000: float64, float64 
[2022-12-15 13:51:55,999]88 root -INFO -Hypothesis eb_000: float64, float64 
[2022-12-15 13:51:56,038]88 root -INFO -Hypothesis ec_00: float64, float64 
[2022-12-15 13:51:56,048]88 root -INFO -Hypothesis ed_000: float64, float64 
[2022-12-15 13:51:56,057]88 root -INFO -Hypothesis ee_000: float64, float64 
[2022-12-15 13:51:56,067]88 root -INFO -Hypothesis ee_001: float64, float64 
[2022-12-15 13:51:56,078]88 root -INFO -Hypothesis ee_002: float64, float64 
[2022-12-15 13:51:56,088]88 root -INFO -Hypothesis ee_003: float64, float64 
[2022-12-15 13:51:56,098]88 root -INFO -Hypothesis ee_004: float64, float64 
[2022-12-15 13:51:56,109]88 root -INFO -Hypothesis ee_005: float64, float64 
[2022-12-15 13:51:56,119]88 root -INFO -Hypothesis ee_006: float64, float64 
[2022-12-15 13:51:56,129]88 root -INFO -Hypothesis ee_007: float64, float64 
[2022-12-15 13:51:56,171]88 root -INFO -Hypothesis ee_008: float64, float64 
[2022-12-15 13:51:56,181]88 root -INFO -Hypothesis ee_009: float64, float64 
[2022-12-15 13:51:56,220]88 root -INFO -Hypothesis ef_000: float64, float64 
[2022-12-15 13:51:56,255]88 root -INFO -Hypothesis eg_000: float64, float64 
[2022-12-15 13:51:56,290]143 root -INFO -As all column are available in test df hence detecting data drift
[2022-12-15 13:51:56,290]88 root -INFO -Hypothesis class: object, object 
[2022-12-15 13:51:56,365]88 root -INFO -Hypothesis aa_000: float64, float64 
[2022-12-15 13:51:56,372]88 root -INFO -Hypothesis ac_000: float64, float64 
[2022-12-15 13:51:56,377]88 root -INFO -Hypothesis ae_000: float64, float64 
[2022-12-15 13:51:56,392]88 root -INFO -Hypothesis af_000: float64, float64 
[2022-12-15 13:51:56,407]88 root -INFO -Hypothesis ag_000: float64, float64 
[2022-12-15 13:51:56,421]88 root -INFO -Hypothesis ag_001: float64, float64 
[2022-12-15 13:51:56,436]88 root -INFO -Hypothesis ag_002: float64, float64 
[2022-12-15 13:51:56,450]88 root -INFO -Hypothesis ag_003: float64, float64 
[2022-12-15 13:51:56,454]88 root -INFO -Hypothesis ag_004: float64, float64 
[2022-12-15 13:51:56,461]88 root -INFO -Hypothesis ag_005: float64, float64 
[2022-12-15 13:51:56,468]88 root -INFO -Hypothesis ag_006: float64, float64 
[2022-12-15 13:51:56,475]88 root -INFO -Hypothesis ag_007: float64, float64 
[2022-12-15 13:51:56,482]88 root -INFO -Hypothesis ag_008: float64, float64 
[2022-12-15 13:51:56,487]88 root -INFO -Hypothesis ag_009: float64, float64 
[2022-12-15 13:51:56,492]88 root -INFO -Hypothesis ah_000: float64, float64 
[2022-12-15 13:51:56,499]88 root -INFO -Hypothesis ai_000: float64, float64 
[2022-12-15 13:51:56,514]88 root -INFO -Hypothesis aj_000: float64, float64 
[2022-12-15 13:51:56,529]88 root -INFO -Hypothesis ak_000: float64, float64 
[2022-12-15 13:51:56,544]88 root -INFO -Hypothesis al_000: float64, float64 
[2022-12-15 13:51:56,549]88 root -INFO -Hypothesis am_0: float64, float64 
[2022-12-15 13:51:56,554]88 root -INFO -Hypothesis an_000: float64, float64 
[2022-12-15 13:51:56,562]88 root -INFO -Hypothesis ao_000: float64, float64 
[2022-12-15 13:51:56,569]88 root -INFO -Hypothesis ap_000: float64, float64 
[2022-12-15 13:51:56,576]88 root -INFO -Hypothesis aq_000: float64, float64 
[2022-12-15 13:51:56,583]88 root -INFO -Hypothesis ar_000: float64, float64 
[2022-12-15 13:51:56,599]88 root -INFO -Hypothesis as_000: float64, float64 
[2022-12-15 13:51:56,614]88 root -INFO -Hypothesis at_000: float64, float64 
[2022-12-15 13:51:56,618]88 root -INFO -Hypothesis au_000: float64, float64 
[2022-12-15 13:51:56,632]88 root -INFO -Hypothesis av_000: float64, float64 
[2022-12-15 13:51:56,638]88 root -INFO -Hypothesis ax_000: float64, float64 
[2022-12-15 13:51:56,643]88 root -INFO -Hypothesis ay_000: float64, float64 
[2022-12-15 13:51:56,657]88 root -INFO -Hypothesis ay_001: float64, float64 
[2022-12-15 13:51:56,672]88 root -INFO -Hypothesis ay_002: float64, float64 
[2022-12-15 13:51:56,686]88 root -INFO -Hypothesis ay_003: float64, float64 
[2022-12-15 13:51:56,701]88 root -INFO -Hypothesis ay_004: float64, float64 
[2022-12-15 13:51:56,715]88 root -INFO -Hypothesis ay_005: float64, float64 
[2022-12-15 13:51:56,720]88 root -INFO -Hypothesis ay_006: float64, float64 
[2022-12-15 13:51:56,727]88 root -INFO -Hypothesis ay_007: float64, float64 
[2022-12-15 13:51:56,733]88 root -INFO -Hypothesis ay_008: float64, float64 
[2022-12-15 13:51:56,740]88 root -INFO -Hypothesis ay_009: float64, float64 
[2022-12-15 13:51:56,755]88 root -INFO -Hypothesis az_000: float64, float64 
[2022-12-15 13:51:56,761]88 root -INFO -Hypothesis az_001: float64, float64 
[2022-12-15 13:51:56,768]88 root -INFO -Hypothesis az_002: float64, float64 
[2022-12-15 13:51:56,774]88 root -INFO -Hypothesis az_003: float64, float64 
[2022-12-15 13:51:56,781]88 root -INFO -Hypothesis az_004: float64, float64 
[2022-12-15 13:51:56,787]88 root -INFO -Hypothesis az_005: float64, float64 
[2022-12-15 13:51:56,795]88 root -INFO -Hypothesis az_006: float64, float64 
[2022-12-15 13:51:56,801]88 root -INFO -Hypothesis az_007: float64, float64 
[2022-12-15 13:51:56,805]88 root -INFO -Hypothesis az_008: float64, float64 
[2022-12-15 13:51:56,808]88 root -INFO -Hypothesis az_009: float64, float64 
[2022-12-15 13:51:56,823]88 root -INFO -Hypothesis ba_000: float64, float64 
[2022-12-15 13:51:56,830]88 root -INFO -Hypothesis ba_001: float64, float64 
[2022-12-15 13:51:56,837]88 root -INFO -Hypothesis ba_002: float64, float64 
[2022-12-15 13:51:56,844]88 root -INFO -Hypothesis ba_003: float64, float64 
[2022-12-15 13:51:56,855]88 root -INFO -Hypothesis ba_004: float64, float64 
[2022-12-15 13:51:56,862]88 root -INFO -Hypothesis ba_005: float64, float64 
[2022-12-15 13:51:56,868]88 root -INFO -Hypothesis ba_006: float64, float64 
[2022-12-15 13:51:56,875]88 root -INFO -Hypothesis ba_007: float64, float64 
[2022-12-15 13:51:56,881]88 root -INFO -Hypothesis ba_008: float64, float64 
[2022-12-15 13:51:56,887]88 root -INFO -Hypothesis ba_009: float64, float64 
[2022-12-15 13:51:56,891]88 root -INFO -Hypothesis bb_000: float64, float64 
[2022-12-15 13:51:56,898]88 root -INFO -Hypothesis bc_000: float64, float64 
[2022-12-15 13:51:56,904]88 root -INFO -Hypothesis bd_000: float64, float64 
[2022-12-15 13:51:56,909]88 root -INFO -Hypothesis be_000: float64, float64 
[2022-12-15 13:51:56,915]88 root -INFO -Hypothesis bf_000: float64, float64 
[2022-12-15 13:51:56,919]88 root -INFO -Hypothesis bg_000: float64, float64 
[2022-12-15 13:51:56,926]88 root -INFO -Hypothesis bh_000: float64, float64 
[2022-12-15 13:51:56,933]88 root -INFO -Hypothesis bi_000: float64, float64 
[2022-12-15 13:51:56,940]88 root -INFO -Hypothesis bj_000: float64, float64 
[2022-12-15 13:51:56,947]88 root -INFO -Hypothesis bs_000: float64, float64 
[2022-12-15 13:51:56,954]88 root -INFO -Hypothesis bt_000: float64, float64 
[2022-12-15 13:51:56,961]88 root -INFO -Hypothesis bu_000: float64, float64 
[2022-12-15 13:51:56,968]88 root -INFO -Hypothesis bv_000: float64, float64 
[2022-12-15 13:51:56,975]88 root -INFO -Hypothesis bx_000: float64, float64 
[2022-12-15 13:51:56,982]88 root -INFO -Hypothesis by_000: float64, float64 
[2022-12-15 13:51:56,989]88 root -INFO -Hypothesis bz_000: float64, float64 
[2022-12-15 13:51:56,995]88 root -INFO -Hypothesis ca_000: float64, float64 
[2022-12-15 13:51:57,002]88 root -INFO -Hypothesis cb_000: float64, float64 
[2022-12-15 13:51:57,009]88 root -INFO -Hypothesis cc_000: float64, float64 
[2022-12-15 13:51:57,016]88 root -INFO -Hypothesis cd_000: float64, float64 
[2022-12-15 13:51:57,031]88 root -INFO -Hypothesis ce_000: float64, float64 
[2022-12-15 13:51:57,038]88 root -INFO -Hypothesis ci_000: float64, float64 
[2022-12-15 13:51:57,045]88 root -INFO -Hypothesis cj_000: float64, float64 
[2022-12-15 13:51:57,049]88 root -INFO -Hypothesis ck_000: float64, float64 
[2022-12-15 13:51:57,056]88 root -INFO -Hypothesis cl_000: float64, float64 
[2022-12-15 13:51:57,060]88 root -INFO -Hypothesis cm_000: float64, float64 
[2022-12-15 13:51:57,065]88 root -INFO -Hypothesis cn_000: float64, float64 
[2022-12-15 13:51:57,079]88 root -INFO -Hypothesis cn_001: float64, float64 
[2022-12-15 13:51:57,095]88 root -INFO -Hypothesis cn_002: float64, float64 
[2022-12-15 13:51:57,101]88 root -INFO -Hypothesis cn_003: float64, float64 
[2022-12-15 13:51:57,108]88 root -INFO -Hypothesis cn_004: float64, float64 
[2022-12-15 13:51:57,116]88 root -INFO -Hypothesis cn_005: float64, float64 
[2022-12-15 13:51:57,123]88 root -INFO -Hypothesis cn_006: float64, float64 
[2022-12-15 13:51:57,130]88 root -INFO -Hypothesis cn_007: float64, float64 
[2022-12-15 13:51:57,136]88 root -INFO -Hypothesis cn_008: float64, float64 
[2022-12-15 13:51:57,142]88 root -INFO -Hypothesis cn_009: float64, float64 
[2022-12-15 13:51:57,147]88 root -INFO -Hypothesis cp_000: float64, float64 
[2022-12-15 13:51:57,153]88 root -INFO -Hypothesis cq_000: float64, float64 
[2022-12-15 13:51:57,159]88 root -INFO -Hypothesis cs_000: float64, float64 
[2022-12-15 13:51:57,166]88 root -INFO -Hypothesis cs_001: float64, float64 
[2022-12-15 13:51:57,172]88 root -INFO -Hypothesis cs_002: float64, float64 
[2022-12-15 13:51:57,179]88 root -INFO -Hypothesis cs_003: float64, float64 
[2022-12-15 13:51:57,186]88 root -INFO -Hypothesis cs_004: float64, float64 
[2022-12-15 13:51:57,193]88 root -INFO -Hypothesis cs_005: float64, float64 
[2022-12-15 13:51:57,200]88 root -INFO -Hypothesis cs_006: float64, float64 
[2022-12-15 13:51:57,207]88 root -INFO -Hypothesis cs_007: float64, float64 
[2022-12-15 13:51:57,214]88 root -INFO -Hypothesis cs_008: float64, float64 
[2022-12-15 13:51:57,219]88 root -INFO -Hypothesis cs_009: float64, float64 
[2022-12-15 13:51:57,237]88 root -INFO -Hypothesis dd_000: float64, float64 
[2022-12-15 13:51:57,243]88 root -INFO -Hypothesis de_000: float64, float64 
[2022-12-15 13:51:57,249]88 root -INFO -Hypothesis df_000: float64, float64 
[2022-12-15 13:51:57,265]88 root -INFO -Hypothesis dg_000: float64, float64 
[2022-12-15 13:51:57,280]88 root -INFO -Hypothesis dh_000: float64, float64 
[2022-12-15 13:51:57,283]88 root -INFO -Hypothesis di_000: float64, float64 
[2022-12-15 13:51:57,287]88 root -INFO -Hypothesis dj_000: float64, float64 
[2022-12-15 13:51:57,302]88 root -INFO -Hypothesis dk_000: float64, float64 
[2022-12-15 13:51:57,317]88 root -INFO -Hypothesis dl_000: float64, float64 
[2022-12-15 13:51:57,332]88 root -INFO -Hypothesis dm_000: float64, float64 
[2022-12-15 13:51:57,347]88 root -INFO -Hypothesis dn_000: float64, float64 
[2022-12-15 13:51:57,354]88 root -INFO -Hypothesis do_000: float64, float64 
[2022-12-15 13:51:57,361]88 root -INFO -Hypothesis dp_000: float64, float64 
[2022-12-15 13:51:57,367]88 root -INFO -Hypothesis dq_000: float64, float64 
[2022-12-15 13:51:57,371]88 root -INFO -Hypothesis dr_000: float64, float64 
[2022-12-15 13:51:57,376]88 root -INFO -Hypothesis ds_000: float64, float64 
[2022-12-15 13:51:57,382]88 root -INFO -Hypothesis dt_000: float64, float64 
[2022-12-15 13:51:57,389]88 root -INFO -Hypothesis du_000: float64, float64 
[2022-12-15 13:51:57,396]88 root -INFO -Hypothesis dv_000: float64, float64 
[2022-12-15 13:51:57,403]88 root -INFO -Hypothesis dx_000: float64, float64 
[2022-12-15 13:51:57,408]88 root -INFO -Hypothesis dy_000: float64, float64 
[2022-12-15 13:51:57,413]88 root -INFO -Hypothesis dz_000: float64, float64 
[2022-12-15 13:51:57,427]88 root -INFO -Hypothesis ea_000: float64, float64 
[2022-12-15 13:51:57,442]88 root -INFO -Hypothesis eb_000: float64, float64 
[2022-12-15 13:51:57,448]88 root -INFO -Hypothesis ec_00: float64, float64 
[2022-12-15 13:51:57,455]88 root -INFO -Hypothesis ed_000: float64, float64 
[2022-12-15 13:51:57,461]88 root -INFO -Hypothesis ee_000: float64, float64 
[2022-12-15 13:51:57,468]88 root -INFO -Hypothesis ee_001: float64, float64 
[2022-12-15 13:51:57,475]88 root -INFO -Hypothesis ee_002: float64, float64 
[2022-12-15 13:51:57,482]88 root -INFO -Hypothesis ee_003: float64, float64 
[2022-12-15 13:51:57,489]88 root -INFO -Hypothesis ee_004: float64, float64 
[2022-12-15 13:51:57,496]88 root -INFO -Hypothesis ee_005: float64, float64 
[2022-12-15 13:51:57,503]88 root -INFO -Hypothesis ee_006: float64, float64 
[2022-12-15 13:51:57,509]88 root -INFO -Hypothesis ee_007: float64, float64 
[2022-12-15 13:51:57,516]88 root -INFO -Hypothesis ee_008: float64, float64 
[2022-12-15 13:51:57,522]88 root -INFO -Hypothesis ee_009: float64, float64 
[2022-12-15 13:51:57,527]88 root -INFO -Hypothesis ef_000: float64, float64 
[2022-12-15 13:51:57,542]88 root -INFO -Hypothesis eg_000: float64, float64 
[2022-12-15 13:51:57,557]147 root -INFO -Write reprt in yaml file
[2022-12-15 13:51:57,627]152 root -INFO -Data validation artifact: DataValidationArtifact(report_file_path='/config/workspace/artifact/12152022__135123/data_validation/report.yaml')
