[2022-12-15 15:40:04,828]22 root -INFO -Exporting collection data as pandas dataframe
[2022-12-15 15:40:04,828]24 root -INFO -Reading data from database: APS and collection name Sensor
[2022-12-15 15:40:13,911]26 root -INFO -Found column: Index(['_id', 'class', 'aa_000', 'ab_000', 'ac_000', 'ad_000', 'ae_000',
       'af_000', 'ag_000', 'ag_001',
       ...
       'ee_002', 'ee_003', 'ee_004', 'ee_005', 'ee_006', 'ee_007', 'ee_008',
       'ee_009', 'ef_000', 'eg_000'],
      dtype='object', length=172)
[2022-12-15 15:40:13,912]28 root -INFO -Dropping column: _id
[2022-12-15 15:40:14,847]30 root -INFO -Row & column in df : (36188, 171)
[2022-12-15 15:40:14,849]28 root -INFO -Save data in feature store
[2022-12-15 15:40:16,317]34 root -INFO -Create feature store folder if not available
[2022-12-15 15:40:16,318]38 root -INFO -Save df to feature store folder
[2022-12-15 15:40:21,890]43 root -INFO -split dataset into train and test set
[2022-12-15 15:40:24,483]47 root -INFO -create dataset directory folder if not available
[2022-12-15 15:40:24,484]52 root -INFO -Save df to feature store folder
[2022-12-15 15:40:29,663]64 root -INFO -Data ingestion artifact: DataIngestionArtifact(feature_store_file_path='/config/workspace/artifact/12152022__154004/data_ingestion/feature_store/sensor.csv', train_file_path='/config/workspace/artifact/12152022__154004/data_ingestion/dataset/train.csv', test_file_path='/config/workspace/artifact/12152022__154004/data_ingestion/dataset/test.csv')
[2022-12-15 15:40:31,480]22 root -INFO -Exporting collection data as pandas dataframe
[2022-12-15 15:40:31,481]24 root -INFO -Reading data from database: APS and collection name Sensor
[2022-12-15 15:40:39,565]26 root -INFO -Found column: Index(['_id', 'class', 'aa_000', 'ab_000', 'ac_000', 'ad_000', 'ae_000',
       'af_000', 'ag_000', 'ag_001',
       ...
       'ee_002', 'ee_003', 'ee_004', 'ee_005', 'ee_006', 'ee_007', 'ee_008',
       'ee_009', 'ef_000', 'eg_000'],
      dtype='object', length=172)
[2022-12-15 15:40:39,565]28 root -INFO -Dropping column: _id
[2022-12-15 15:40:40,384]30 root -INFO -Row & column in df : (36188, 171)
[2022-12-15 15:40:40,384]28 root -INFO -Save data in feature store
[2022-12-15 15:40:41,802]34 root -INFO -Create feature store folder if not available
[2022-12-15 15:40:41,803]38 root -INFO -Save df to feature store folder
[2022-12-15 15:40:46,641]43 root -INFO -split dataset into train and test set
[2022-12-15 15:40:48,496]47 root -INFO -create dataset directory folder if not available
[2022-12-15 15:40:48,497]52 root -INFO -Save df to feature store folder
[2022-12-15 15:40:52,937]64 root -INFO -Data ingestion artifact: DataIngestionArtifact(feature_store_file_path='/config/workspace/artifact/12152022__154004/data_ingestion/feature_store/sensor.csv', train_file_path='/config/workspace/artifact/12152022__154004/data_ingestion/dataset/train.csv', test_file_path='/config/workspace/artifact/12152022__154004/data_ingestion/dataset/test.csv')
[2022-12-15 15:40:53,925]21 root -INFO ->>>>>>>>>>>>>>>>>>>>>>>>>>>>>>>>>>>>>>>> Data Validation <<<<<<<<<<<<<<<<<<<<<<<<<<<<<<<<<<<<<<<<
[2022-12-15 15:40:53,926]110 root -INFO -Reading base dataframe
[2022-12-15 15:40:59,606]113 root -INFO -Replace na value in base df
[2022-12-15 15:40:59,607]115 root -INFO -Drop null values colums from base df
[2022-12-15 15:41:01,219]44 root -INFO -selecting column name which contains null above to 0.2
[2022-12-15 15:41:01,221]47 root -INFO -Columns to drop: ['ab_000', 'ad_000', 'bk_000', 'bl_000', 'bm_000', 'bn_000', 'bo_000', 'bp_000', 'bq_000', 'br_000', 'cf_000', 'cg_000', 'ch_000', 'co_000', 'cr_000', 'ct_000', 'cu_000', 'cv_000', 'cx_000', 'cy_000', 'cz_000', 'da_000', 'db_000', 'dc_000']
[2022-12-15 15:41:01,385]118 root -INFO -Reading train dataframe
[2022-12-15 15:41:02,123]120 root -INFO -Reading test dataframe
[2022-12-15 15:41:02,329]123 root -INFO -Drop null values colums from train df
[2022-12-15 15:41:02,353]44 root -INFO -selecting column name which contains null above to 0.2
[2022-12-15 15:41:02,354]47 root -INFO -Columns to drop: ['ab_000', 'ad_000', 'bk_000', 'bl_000', 'bm_000', 'bn_000', 'bo_000', 'bp_000', 'bq_000', 'br_000', 'cf_000', 'cg_000', 'ch_000', 'co_000', 'cr_000', 'ct_000', 'cu_000', 'cv_000', 'cx_000', 'cy_000', 'cz_000', 'da_000', 'db_000', 'dc_000']
[2022-12-15 15:41:02,376]125 root -INFO -Drop null values colums from test df
[2022-12-15 15:41:02,383]44 root -INFO -selecting column name which contains null above to 0.2
[2022-12-15 15:41:02,384]47 root -INFO -Columns to drop: ['ab_000', 'ad_000', 'bk_000', 'bl_000', 'bm_000', 'bn_000', 'bo_000', 'bp_000', 'bq_000', 'br_000', 'cf_000', 'cg_000', 'ch_000', 'co_000', 'cr_000', 'ct_000', 'cu_000', 'cv_000', 'cx_000', 'cy_000', 'cz_000', 'da_000', 'db_000', 'dc_000']
[2022-12-15 15:41:14,119]134 root -INFO -Is all required columns present in train df
[2022-12-15 15:41:14,122]136 root -INFO -Is all required columns present in test df
[2022-12-15 15:41:14,123]140 root -INFO -As all column are available in train df hence detecting data drift
[2022-12-15 15:41:14,124]88 root -INFO -Hypothesis class: object, object 
[2022-12-15 15:41:14,331]88 root -INFO -Hypothesis aa_000: float64, float64 
[2022-12-15 15:41:14,388]88 root -INFO -Hypothesis ac_000: float64, float64 
[2022-12-15 15:41:14,445]88 root -INFO -Hypothesis ae_000: float64, float64 
[2022-12-15 15:41:14,496]88 root -INFO -Hypothesis af_000: float64, float64 
[2022-12-15 15:41:14,547]88 root -INFO -Hypothesis ag_000: float64, float64 
[2022-12-15 15:41:14,596]88 root -INFO -Hypothesis ag_001: float64, float64 
[2022-12-15 15:41:14,645]88 root -INFO -Hypothesis ag_002: float64, float64 
[2022-12-15 15:41:14,696]88 root -INFO -Hypothesis ag_003: float64, float64 
[2022-12-15 15:41:14,748]88 root -INFO -Hypothesis ag_004: float64, float64 
[2022-12-15 15:41:14,763]88 root -INFO -Hypothesis ag_005: float64, float64 
[2022-12-15 15:41:14,778]88 root -INFO -Hypothesis ag_006: float64, float64 
[2022-12-15 15:41:14,838]88 root -INFO -Hypothesis ag_007: float64, float64 
[2022-12-15 15:41:14,852]88 root -INFO -Hypothesis ag_008: float64, float64 
[2022-12-15 15:41:14,908]88 root -INFO -Hypothesis ag_009: float64, float64 
[2022-12-15 15:41:14,962]88 root -INFO -Hypothesis ah_000: float64, float64 
[2022-12-15 15:41:15,019]88 root -INFO -Hypothesis ai_000: float64, float64 
[2022-12-15 15:41:15,068]88 root -INFO -Hypothesis aj_000: float64, float64 
[2022-12-15 15:41:15,120]88 root -INFO -Hypothesis ak_000: float64, float64 
[2022-12-15 15:41:15,170]88 root -INFO -Hypothesis al_000: float64, float64 
[2022-12-15 15:41:15,223]88 root -INFO -Hypothesis am_0: float64, float64 
[2022-12-15 15:41:15,277]88 root -INFO -Hypothesis an_000: float64, float64 
[2022-12-15 15:41:15,292]88 root -INFO -Hypothesis ao_000: float64, float64 
[2022-12-15 15:41:15,350]88 root -INFO -Hypothesis ap_000: float64, float64 
[2022-12-15 15:41:15,366]88 root -INFO -Hypothesis aq_000: float64, float64 
[2022-12-15 15:41:15,425]88 root -INFO -Hypothesis ar_000: float64, float64 
[2022-12-15 15:41:15,475]88 root -INFO -Hypothesis as_000: float64, float64 
[2022-12-15 15:41:15,525]88 root -INFO -Hypothesis at_000: float64, float64 
[2022-12-15 15:41:15,574]88 root -INFO -Hypothesis au_000: float64, float64 
[2022-12-15 15:41:15,623]88 root -INFO -Hypothesis av_000: float64, float64 
[2022-12-15 15:41:15,637]88 root -INFO -Hypothesis ax_000: float64, float64 
[2022-12-15 15:41:15,649]88 root -INFO -Hypothesis ay_000: float64, float64 
[2022-12-15 15:41:15,699]88 root -INFO -Hypothesis ay_001: float64, float64 
[2022-12-15 15:41:15,749]88 root -INFO -Hypothesis ay_002: float64, float64 
[2022-12-15 15:41:15,799]88 root -INFO -Hypothesis ay_003: float64, float64 
[2022-12-15 15:41:15,848]88 root -INFO -Hypothesis ay_004: float64, float64 
[2022-12-15 15:41:15,898]88 root -INFO -Hypothesis ay_005: float64, float64 
[2022-12-15 15:41:15,910]88 root -INFO -Hypothesis ay_006: float64, float64 
[2022-12-15 15:41:15,924]88 root -INFO -Hypothesis ay_007: float64, float64 
[2022-12-15 15:41:15,938]88 root -INFO -Hypothesis ay_008: float64, float64 
[2022-12-15 15:41:15,995]88 root -INFO -Hypothesis ay_009: float64, float64 
[2022-12-15 15:41:16,044]88 root -INFO -Hypothesis az_000: float64, float64 
[2022-12-15 15:41:16,058]88 root -INFO -Hypothesis az_001: float64, float64 
[2022-12-15 15:41:16,073]88 root -INFO -Hypothesis az_002: float64, float64 
[2022-12-15 15:41:16,129]88 root -INFO -Hypothesis az_003: float64, float64 
[2022-12-15 15:41:16,193]88 root -INFO -Hypothesis az_004: float64, float64 
[2022-12-15 15:41:16,209]88 root -INFO -Hypothesis az_005: float64, float64 
[2022-12-15 15:41:16,267]88 root -INFO -Hypothesis az_006: float64, float64 
[2022-12-15 15:41:16,322]88 root -INFO -Hypothesis az_007: float64, float64 
[2022-12-15 15:41:16,375]88 root -INFO -Hypothesis az_008: float64, float64 
[2022-12-15 15:41:16,425]88 root -INFO -Hypothesis az_009: float64, float64 
[2022-12-15 15:41:16,473]88 root -INFO -Hypothesis ba_000: float64, float64 
[2022-12-15 15:41:16,529]88 root -INFO -Hypothesis ba_001: float64, float64 
[2022-12-15 15:41:16,587]88 root -INFO -Hypothesis ba_002: float64, float64 
[2022-12-15 15:41:16,645]88 root -INFO -Hypothesis ba_003: float64, float64 
[2022-12-15 15:41:16,702]88 root -INFO -Hypothesis ba_004: float64, float64 
[2022-12-15 15:41:16,758]88 root -INFO -Hypothesis ba_005: float64, float64 
[2022-12-15 15:41:16,815]88 root -INFO -Hypothesis ba_006: float64, float64 
[2022-12-15 15:41:16,831]88 root -INFO -Hypothesis ba_007: float64, float64 
[2022-12-15 15:41:16,845]88 root -INFO -Hypothesis ba_008: float64, float64 
[2022-12-15 15:41:16,858]88 root -INFO -Hypothesis ba_009: float64, float64 
[2022-12-15 15:41:16,909]88 root -INFO -Hypothesis bb_000: float64, float64 
[2022-12-15 15:41:16,967]88 root -INFO -Hypothesis bc_000: float64, float64 
[2022-12-15 15:41:16,979]88 root -INFO -Hypothesis bd_000: float64, float64 
[2022-12-15 15:41:16,992]88 root -INFO -Hypothesis be_000: float64, float64 
[2022-12-15 15:41:17,006]88 root -INFO -Hypothesis bf_000: float64, float64 
[2022-12-15 15:41:17,057]88 root -INFO -Hypothesis bg_000: float64, float64 
[2022-12-15 15:41:17,115]88 root -INFO -Hypothesis bh_000: float64, float64 
[2022-12-15 15:41:17,171]88 root -INFO -Hypothesis bi_000: float64, float64 
[2022-12-15 15:41:17,228]88 root -INFO -Hypothesis bj_000: float64, float64 
[2022-12-15 15:41:17,287]88 root -INFO -Hypothesis bs_000: float64, float64 
[2022-12-15 15:41:17,302]88 root -INFO -Hypothesis bt_000: float64, float64 
[2022-12-15 15:41:17,359]88 root -INFO -Hypothesis bu_000: float64, float64 
[2022-12-15 15:41:17,416]88 root -INFO -Hypothesis bv_000: float64, float64 
[2022-12-15 15:41:17,473]88 root -INFO -Hypothesis bx_000: float64, float64 
[2022-12-15 15:41:17,528]88 root -INFO -Hypothesis by_000: float64, float64 
[2022-12-15 15:41:17,585]88 root -INFO -Hypothesis bz_000: float64, float64 
[2022-12-15 15:41:17,599]88 root -INFO -Hypothesis ca_000: float64, float64 
[2022-12-15 15:41:17,614]88 root -INFO -Hypothesis cb_000: float64, float64 
[2022-12-15 15:41:17,629]88 root -INFO -Hypothesis cc_000: float64, float64 
[2022-12-15 15:41:17,686]88 root -INFO -Hypothesis cd_000: float64, float64 
[2022-12-15 15:41:17,736]88 root -INFO -Hypothesis ce_000: float64, float64 
[2022-12-15 15:41:17,750]88 root -INFO -Hypothesis ci_000: float64, float64 
[2022-12-15 15:41:17,806]88 root -INFO -Hypothesis cj_000: float64, float64 
[2022-12-15 15:41:17,856]88 root -INFO -Hypothesis ck_000: float64, float64 
[2022-12-15 15:41:17,912]88 root -INFO -Hypothesis cl_000: float64, float64 
[2022-12-15 15:41:17,922]88 root -INFO -Hypothesis cm_000: float64, float64 
[2022-12-15 15:41:17,934]88 root -INFO -Hypothesis cn_000: float64, float64 
[2022-12-15 15:41:17,981]88 root -INFO -Hypothesis cn_001: float64, float64 
[2022-12-15 15:41:18,033]88 root -INFO -Hypothesis cn_002: float64, float64 
[2022-12-15 15:41:18,087]88 root -INFO -Hypothesis cn_003: float64, float64 
[2022-12-15 15:41:18,102]88 root -INFO -Hypothesis cn_004: float64, float64 
[2022-12-15 15:41:18,160]88 root -INFO -Hypothesis cn_005: float64, float64 
[2022-12-15 15:41:18,217]88 root -INFO -Hypothesis cn_006: float64, float64 
[2022-12-15 15:41:18,273]88 root -INFO -Hypothesis cn_007: float64, float64 
[2022-12-15 15:41:18,328]88 root -INFO -Hypothesis cn_008: float64, float64 
[2022-12-15 15:41:18,385]88 root -INFO -Hypothesis cn_009: float64, float64 
[2022-12-15 15:41:18,438]88 root -INFO -Hypothesis cp_000: float64, float64 
[2022-12-15 15:41:18,450]88 root -INFO -Hypothesis cq_000: float64, float64 
[2022-12-15 15:41:18,507]88 root -INFO -Hypothesis cs_000: float64, float64 
[2022-12-15 15:41:18,565]88 root -INFO -Hypothesis cs_001: float64, float64 
[2022-12-15 15:41:18,619]88 root -INFO -Hypothesis cs_002: float64, float64 
[2022-12-15 15:41:18,676]88 root -INFO -Hypothesis cs_003: float64, float64 
[2022-12-15 15:41:18,732]88 root -INFO -Hypothesis cs_004: float64, float64 
[2022-12-15 15:41:18,789]88 root -INFO -Hypothesis cs_005: float64, float64 
[2022-12-15 15:41:18,845]88 root -INFO -Hypothesis cs_006: float64, float64 
[2022-12-15 15:41:18,861]88 root -INFO -Hypothesis cs_007: float64, float64 
[2022-12-15 15:41:18,876]88 root -INFO -Hypothesis cs_008: float64, float64 
[2022-12-15 15:41:18,929]88 root -INFO -Hypothesis cs_009: float64, float64 
[2022-12-15 15:41:18,979]88 root -INFO -Hypothesis dd_000: float64, float64 
[2022-12-15 15:41:18,993]88 root -INFO -Hypothesis de_000: float64, float64 
[2022-12-15 15:41:19,050]88 root -INFO -Hypothesis df_000: float64, float64 
[2022-12-15 15:41:19,099]88 root -INFO -Hypothesis dg_000: float64, float64 
[2022-12-15 15:41:19,149]88 root -INFO -Hypothesis dh_000: float64, float64 
[2022-12-15 15:41:19,159]88 root -INFO -Hypothesis di_000: float64, float64 
[2022-12-15 15:41:19,211]88 root -INFO -Hypothesis dj_000: float64, float64 
[2022-12-15 15:41:19,261]88 root -INFO -Hypothesis dk_000: float64, float64 
[2022-12-15 15:41:19,311]88 root -INFO -Hypothesis dl_000: float64, float64 
[2022-12-15 15:41:19,361]88 root -INFO -Hypothesis dm_000: float64, float64 
[2022-12-15 15:41:19,419]88 root -INFO -Hypothesis dn_000: float64, float64 
[2022-12-15 15:41:19,477]88 root -INFO -Hypothesis do_000: float64, float64 
[2022-12-15 15:41:19,491]88 root -INFO -Hypothesis dp_000: float64, float64 
[2022-12-15 15:41:19,505]88 root -INFO -Hypothesis dq_000: float64, float64 
[2022-12-15 15:41:19,557]88 root -INFO -Hypothesis dr_000: float64, float64 
[2022-12-15 15:41:19,609]88 root -INFO -Hypothesis ds_000: float64, float64 
[2022-12-15 15:41:19,665]88 root -INFO -Hypothesis dt_000: float64, float64 
[2022-12-15 15:41:19,721]88 root -INFO -Hypothesis du_000: float64, float64 
[2022-12-15 15:41:19,778]88 root -INFO -Hypothesis dv_000: float64, float64 
[2022-12-15 15:41:19,834]88 root -INFO -Hypothesis dx_000: float64, float64 
[2022-12-15 15:41:19,887]88 root -INFO -Hypothesis dy_000: float64, float64 
[2022-12-15 15:41:19,939]88 root -INFO -Hypothesis dz_000: float64, float64 
[2022-12-15 15:41:19,988]88 root -INFO -Hypothesis ea_000: float64, float64 
[2022-12-15 15:41:20,037]88 root -INFO -Hypothesis eb_000: float64, float64 
[2022-12-15 15:41:20,090]88 root -INFO -Hypothesis ec_00: float64, float64 
[2022-12-15 15:41:20,146]88 root -INFO -Hypothesis ed_000: float64, float64 
[2022-12-15 15:41:20,201]88 root -INFO -Hypothesis ee_000: float64, float64 
[2022-12-15 15:41:20,257]88 root -INFO -Hypothesis ee_001: float64, float64 
[2022-12-15 15:41:20,315]88 root -INFO -Hypothesis ee_002: float64, float64 
[2022-12-15 15:41:20,330]88 root -INFO -Hypothesis ee_003: float64, float64 
[2022-12-15 15:41:20,345]88 root -INFO -Hypothesis ee_004: float64, float64 
[2022-12-15 15:41:20,402]88 root -INFO -Hypothesis ee_005: float64, float64 
[2022-12-15 15:41:20,458]88 root -INFO -Hypothesis ee_006: float64, float64 
[2022-12-15 15:41:20,517]88 root -INFO -Hypothesis ee_007: float64, float64 
[2022-12-15 15:41:20,575]88 root -INFO -Hypothesis ee_008: float64, float64 
[2022-12-15 15:41:20,589]88 root -INFO -Hypothesis ee_009: float64, float64 
[2022-12-15 15:41:20,642]88 root -INFO -Hypothesis ef_000: float64, float64 
[2022-12-15 15:41:20,692]88 root -INFO -Hypothesis eg_000: float64, float64 
[2022-12-15 15:41:20,741]143 root -INFO -As all column are available in test df hence detecting data drift
[2022-12-15 15:41:20,742]88 root -INFO -Hypothesis class: object, object 
[2022-12-15 15:41:20,858]88 root -INFO -Hypothesis aa_000: float64, float64 
[2022-12-15 15:41:20,868]88 root -INFO -Hypothesis ac_000: float64, float64 
[2022-12-15 15:41:20,877]88 root -INFO -Hypothesis ae_000: float64, float64 
[2022-12-15 15:41:20,883]88 root -INFO -Hypothesis af_000: float64, float64 
[2022-12-15 15:41:20,889]88 root -INFO -Hypothesis ag_000: float64, float64 
[2022-12-15 15:41:20,910]88 root -INFO -Hypothesis ag_001: float64, float64 
[2022-12-15 15:41:20,932]88 root -INFO -Hypothesis ag_002: float64, float64 
[2022-12-15 15:41:20,954]88 root -INFO -Hypothesis ag_003: float64, float64 
[2022-12-15 15:41:20,977]88 root -INFO -Hypothesis ag_004: float64, float64 
[2022-12-15 15:41:20,987]88 root -INFO -Hypothesis ag_005: float64, float64 
[2022-12-15 15:41:20,998]88 root -INFO -Hypothesis ag_006: float64, float64 
[2022-12-15 15:41:21,009]88 root -INFO -Hypothesis ag_007: float64, float64 
[2022-12-15 15:41:21,018]88 root -INFO -Hypothesis ag_008: float64, float64 
[2022-12-15 15:41:21,027]88 root -INFO -Hypothesis ag_009: float64, float64 
[2022-12-15 15:41:21,035]88 root -INFO -Hypothesis ah_000: float64, float64 
[2022-12-15 15:41:21,046]88 root -INFO -Hypothesis ai_000: float64, float64 
[2022-12-15 15:41:21,053]88 root -INFO -Hypothesis aj_000: float64, float64 
[2022-12-15 15:41:21,060]88 root -INFO -Hypothesis ak_000: float64, float64 
[2022-12-15 15:41:21,082]88 root -INFO -Hypothesis al_000: float64, float64 
[2022-12-15 15:41:21,090]88 root -INFO -Hypothesis am_0: float64, float64 
[2022-12-15 15:41:21,098]88 root -INFO -Hypothesis an_000: float64, float64 
[2022-12-15 15:41:21,109]88 root -INFO -Hypothesis ao_000: float64, float64 
[2022-12-15 15:41:21,119]88 root -INFO -Hypothesis ap_000: float64, float64 
[2022-12-15 15:41:21,130]88 root -INFO -Hypothesis aq_000: float64, float64 
[2022-12-15 15:41:21,141]88 root -INFO -Hypothesis ar_000: float64, float64 
[2022-12-15 15:41:21,163]88 root -INFO -Hypothesis as_000: float64, float64 
[2022-12-15 15:41:21,185]88 root -INFO -Hypothesis at_000: float64, float64 
[2022-12-15 15:41:21,207]88 root -INFO -Hypothesis au_000: float64, float64 
[2022-12-15 15:41:21,229]88 root -INFO -Hypothesis av_000: float64, float64 
[2022-12-15 15:41:21,238]88 root -INFO -Hypothesis ax_000: float64, float64 
[2022-12-15 15:41:21,247]88 root -INFO -Hypothesis ay_000: float64, float64 
[2022-12-15 15:41:21,269]88 root -INFO -Hypothesis ay_001: float64, float64 
[2022-12-15 15:41:21,290]88 root -INFO -Hypothesis ay_002: float64, float64 
[2022-12-15 15:41:21,313]88 root -INFO -Hypothesis ay_003: float64, float64 
[2022-12-15 15:41:21,335]88 root -INFO -Hypothesis ay_004: float64, float64 
[2022-12-15 15:41:21,357]88 root -INFO -Hypothesis ay_005: float64, float64 
[2022-12-15 15:41:21,366]88 root -INFO -Hypothesis ay_006: float64, float64 
[2022-12-15 15:41:21,375]88 root -INFO -Hypothesis ay_007: float64, float64 
[2022-12-15 15:41:21,386]88 root -INFO -Hypothesis ay_008: float64, float64 
[2022-12-15 15:41:21,396]88 root -INFO -Hypothesis ay_009: float64, float64 
[2022-12-15 15:41:21,418]88 root -INFO -Hypothesis az_000: float64, float64 
[2022-12-15 15:41:21,428]88 root -INFO -Hypothesis az_001: float64, float64 
[2022-12-15 15:41:21,438]88 root -INFO -Hypothesis az_002: float64, float64 
[2022-12-15 15:41:21,448]88 root -INFO -Hypothesis az_003: float64, float64 
[2022-12-15 15:41:21,458]88 root -INFO -Hypothesis az_004: float64, float64 
[2022-12-15 15:41:21,468]88 root -INFO -Hypothesis az_005: float64, float64 
[2022-12-15 15:41:21,479]88 root -INFO -Hypothesis az_006: float64, float64 
[2022-12-15 15:41:21,489]88 root -INFO -Hypothesis az_007: float64, float64 
[2022-12-15 15:41:21,495]88 root -INFO -Hypothesis az_008: float64, float64 
[2022-12-15 15:41:21,502]88 root -INFO -Hypothesis az_009: float64, float64 
[2022-12-15 15:41:21,524]88 root -INFO -Hypothesis ba_000: float64, float64 
[2022-12-15 15:41:21,535]88 root -INFO -Hypothesis ba_001: float64, float64 
[2022-12-15 15:41:21,546]88 root -INFO -Hypothesis ba_002: float64, float64 
[2022-12-15 15:41:21,556]88 root -INFO -Hypothesis ba_003: float64, float64 
[2022-12-15 15:41:21,567]88 root -INFO -Hypothesis ba_004: float64, float64 
[2022-12-15 15:41:21,577]88 root -INFO -Hypothesis ba_005: float64, float64 
[2022-12-15 15:41:21,588]88 root -INFO -Hypothesis ba_006: float64, float64 
[2022-12-15 15:41:21,598]88 root -INFO -Hypothesis ba_007: float64, float64 
[2022-12-15 15:41:21,608]88 root -INFO -Hypothesis ba_008: float64, float64 
[2022-12-15 15:41:21,617]88 root -INFO -Hypothesis ba_009: float64, float64 
[2022-12-15 15:41:21,641]88 root -INFO -Hypothesis bb_000: float64, float64 
[2022-12-15 15:41:21,652]88 root -INFO -Hypothesis bc_000: float64, float64 
[2022-12-15 15:41:21,661]88 root -INFO -Hypothesis bd_000: float64, float64 
[2022-12-15 15:41:21,670]88 root -INFO -Hypothesis be_000: float64, float64 
[2022-12-15 15:41:21,679]88 root -INFO -Hypothesis bf_000: float64, float64 
[2022-12-15 15:41:21,687]88 root -INFO -Hypothesis bg_000: float64, float64 
[2022-12-15 15:41:21,698]88 root -INFO -Hypothesis bh_000: float64, float64 
[2022-12-15 15:41:21,709]88 root -INFO -Hypothesis bi_000: float64, float64 
[2022-12-15 15:41:21,720]88 root -INFO -Hypothesis bj_000: float64, float64 
[2022-12-15 15:41:21,731]88 root -INFO -Hypothesis bs_000: float64, float64 
[2022-12-15 15:41:21,741]88 root -INFO -Hypothesis bt_000: float64, float64 
[2022-12-15 15:41:21,752]88 root -INFO -Hypothesis bu_000: float64, float64 
[2022-12-15 15:41:21,763]88 root -INFO -Hypothesis bv_000: float64, float64 
[2022-12-15 15:41:21,774]88 root -INFO -Hypothesis bx_000: float64, float64 
[2022-12-15 15:41:21,784]88 root -INFO -Hypothesis by_000: float64, float64 
[2022-12-15 15:41:21,794]88 root -INFO -Hypothesis bz_000: float64, float64 
[2022-12-15 15:41:21,804]88 root -INFO -Hypothesis ca_000: float64, float64 
[2022-12-15 15:41:21,814]88 root -INFO -Hypothesis cb_000: float64, float64 
[2022-12-15 15:41:21,825]88 root -INFO -Hypothesis cc_000: float64, float64 
[2022-12-15 15:41:21,836]88 root -INFO -Hypothesis cd_000: float64, float64 
[2022-12-15 15:41:21,858]88 root -INFO -Hypothesis ce_000: float64, float64 
[2022-12-15 15:41:21,868]88 root -INFO -Hypothesis ci_000: float64, float64 
[2022-12-15 15:41:21,878]88 root -INFO -Hypothesis cj_000: float64, float64 
[2022-12-15 15:41:21,886]88 root -INFO -Hypothesis ck_000: float64, float64 
[2022-12-15 15:41:21,896]88 root -INFO -Hypothesis cl_000: float64, float64 
[2022-12-15 15:41:21,904]88 root -INFO -Hypothesis cm_000: float64, float64 
[2022-12-15 15:41:21,912]88 root -INFO -Hypothesis cn_000: float64, float64 
[2022-12-15 15:41:21,934]88 root -INFO -Hypothesis cn_001: float64, float64 
[2022-12-15 15:41:21,941]88 root -INFO -Hypothesis cn_002: float64, float64 
[2022-12-15 15:41:21,950]88 root -INFO -Hypothesis cn_003: float64, float64 
[2022-12-15 15:41:21,961]88 root -INFO -Hypothesis cn_004: float64, float64 
[2022-12-15 15:41:21,971]88 root -INFO -Hypothesis cn_005: float64, float64 
[2022-12-15 15:41:21,982]88 root -INFO -Hypothesis cn_006: float64, float64 
[2022-12-15 15:41:21,992]88 root -INFO -Hypothesis cn_007: float64, float64 
[2022-12-15 15:41:22,002]88 root -INFO -Hypothesis cn_008: float64, float64 
[2022-12-15 15:41:22,012]88 root -INFO -Hypothesis cn_009: float64, float64 
[2022-12-15 15:41:22,021]88 root -INFO -Hypothesis cp_000: float64, float64 
[2022-12-15 15:41:22,029]88 root -INFO -Hypothesis cq_000: float64, float64 
[2022-12-15 15:41:22,040]88 root -INFO -Hypothesis cs_000: float64, float64 
[2022-12-15 15:41:22,050]88 root -INFO -Hypothesis cs_001: float64, float64 
[2022-12-15 15:41:22,060]88 root -INFO -Hypothesis cs_002: float64, float64 
[2022-12-15 15:41:22,070]88 root -INFO -Hypothesis cs_003: float64, float64 
[2022-12-15 15:41:22,081]88 root -INFO -Hypothesis cs_004: float64, float64 
[2022-12-15 15:41:22,091]88 root -INFO -Hypothesis cs_005: float64, float64 
[2022-12-15 15:41:22,102]88 root -INFO -Hypothesis cs_006: float64, float64 
[2022-12-15 15:41:22,113]88 root -INFO -Hypothesis cs_007: float64, float64 
[2022-12-15 15:41:22,124]88 root -INFO -Hypothesis cs_008: float64, float64 
[2022-12-15 15:41:22,133]88 root -INFO -Hypothesis cs_009: float64, float64 
[2022-12-15 15:41:22,155]88 root -INFO -Hypothesis dd_000: float64, float64 
[2022-12-15 15:41:22,165]88 root -INFO -Hypothesis de_000: float64, float64 
[2022-12-15 15:41:22,174]88 root -INFO -Hypothesis df_000: float64, float64 
[2022-12-15 15:41:22,197]88 root -INFO -Hypothesis dg_000: float64, float64 
[2022-12-15 15:41:22,220]88 root -INFO -Hypothesis dh_000: float64, float64 
[2022-12-15 15:41:22,227]88 root -INFO -Hypothesis di_000: float64, float64 
[2022-12-15 15:41:22,234]88 root -INFO -Hypothesis dj_000: float64, float64 
[2022-12-15 15:41:22,257]88 root -INFO -Hypothesis dk_000: float64, float64 
[2022-12-15 15:41:22,279]88 root -INFO -Hypothesis dl_000: float64, float64 
[2022-12-15 15:41:22,302]88 root -INFO -Hypothesis dm_000: float64, float64 
[2022-12-15 15:41:22,325]88 root -INFO -Hypothesis dn_000: float64, float64 
[2022-12-15 15:41:22,335]88 root -INFO -Hypothesis do_000: float64, float64 
[2022-12-15 15:41:22,345]88 root -INFO -Hypothesis dp_000: float64, float64 
[2022-12-15 15:41:22,354]88 root -INFO -Hypothesis dq_000: float64, float64 
[2022-12-15 15:41:22,362]88 root -INFO -Hypothesis dr_000: float64, float64 
[2022-12-15 15:41:22,369]88 root -INFO -Hypothesis ds_000: float64, float64 
[2022-12-15 15:41:22,379]88 root -INFO -Hypothesis dt_000: float64, float64 
[2022-12-15 15:41:22,389]88 root -INFO -Hypothesis du_000: float64, float64 
[2022-12-15 15:41:22,399]88 root -INFO -Hypothesis dv_000: float64, float64 
[2022-12-15 15:41:22,410]88 root -INFO -Hypothesis dx_000: float64, float64 
[2022-12-15 15:41:22,418]88 root -INFO -Hypothesis dy_000: float64, float64 
[2022-12-15 15:41:22,426]88 root -INFO -Hypothesis dz_000: float64, float64 
[2022-12-15 15:41:22,448]88 root -INFO -Hypothesis ea_000: float64, float64 
[2022-12-15 15:41:22,470]88 root -INFO -Hypothesis eb_000: float64, float64 
[2022-12-15 15:41:22,479]88 root -INFO -Hypothesis ec_00: float64, float64 
[2022-12-15 15:41:22,489]88 root -INFO -Hypothesis ed_000: float64, float64 
[2022-12-15 15:41:22,498]88 root -INFO -Hypothesis ee_000: float64, float64 
[2022-12-15 15:41:22,510]88 root -INFO -Hypothesis ee_001: float64, float64 
[2022-12-15 15:41:22,520]88 root -INFO -Hypothesis ee_002: float64, float64 
[2022-12-15 15:41:22,531]88 root -INFO -Hypothesis ee_003: float64, float64 
[2022-12-15 15:41:22,541]88 root -INFO -Hypothesis ee_004: float64, float64 
[2022-12-15 15:41:22,551]88 root -INFO -Hypothesis ee_005: float64, float64 
[2022-12-15 15:41:22,562]88 root -INFO -Hypothesis ee_006: float64, float64 
[2022-12-15 15:41:22,572]88 root -INFO -Hypothesis ee_007: float64, float64 
[2022-12-15 15:41:22,582]88 root -INFO -Hypothesis ee_008: float64, float64 
[2022-12-15 15:41:22,591]88 root -INFO -Hypothesis ee_009: float64, float64 
[2022-12-15 15:41:22,600]88 root -INFO -Hypothesis ef_000: float64, float64 
[2022-12-15 15:41:22,622]88 root -INFO -Hypothesis eg_000: float64, float64 
[2022-12-15 15:41:22,643]147 root -INFO -Write reprt in yaml file
[2022-12-15 15:41:22,762]152 root -INFO -Data validation artifact: DataValidationArtifact(report_file_path='/config/workspace/artifact/12152022__154004/data_validation/report.yaml')
[2022-12-15 15:41:22,767]24 root -INFO ->>>>>>>>>>>>>>>>>>>>>>>>>>>>>>>>>>>>>>>> Data Transformation <<<<<<<<<<<<<<<<<<<<<<<<<<<<<<<<<<<<<<<<
[2022-12-15 15:41:24,411]75 root -INFO -Before resampling in training set Input: (28950, 170) Target:(28950,)
[2022-12-15 15:42:11,457]77 root -INFO -After resampling in training set Input: (56166, 170) Target:(56166,)
[2022-12-15 15:42:11,458]79 root -INFO -Before resampling in testing set Input: (7238, 170) Target:(7238,)
[2022-12-15 15:42:20,657]81 root -INFO -After resampling in testing set Input: (14036, 170) Target:(14036,)
[2022-12-15 15:42:20,881]56 root -INFO -Entered the save_object method of utils
[2022-12-15 15:42:20,887]60 root -INFO -Exited the save_object method of utils
[2022-12-15 15:42:20,887]56 root -INFO -Entered the save_object method of utils
[2022-12-15 15:42:20,889]60 root -INFO -Exited the save_object method of utils
[2022-12-15 15:42:20,889]112 root -INFO -Data transformation object DataTransformationArtifact(transform_object_path='/config/workspace/artifact/12152022__154004/data_transformation/transformer/transformer.pkl', transformed_train_path='/config/workspace/artifact/12152022__154004/data_transformation/transformed/train.npz', transformed_test_path='/config/workspace/artifact/12152022__154004/data_transformation/transformed/test.npz', target_encoder_path='/config/workspace/artifact/12152022__154004/data_transformation/target_encoder/target_encoder.pkl')
[2022-12-15 15:42:20,891]18 root -INFO ->>>>>>>>>>>>>>>>>>>>>>>>>>>>>>>>>>>>>>>> Model Trainer <<<<<<<<<<<<<<<<<<<<<<<<<<<<<<<<<<<<<<<<
[2022-12-15 15:42:20,892]45 root -INFO -Loading train and test array.
[2022-12-15 15:42:20,960]49 root -INFO -Splitting input and target feature from both train and test arr.
[2022-12-15 15:42:20,960]53 root -INFO -Train the model
[2022-12-15 15:46:27,640]56 root -INFO -Calculating f1 train score
[2022-12-15 15:46:27,819]60 root -INFO -Calculating f1 test score
[2022-12-15 15:46:27,910]64 root -INFO -train score:1.0 and tests score 0.9873236410513501
[2022-12-15 15:46:27,911]66 root -INFO -Checking if our model is underfitting or not
[2022-12-15 15:46:27,911]71 root -INFO -Checking if our model is overfiiting or not
[2022-12-15 15:46:27,911]78 root -INFO -Saving mode object
[2022-12-15 15:46:27,911]56 root -INFO -Entered the save_object method of utils
[2022-12-15 15:46:27,936]60 root -INFO -Exited the save_object method of utils
[2022-12-15 15:46:27,936]82 root -INFO -Prepare the artifact
[2022-12-15 15:46:27,937]85 root -INFO -Model trainer artifact: ModelTrainerArtifact(model_path='/config/workspace/artifact/12152022__154004/model_trainer/model/model.pkl', f1_train_score=1.0, f1_test_score=0.9873236410513501)
[2022-12-15 15:46:27,939]14 root -INFO ->>>>>>>>>>>>>>>>>>>>>>>>>>>>>>>>>>>>>>>>  Model Evaluation <<<<<<<<<<<<<<<<<<<<<<<<<<<<<<<<<<<<<<<<
[2022-12-15 15:46:27,939]34 root -INFO -Model evaluation artifact: ModelEvaluationArtifact(is_model_accepted=True, improved_accuracy=None)
