[2022-12-25 11:14:57,873]22 root -INFO -Exporting collection data as pandas dataframe
[2022-12-25 11:14:57,873]24 root -INFO -Reading data from database: APS and collection name Sensor
[2022-12-25 11:15:01,573]26 root -INFO -Found column: Index(['_id', 'class', 'aa_000', 'ab_000', 'ac_000', 'ad_000', 'ae_000',
       'af_000', 'ag_000', 'ag_001',
       ...
       'ee_002', 'ee_003', 'ee_004', 'ee_005', 'ee_006', 'ee_007', 'ee_008',
       'ee_009', 'ef_000', 'eg_000'],
      dtype='object', length=172)
[2022-12-25 11:15:01,578]28 root -INFO -Dropping column: _id
[2022-12-25 11:15:01,796]30 root -INFO -Row & column in df : (36188, 171)
[2022-12-25 11:15:01,796]28 root -INFO -Save data in feature store
[2022-12-25 11:15:02,434]34 root -INFO -Create feature store folder if not available
[2022-12-25 11:15:02,434]38 root -INFO -Save df to feature store folder
[2022-12-25 11:15:05,195]43 root -INFO -split dataset into train and test set
[2022-12-25 11:15:06,094]47 root -INFO -create dataset directory folder if not available
[2022-12-25 11:15:06,094]52 root -INFO -Save df to feature store folder
[2022-12-25 11:15:08,368]64 root -INFO -Data ingestion artifact: DataIngestionArtifact(feature_store_file_path='/config/workspace/artifact/12252022__111457/data_ingestion/feature_store/sensor.csv', train_file_path='/config/workspace/artifact/12252022__111457/data_ingestion/dataset/train.csv', test_file_path='/config/workspace/artifact/12252022__111457/data_ingestion/dataset/test.csv')
[2022-12-25 11:15:08,815]22 root -INFO -Exporting collection data as pandas dataframe
[2022-12-25 11:15:08,815]24 root -INFO -Reading data from database: APS and collection name Sensor
[2022-12-25 11:15:12,342]26 root -INFO -Found column: Index(['_id', 'class', 'aa_000', 'ab_000', 'ac_000', 'ad_000', 'ae_000',
       'af_000', 'ag_000', 'ag_001',
       ...
       'ee_002', 'ee_003', 'ee_004', 'ee_005', 'ee_006', 'ee_007', 'ee_008',
       'ee_009', 'ef_000', 'eg_000'],
      dtype='object', length=172)
[2022-12-25 11:15:12,343]28 root -INFO -Dropping column: _id
[2022-12-25 11:15:12,538]30 root -INFO -Row & column in df : (36188, 171)
[2022-12-25 11:15:12,538]28 root -INFO -Save data in feature store
[2022-12-25 11:15:13,084]34 root -INFO -Create feature store folder if not available
[2022-12-25 11:15:13,084]38 root -INFO -Save df to feature store folder
[2022-12-25 11:15:15,623]43 root -INFO -split dataset into train and test set
[2022-12-25 11:15:16,203]47 root -INFO -create dataset directory folder if not available
[2022-12-25 11:15:16,204]52 root -INFO -Save df to feature store folder
[2022-12-25 11:15:18,461]64 root -INFO -Data ingestion artifact: DataIngestionArtifact(feature_store_file_path='/config/workspace/artifact/12252022__111457/data_ingestion/feature_store/sensor.csv', train_file_path='/config/workspace/artifact/12252022__111457/data_ingestion/dataset/train.csv', test_file_path='/config/workspace/artifact/12252022__111457/data_ingestion/dataset/test.csv')
[2022-12-25 11:15:18,889]21 root -INFO ->>>>>>>>>>>>>>>>>>>>>>>>>>>>>>>>>>>>>>>> Data Validation <<<<<<<<<<<<<<<<<<<<<<<<<<<<<<<<<<<<<<<<
[2022-12-25 11:15:18,889]110 root -INFO -Reading base dataframe
[2022-12-25 11:15:21,762]113 root -INFO -Replace na value in base df
[2022-12-25 11:15:21,762]115 root -INFO -Drop null values colums from base df
[2022-12-25 11:15:22,752]44 root -INFO -selecting column name which contains null above to 0.2
[2022-12-25 11:15:22,753]47 root -INFO -Columns to drop: ['ab_000', 'ad_000', 'bk_000', 'bl_000', 'bm_000', 'bn_000', 'bo_000', 'bp_000', 'bq_000', 'br_000', 'cf_000', 'cg_000', 'ch_000', 'co_000', 'cr_000', 'ct_000', 'cu_000', 'cv_000', 'cx_000', 'cy_000', 'cz_000', 'da_000', 'db_000', 'dc_000']
[2022-12-25 11:15:22,846]118 root -INFO -Reading train dataframe
[2022-12-25 11:15:23,248]120 root -INFO -Reading test dataframe
[2022-12-25 11:15:23,357]123 root -INFO -Drop null values colums from train df
[2022-12-25 11:15:23,369]44 root -INFO -selecting column name which contains null above to 0.2
[2022-12-25 11:15:23,369]47 root -INFO -Columns to drop: ['ab_000', 'ad_000', 'bk_000', 'bl_000', 'bm_000', 'bn_000', 'bo_000', 'bp_000', 'bq_000', 'br_000', 'cf_000', 'cg_000', 'ch_000', 'co_000', 'cr_000', 'ct_000', 'cu_000', 'cv_000', 'cx_000', 'cy_000', 'cz_000', 'da_000', 'db_000', 'dc_000']
[2022-12-25 11:15:23,378]125 root -INFO -Drop null values colums from test df
[2022-12-25 11:15:23,383]44 root -INFO -selecting column name which contains null above to 0.2
[2022-12-25 11:15:23,383]47 root -INFO -Columns to drop: ['ab_000', 'ad_000', 'bk_000', 'bl_000', 'bm_000', 'bn_000', 'bo_000', 'bp_000', 'bq_000', 'br_000', 'cf_000', 'cg_000', 'ch_000', 'co_000', 'cr_000', 'ct_000', 'cu_000', 'cv_000', 'cx_000', 'cy_000', 'cz_000', 'da_000', 'db_000', 'dc_000']
[2022-12-25 11:15:29,438]134 root -INFO -Is all required columns present in train df
[2022-12-25 11:15:29,439]136 root -INFO -Is all required columns present in test df
[2022-12-25 11:15:29,439]140 root -INFO -As all column are available in train df hence detecting data drift
[2022-12-25 11:15:29,439]88 root -INFO -Hypothesis class: object, object 
[2022-12-25 11:15:29,575]88 root -INFO -Hypothesis aa_000: float64, float64 
[2022-12-25 11:15:29,617]88 root -INFO -Hypothesis ac_000: float64, float64 
[2022-12-25 11:15:29,657]88 root -INFO -Hypothesis ae_000: float64, float64 
[2022-12-25 11:15:29,692]88 root -INFO -Hypothesis af_000: float64, float64 
[2022-12-25 11:15:29,728]88 root -INFO -Hypothesis ag_000: float64, float64 
[2022-12-25 11:15:29,763]88 root -INFO -Hypothesis ag_001: float64, float64 
[2022-12-25 11:15:29,800]88 root -INFO -Hypothesis ag_002: float64, float64 
[2022-12-25 11:15:29,836]88 root -INFO -Hypothesis ag_003: float64, float64 
[2022-12-25 11:15:29,873]88 root -INFO -Hypothesis ag_004: float64, float64 
[2022-12-25 11:15:29,884]88 root -INFO -Hypothesis ag_005: float64, float64 
[2022-12-25 11:15:29,925]88 root -INFO -Hypothesis ag_006: float64, float64 
[2022-12-25 11:15:29,970]88 root -INFO -Hypothesis ag_007: float64, float64 
[2022-12-25 11:15:30,012]88 root -INFO -Hypothesis ag_008: float64, float64 
[2022-12-25 11:15:30,054]88 root -INFO -Hypothesis ag_009: float64, float64 
[2022-12-25 11:15:30,094]88 root -INFO -Hypothesis ah_000: float64, float64 
[2022-12-25 11:15:30,138]88 root -INFO -Hypothesis ai_000: float64, float64 
[2022-12-25 11:15:30,174]88 root -INFO -Hypothesis aj_000: float64, float64 
[2022-12-25 11:15:30,210]88 root -INFO -Hypothesis ak_000: float64, float64 
[2022-12-25 11:15:30,250]88 root -INFO -Hypothesis al_000: float64, float64 
[2022-12-25 11:15:30,290]88 root -INFO -Hypothesis am_0: float64, float64 
[2022-12-25 11:15:30,329]88 root -INFO -Hypothesis an_000: float64, float64 
[2022-12-25 11:15:30,370]88 root -INFO -Hypothesis ao_000: float64, float64 
[2022-12-25 11:15:30,412]88 root -INFO -Hypothesis ap_000: float64, float64 
[2022-12-25 11:15:30,454]88 root -INFO -Hypothesis aq_000: float64, float64 
[2022-12-25 11:15:30,496]88 root -INFO -Hypothesis ar_000: float64, float64 
[2022-12-25 11:15:30,532]88 root -INFO -Hypothesis as_000: float64, float64 
[2022-12-25 11:15:30,567]88 root -INFO -Hypothesis at_000: float64, float64 
[2022-12-25 11:15:30,605]88 root -INFO -Hypothesis au_000: float64, float64 
[2022-12-25 11:15:30,640]88 root -INFO -Hypothesis av_000: float64, float64 
[2022-12-25 11:15:30,680]88 root -INFO -Hypothesis ax_000: float64, float64 
[2022-12-25 11:15:30,688]88 root -INFO -Hypothesis ay_000: float64, float64 
[2022-12-25 11:15:30,723]88 root -INFO -Hypothesis ay_001: float64, float64 
[2022-12-25 11:15:30,758]88 root -INFO -Hypothesis ay_002: float64, float64 
[2022-12-25 11:15:30,794]88 root -INFO -Hypothesis ay_003: float64, float64 
[2022-12-25 11:15:30,830]88 root -INFO -Hypothesis ay_004: float64, float64 
[2022-12-25 11:15:30,866]88 root -INFO -Hypothesis ay_005: float64, float64 
[2022-12-25 11:15:30,906]88 root -INFO -Hypothesis ay_006: float64, float64 
[2022-12-25 11:15:30,915]88 root -INFO -Hypothesis ay_007: float64, float64 
[2022-12-25 11:15:30,958]88 root -INFO -Hypothesis ay_008: float64, float64 
[2022-12-25 11:15:31,000]88 root -INFO -Hypothesis ay_009: float64, float64 
[2022-12-25 11:15:31,036]88 root -INFO -Hypothesis az_000: float64, float64 
[2022-12-25 11:15:31,046]88 root -INFO -Hypothesis az_001: float64, float64 
[2022-12-25 11:15:31,086]88 root -INFO -Hypothesis az_002: float64, float64 
[2022-12-25 11:15:31,126]88 root -INFO -Hypothesis az_003: float64, float64 
[2022-12-25 11:15:31,170]88 root -INFO -Hypothesis az_004: float64, float64 
[2022-12-25 11:15:31,180]88 root -INFO -Hypothesis az_005: float64, float64 
[2022-12-25 11:15:31,226]88 root -INFO -Hypothesis az_006: float64, float64 
[2022-12-25 11:15:31,235]88 root -INFO -Hypothesis az_007: float64, float64 
[2022-12-25 11:15:31,272]88 root -INFO -Hypothesis az_008: float64, float64 
[2022-12-25 11:15:31,308]88 root -INFO -Hypothesis az_009: float64, float64 
[2022-12-25 11:15:31,344]88 root -INFO -Hypothesis ba_000: float64, float64 
[2022-12-25 11:15:31,386]88 root -INFO -Hypothesis ba_001: float64, float64 
[2022-12-25 11:15:31,428]88 root -INFO -Hypothesis ba_002: float64, float64 
[2022-12-25 11:15:31,469]88 root -INFO -Hypothesis ba_003: float64, float64 
[2022-12-25 11:15:31,510]88 root -INFO -Hypothesis ba_004: float64, float64 
[2022-12-25 11:15:31,552]88 root -INFO -Hypothesis ba_005: float64, float64 
[2022-12-25 11:15:31,593]88 root -INFO -Hypothesis ba_006: float64, float64 
[2022-12-25 11:15:31,634]88 root -INFO -Hypothesis ba_007: float64, float64 
[2022-12-25 11:15:31,674]88 root -INFO -Hypothesis ba_008: float64, float64 
[2022-12-25 11:15:31,714]88 root -INFO -Hypothesis ba_009: float64, float64 
[2022-12-25 11:15:31,752]88 root -INFO -Hypothesis bb_000: float64, float64 
[2022-12-25 11:15:31,795]88 root -INFO -Hypothesis bc_000: float64, float64 
[2022-12-25 11:15:31,838]88 root -INFO -Hypothesis bd_000: float64, float64 
[2022-12-25 11:15:31,878]88 root -INFO -Hypothesis be_000: float64, float64 
[2022-12-25 11:15:31,887]88 root -INFO -Hypothesis bf_000: float64, float64 
[2022-12-25 11:15:31,925]88 root -INFO -Hypothesis bg_000: float64, float64 
[2022-12-25 11:15:31,966]88 root -INFO -Hypothesis bh_000: float64, float64 
[2022-12-25 11:15:32,008]88 root -INFO -Hypothesis bi_000: float64, float64 
[2022-12-25 11:15:32,050]88 root -INFO -Hypothesis bj_000: float64, float64 
[2022-12-25 11:15:32,092]88 root -INFO -Hypothesis bs_000: float64, float64 
[2022-12-25 11:15:32,135]88 root -INFO -Hypothesis bt_000: float64, float64 
[2022-12-25 11:15:32,178]88 root -INFO -Hypothesis bu_000: float64, float64 
[2022-12-25 11:15:32,219]88 root -INFO -Hypothesis bv_000: float64, float64 
[2022-12-25 11:15:32,264]88 root -INFO -Hypothesis bx_000: float64, float64 
[2022-12-25 11:15:32,308]88 root -INFO -Hypothesis by_000: float64, float64 
[2022-12-25 11:15:32,352]88 root -INFO -Hypothesis bz_000: float64, float64 
[2022-12-25 11:15:32,362]88 root -INFO -Hypothesis ca_000: float64, float64 
[2022-12-25 11:15:32,372]88 root -INFO -Hypothesis cb_000: float64, float64 
[2022-12-25 11:15:32,414]88 root -INFO -Hypothesis cc_000: float64, float64 
[2022-12-25 11:15:32,456]88 root -INFO -Hypothesis cd_000: float64, float64 
[2022-12-25 11:15:32,492]88 root -INFO -Hypothesis ce_000: float64, float64 
[2022-12-25 11:15:32,532]88 root -INFO -Hypothesis ci_000: float64, float64 
[2022-12-25 11:15:32,574]88 root -INFO -Hypothesis cj_000: float64, float64 
[2022-12-25 11:15:32,611]88 root -INFO -Hypothesis ck_000: float64, float64 
[2022-12-25 11:15:32,653]88 root -INFO -Hypothesis cl_000: float64, float64 
[2022-12-25 11:15:32,690]88 root -INFO -Hypothesis cm_000: float64, float64 
[2022-12-25 11:15:32,729]88 root -INFO -Hypothesis cn_000: float64, float64 
[2022-12-25 11:15:32,765]88 root -INFO -Hypothesis cn_001: float64, float64 
[2022-12-25 11:15:32,802]88 root -INFO -Hypothesis cn_002: float64, float64 
[2022-12-25 11:15:32,811]88 root -INFO -Hypothesis cn_003: float64, float64 
[2022-12-25 11:15:32,853]88 root -INFO -Hypothesis cn_004: float64, float64 
[2022-12-25 11:15:32,894]88 root -INFO -Hypothesis cn_005: float64, float64 
[2022-12-25 11:15:32,936]88 root -INFO -Hypothesis cn_006: float64, float64 
[2022-12-25 11:15:32,978]88 root -INFO -Hypothesis cn_007: float64, float64 
[2022-12-25 11:15:33,020]88 root -INFO -Hypothesis cn_008: float64, float64 
[2022-12-25 11:15:33,060]88 root -INFO -Hypothesis cn_009: float64, float64 
[2022-12-25 11:15:33,099]88 root -INFO -Hypothesis cp_000: float64, float64 
[2022-12-25 11:15:33,106]88 root -INFO -Hypothesis cq_000: float64, float64 
[2022-12-25 11:15:33,148]88 root -INFO -Hypothesis cs_000: float64, float64 
[2022-12-25 11:15:33,189]88 root -INFO -Hypothesis cs_001: float64, float64 
[2022-12-25 11:15:33,232]88 root -INFO -Hypothesis cs_002: float64, float64 
[2022-12-25 11:15:33,274]88 root -INFO -Hypothesis cs_003: float64, float64 
[2022-12-25 11:15:33,316]88 root -INFO -Hypothesis cs_004: float64, float64 
[2022-12-25 11:15:33,359]88 root -INFO -Hypothesis cs_005: float64, float64 
[2022-12-25 11:15:33,401]88 root -INFO -Hypothesis cs_006: float64, float64 
[2022-12-25 11:15:33,445]88 root -INFO -Hypothesis cs_007: float64, float64 
[2022-12-25 11:15:33,488]88 root -INFO -Hypothesis cs_008: float64, float64 
[2022-12-25 11:15:33,496]88 root -INFO -Hypothesis cs_009: float64, float64 
[2022-12-25 11:15:33,532]88 root -INFO -Hypothesis dd_000: float64, float64 
[2022-12-25 11:15:33,573]88 root -INFO -Hypothesis de_000: float64, float64 
[2022-12-25 11:15:33,612]88 root -INFO -Hypothesis df_000: float64, float64 
[2022-12-25 11:15:33,649]88 root -INFO -Hypothesis dg_000: float64, float64 
[2022-12-25 11:15:33,686]88 root -INFO -Hypothesis dh_000: float64, float64 
[2022-12-25 11:15:33,722]88 root -INFO -Hypothesis di_000: float64, float64 
[2022-12-25 11:15:33,760]88 root -INFO -Hypothesis dj_000: float64, float64 
[2022-12-25 11:15:33,799]88 root -INFO -Hypothesis dk_000: float64, float64 
[2022-12-25 11:15:33,835]88 root -INFO -Hypothesis dl_000: float64, float64 
[2022-12-25 11:15:33,871]88 root -INFO -Hypothesis dm_000: float64, float64 
[2022-12-25 11:15:33,908]88 root -INFO -Hypothesis dn_000: float64, float64 
[2022-12-25 11:15:33,950]88 root -INFO -Hypothesis do_000: float64, float64 
[2022-12-25 11:15:33,990]88 root -INFO -Hypothesis dp_000: float64, float64 
[2022-12-25 11:15:34,031]88 root -INFO -Hypothesis dq_000: float64, float64 
[2022-12-25 11:15:34,069]88 root -INFO -Hypothesis dr_000: float64, float64 
[2022-12-25 11:15:34,107]88 root -INFO -Hypothesis ds_000: float64, float64 
[2022-12-25 11:15:34,149]88 root -INFO -Hypothesis dt_000: float64, float64 
[2022-12-25 11:15:34,190]88 root -INFO -Hypothesis du_000: float64, float64 
[2022-12-25 11:15:34,234]88 root -INFO -Hypothesis dv_000: float64, float64 
[2022-12-25 11:15:34,276]88 root -INFO -Hypothesis dx_000: float64, float64 
[2022-12-25 11:15:34,283]88 root -INFO -Hypothesis dy_000: float64, float64 
[2022-12-25 11:15:34,290]88 root -INFO -Hypothesis dz_000: float64, float64 
[2022-12-25 11:15:34,326]88 root -INFO -Hypothesis ea_000: float64, float64 
[2022-12-25 11:15:34,361]88 root -INFO -Hypothesis eb_000: float64, float64 
[2022-12-25 11:15:34,401]88 root -INFO -Hypothesis ec_00: float64, float64 
[2022-12-25 11:15:34,443]88 root -INFO -Hypothesis ed_000: float64, float64 
[2022-12-25 11:15:34,485]88 root -INFO -Hypothesis ee_000: float64, float64 
[2022-12-25 11:15:34,527]88 root -INFO -Hypothesis ee_001: float64, float64 
[2022-12-25 11:15:34,569]88 root -INFO -Hypothesis ee_002: float64, float64 
[2022-12-25 11:15:34,611]88 root -INFO -Hypothesis ee_003: float64, float64 
[2022-12-25 11:15:34,654]88 root -INFO -Hypothesis ee_004: float64, float64 
[2022-12-25 11:15:34,695]88 root -INFO -Hypothesis ee_005: float64, float64 
[2022-12-25 11:15:34,737]88 root -INFO -Hypothesis ee_006: float64, float64 
[2022-12-25 11:15:34,747]88 root -INFO -Hypothesis ee_007: float64, float64 
[2022-12-25 11:15:34,757]88 root -INFO -Hypothesis ee_008: float64, float64 
[2022-12-25 11:15:34,766]88 root -INFO -Hypothesis ee_009: float64, float64 
[2022-12-25 11:15:34,775]88 root -INFO -Hypothesis ef_000: float64, float64 
[2022-12-25 11:15:34,812]88 root -INFO -Hypothesis eg_000: float64, float64 
[2022-12-25 11:15:34,849]143 root -INFO -As all column are available in test df hence detecting data drift
[2022-12-25 11:15:34,849]88 root -INFO -Hypothesis class: object, object 
[2022-12-25 11:15:34,924]88 root -INFO -Hypothesis aa_000: float64, float64 
[2022-12-25 11:15:34,931]88 root -INFO -Hypothesis ac_000: float64, float64 
[2022-12-25 11:15:34,936]88 root -INFO -Hypothesis ae_000: float64, float64 
[2022-12-25 11:15:34,951]88 root -INFO -Hypothesis af_000: float64, float64 
[2022-12-25 11:15:34,966]88 root -INFO -Hypothesis ag_000: float64, float64 
[2022-12-25 11:15:34,981]88 root -INFO -Hypothesis ag_001: float64, float64 
[2022-12-25 11:15:34,996]88 root -INFO -Hypothesis ag_002: float64, float64 
[2022-12-25 11:15:34,999]88 root -INFO -Hypothesis ag_003: float64, float64 
[2022-12-25 11:15:35,016]88 root -INFO -Hypothesis ag_004: float64, float64 
[2022-12-25 11:15:35,023]88 root -INFO -Hypothesis ag_005: float64, float64 
[2022-12-25 11:15:35,030]88 root -INFO -Hypothesis ag_006: float64, float64 
[2022-12-25 11:15:35,037]88 root -INFO -Hypothesis ag_007: float64, float64 
[2022-12-25 11:15:35,043]88 root -INFO -Hypothesis ag_008: float64, float64 
[2022-12-25 11:15:35,049]88 root -INFO -Hypothesis ag_009: float64, float64 
[2022-12-25 11:15:35,053]88 root -INFO -Hypothesis ah_000: float64, float64 
[2022-12-25 11:15:35,061]88 root -INFO -Hypothesis ai_000: float64, float64 
[2022-12-25 11:15:35,076]88 root -INFO -Hypothesis aj_000: float64, float64 
[2022-12-25 11:15:35,092]88 root -INFO -Hypothesis ak_000: float64, float64 
[2022-12-25 11:15:35,096]88 root -INFO -Hypothesis al_000: float64, float64 
[2022-12-25 11:15:35,101]88 root -INFO -Hypothesis am_0: float64, float64 
[2022-12-25 11:15:35,106]88 root -INFO -Hypothesis an_000: float64, float64 
[2022-12-25 11:15:35,113]88 root -INFO -Hypothesis ao_000: float64, float64 
[2022-12-25 11:15:35,120]88 root -INFO -Hypothesis ap_000: float64, float64 
[2022-12-25 11:15:35,128]88 root -INFO -Hypothesis aq_000: float64, float64 
[2022-12-25 11:15:35,135]88 root -INFO -Hypothesis ar_000: float64, float64 
[2022-12-25 11:15:35,138]88 root -INFO -Hypothesis as_000: float64, float64 
[2022-12-25 11:15:35,153]88 root -INFO -Hypothesis at_000: float64, float64 
[2022-12-25 11:15:35,157]88 root -INFO -Hypothesis au_000: float64, float64 
[2022-12-25 11:15:35,172]88 root -INFO -Hypothesis av_000: float64, float64 
[2022-12-25 11:15:35,178]88 root -INFO -Hypothesis ax_000: float64, float64 
[2022-12-25 11:15:35,184]88 root -INFO -Hypothesis ay_000: float64, float64 
[2022-12-25 11:15:35,200]88 root -INFO -Hypothesis ay_001: float64, float64 
[2022-12-25 11:15:35,215]88 root -INFO -Hypothesis ay_002: float64, float64 
[2022-12-25 11:15:35,230]88 root -INFO -Hypothesis ay_003: float64, float64 
[2022-12-25 11:15:35,244]88 root -INFO -Hypothesis ay_004: float64, float64 
[2022-12-25 11:15:35,259]88 root -INFO -Hypothesis ay_005: float64, float64 
[2022-12-25 11:15:35,265]88 root -INFO -Hypothesis ay_006: float64, float64 
[2022-12-25 11:15:35,271]88 root -INFO -Hypothesis ay_007: float64, float64 
[2022-12-25 11:15:35,278]88 root -INFO -Hypothesis ay_008: float64, float64 
[2022-12-25 11:15:35,285]88 root -INFO -Hypothesis ay_009: float64, float64 
[2022-12-25 11:15:35,301]88 root -INFO -Hypothesis az_000: float64, float64 
[2022-12-25 11:15:35,308]88 root -INFO -Hypothesis az_001: float64, float64 
[2022-12-25 11:15:35,314]88 root -INFO -Hypothesis az_002: float64, float64 
[2022-12-25 11:15:35,320]88 root -INFO -Hypothesis az_003: float64, float64 
[2022-12-25 11:15:35,327]88 root -INFO -Hypothesis az_004: float64, float64 
[2022-12-25 11:15:35,334]88 root -INFO -Hypothesis az_005: float64, float64 
[2022-12-25 11:15:35,341]88 root -INFO -Hypothesis az_006: float64, float64 
[2022-12-25 11:15:35,347]88 root -INFO -Hypothesis az_007: float64, float64 
[2022-12-25 11:15:35,352]88 root -INFO -Hypothesis az_008: float64, float64 
[2022-12-25 11:15:35,367]88 root -INFO -Hypothesis az_009: float64, float64 
[2022-12-25 11:15:35,382]88 root -INFO -Hypothesis ba_000: float64, float64 
[2022-12-25 11:15:35,389]88 root -INFO -Hypothesis ba_001: float64, float64 
[2022-12-25 11:15:35,396]88 root -INFO -Hypothesis ba_002: float64, float64 
[2022-12-25 11:15:35,403]88 root -INFO -Hypothesis ba_003: float64, float64 
[2022-12-25 11:15:35,410]88 root -INFO -Hypothesis ba_004: float64, float64 
[2022-12-25 11:15:35,417]88 root -INFO -Hypothesis ba_005: float64, float64 
[2022-12-25 11:15:35,424]88 root -INFO -Hypothesis ba_006: float64, float64 
[2022-12-25 11:15:35,431]88 root -INFO -Hypothesis ba_007: float64, float64 
[2022-12-25 11:15:35,437]88 root -INFO -Hypothesis ba_008: float64, float64 
[2022-12-25 11:15:35,443]88 root -INFO -Hypothesis ba_009: float64, float64 
[2022-12-25 11:15:35,447]88 root -INFO -Hypothesis bb_000: float64, float64 
[2022-12-25 11:15:35,454]88 root -INFO -Hypothesis bc_000: float64, float64 
[2022-12-25 11:15:35,460]88 root -INFO -Hypothesis bd_000: float64, float64 
[2022-12-25 11:15:35,465]88 root -INFO -Hypothesis be_000: float64, float64 
[2022-12-25 11:15:35,471]88 root -INFO -Hypothesis bf_000: float64, float64 
[2022-12-25 11:15:35,476]88 root -INFO -Hypothesis bg_000: float64, float64 
[2022-12-25 11:15:35,483]88 root -INFO -Hypothesis bh_000: float64, float64 
[2022-12-25 11:15:35,490]88 root -INFO -Hypothesis bi_000: float64, float64 
[2022-12-25 11:15:35,497]88 root -INFO -Hypothesis bj_000: float64, float64 
[2022-12-25 11:15:35,504]88 root -INFO -Hypothesis bs_000: float64, float64 
[2022-12-25 11:15:35,511]88 root -INFO -Hypothesis bt_000: float64, float64 
[2022-12-25 11:15:35,518]88 root -INFO -Hypothesis bu_000: float64, float64 
[2022-12-25 11:15:35,525]88 root -INFO -Hypothesis bv_000: float64, float64 
[2022-12-25 11:15:35,532]88 root -INFO -Hypothesis bx_000: float64, float64 
[2022-12-25 11:15:35,539]88 root -INFO -Hypothesis by_000: float64, float64 
[2022-12-25 11:15:35,546]88 root -INFO -Hypothesis bz_000: float64, float64 
[2022-12-25 11:15:35,553]88 root -INFO -Hypothesis ca_000: float64, float64 
[2022-12-25 11:15:35,560]88 root -INFO -Hypothesis cb_000: float64, float64 
[2022-12-25 11:15:35,568]88 root -INFO -Hypothesis cc_000: float64, float64 
[2022-12-25 11:15:35,575]88 root -INFO -Hypothesis cd_000: float64, float64 
[2022-12-25 11:15:35,591]88 root -INFO -Hypothesis ce_000: float64, float64 
[2022-12-25 11:15:35,598]88 root -INFO -Hypothesis ci_000: float64, float64 
[2022-12-25 11:15:35,606]88 root -INFO -Hypothesis cj_000: float64, float64 
[2022-12-25 11:15:35,610]88 root -INFO -Hypothesis ck_000: float64, float64 
[2022-12-25 11:15:35,618]88 root -INFO -Hypothesis cl_000: float64, float64 
[2022-12-25 11:15:35,623]88 root -INFO -Hypothesis cm_000: float64, float64 
[2022-12-25 11:15:35,628]88 root -INFO -Hypothesis cn_000: float64, float64 
[2022-12-25 11:15:35,643]88 root -INFO -Hypothesis cn_001: float64, float64 
[2022-12-25 11:15:35,659]88 root -INFO -Hypothesis cn_002: float64, float64 
[2022-12-25 11:15:35,664]88 root -INFO -Hypothesis cn_003: float64, float64 
[2022-12-25 11:15:35,671]88 root -INFO -Hypothesis cn_004: float64, float64 
[2022-12-25 11:15:35,678]88 root -INFO -Hypothesis cn_005: float64, float64 
[2022-12-25 11:15:35,685]88 root -INFO -Hypothesis cn_006: float64, float64 
[2022-12-25 11:15:35,692]88 root -INFO -Hypothesis cn_007: float64, float64 
[2022-12-25 11:15:35,699]88 root -INFO -Hypothesis cn_008: float64, float64 
[2022-12-25 11:15:35,705]88 root -INFO -Hypothesis cn_009: float64, float64 
[2022-12-25 11:15:35,710]88 root -INFO -Hypothesis cp_000: float64, float64 
[2022-12-25 11:15:35,715]88 root -INFO -Hypothesis cq_000: float64, float64 
[2022-12-25 11:15:35,722]88 root -INFO -Hypothesis cs_000: float64, float64 
[2022-12-25 11:15:35,728]88 root -INFO -Hypothesis cs_001: float64, float64 
[2022-12-25 11:15:35,734]88 root -INFO -Hypothesis cs_002: float64, float64 
[2022-12-25 11:15:35,741]88 root -INFO -Hypothesis cs_003: float64, float64 
[2022-12-25 11:15:35,748]88 root -INFO -Hypothesis cs_004: float64, float64 
[2022-12-25 11:15:35,755]88 root -INFO -Hypothesis cs_005: float64, float64 
[2022-12-25 11:15:35,762]88 root -INFO -Hypothesis cs_006: float64, float64 
[2022-12-25 11:15:35,770]88 root -INFO -Hypothesis cs_007: float64, float64 
[2022-12-25 11:15:35,777]88 root -INFO -Hypothesis cs_008: float64, float64 
[2022-12-25 11:15:35,782]88 root -INFO -Hypothesis cs_009: float64, float64 
[2022-12-25 11:15:35,798]88 root -INFO -Hypothesis dd_000: float64, float64 
[2022-12-25 11:15:35,805]88 root -INFO -Hypothesis de_000: float64, float64 
[2022-12-25 11:15:35,810]88 root -INFO -Hypothesis df_000: float64, float64 
[2022-12-25 11:15:35,826]88 root -INFO -Hypothesis dg_000: float64, float64 
[2022-12-25 11:15:35,829]88 root -INFO -Hypothesis dh_000: float64, float64 
[2022-12-25 11:15:35,833]88 root -INFO -Hypothesis di_000: float64, float64 
[2022-12-25 11:15:35,837]88 root -INFO -Hypothesis dj_000: float64, float64 
[2022-12-25 11:15:35,852]88 root -INFO -Hypothesis dk_000: float64, float64 
[2022-12-25 11:15:35,867]88 root -INFO -Hypothesis dl_000: float64, float64 
[2022-12-25 11:15:35,886]88 root -INFO -Hypothesis dm_000: float64, float64 
[2022-12-25 11:15:35,901]88 root -INFO -Hypothesis dn_000: float64, float64 
[2022-12-25 11:15:35,908]88 root -INFO -Hypothesis do_000: float64, float64 
[2022-12-25 11:15:35,914]88 root -INFO -Hypothesis dp_000: float64, float64 
[2022-12-25 11:15:35,921]88 root -INFO -Hypothesis dq_000: float64, float64 
[2022-12-25 11:15:35,925]88 root -INFO -Hypothesis dr_000: float64, float64 
[2022-12-25 11:15:35,929]88 root -INFO -Hypothesis ds_000: float64, float64 
[2022-12-25 11:15:35,936]88 root -INFO -Hypothesis dt_000: float64, float64 
[2022-12-25 11:15:35,943]88 root -INFO -Hypothesis du_000: float64, float64 
[2022-12-25 11:15:35,950]88 root -INFO -Hypothesis dv_000: float64, float64 
[2022-12-25 11:15:35,957]88 root -INFO -Hypothesis dx_000: float64, float64 
[2022-12-25 11:15:35,962]88 root -INFO -Hypothesis dy_000: float64, float64 
[2022-12-25 11:15:35,967]88 root -INFO -Hypothesis dz_000: float64, float64 
[2022-12-25 11:15:35,982]88 root -INFO -Hypothesis ea_000: float64, float64 
[2022-12-25 11:15:35,997]88 root -INFO -Hypothesis eb_000: float64, float64 
[2022-12-25 11:15:36,004]88 root -INFO -Hypothesis ec_00: float64, float64 
[2022-12-25 11:15:36,011]88 root -INFO -Hypothesis ed_000: float64, float64 
[2022-12-25 11:15:36,018]88 root -INFO -Hypothesis ee_000: float64, float64 
[2022-12-25 11:15:36,025]88 root -INFO -Hypothesis ee_001: float64, float64 
[2022-12-25 11:15:36,032]88 root -INFO -Hypothesis ee_002: float64, float64 
[2022-12-25 11:15:36,039]88 root -INFO -Hypothesis ee_003: float64, float64 
[2022-12-25 11:15:36,046]88 root -INFO -Hypothesis ee_004: float64, float64 
[2022-12-25 11:15:36,053]88 root -INFO -Hypothesis ee_005: float64, float64 
[2022-12-25 11:15:36,060]88 root -INFO -Hypothesis ee_006: float64, float64 
[2022-12-25 11:15:36,067]88 root -INFO -Hypothesis ee_007: float64, float64 
[2022-12-25 11:15:36,073]88 root -INFO -Hypothesis ee_008: float64, float64 
[2022-12-25 11:15:36,080]88 root -INFO -Hypothesis ee_009: float64, float64 
[2022-12-25 11:15:36,085]88 root -INFO -Hypothesis ef_000: float64, float64 
[2022-12-25 11:15:36,100]88 root -INFO -Hypothesis eg_000: float64, float64 
[2022-12-25 11:15:36,115]147 root -INFO -Write reprt in yaml file
[2022-12-25 11:15:36,182]152 root -INFO -Data validation artifact: DataValidationArtifact(report_file_path='/config/workspace/artifact/12252022__111457/data_validation/report.yaml')
[2022-12-25 11:15:36,184]24 root -INFO ->>>>>>>>>>>>>>>>>>>>>>>>>>>>>>>>>>>>>>>> Data Transformation <<<<<<<<<<<<<<<<<<<<<<<<<<<<<<<<<<<<<<<<
[2022-12-25 11:15:37,102]75 root -INFO -Before resampling in training set Input: (28950, 170) Target:(28950,)
[2022-12-25 11:15:42,947]77 root -INFO -After resampling in training set Input: (56134, 170) Target:(56134,)
[2022-12-25 11:15:42,948]79 root -INFO -Before resampling in testing set Input: (7238, 170) Target:(7238,)
[2022-12-25 11:15:43,545]81 root -INFO -After resampling in testing set Input: (14070, 170) Target:(14070,)
[2022-12-25 11:15:43,661]56 root -INFO -Entered the save_object method of utils
[2022-12-25 11:15:43,664]60 root -INFO -Exited the save_object method of utils
[2022-12-25 11:15:43,664]56 root -INFO -Entered the save_object method of utils
[2022-12-25 11:15:43,665]60 root -INFO -Exited the save_object method of utils
[2022-12-25 11:15:43,665]112 root -INFO -Data transformation object DataTransformationArtifact(transform_object_path='/config/workspace/artifact/12252022__111457/data_transformation/transformer/transformer.pkl', transformed_train_path='/config/workspace/artifact/12252022__111457/data_transformation/transformed/train.npz', transformed_test_path='/config/workspace/artifact/12252022__111457/data_transformation/transformed/test.npz', target_encoder_path='/config/workspace/artifact/12252022__111457/data_transformation/target_encoder/target_encoder.pkl')
[2022-12-25 11:15:43,666]18 root -INFO ->>>>>>>>>>>>>>>>>>>>>>>>>>>>>>>>>>>>>>>> Model Trainer <<<<<<<<<<<<<<<<<<<<<<<<<<<<<<<<<<<<<<<<
[2022-12-25 11:15:43,666]45 root -INFO -Loading train and test array.
[2022-12-25 11:15:43,696]49 root -INFO -Splitting input and target feature from both train and test arr.
[2022-12-25 11:15:43,696]53 root -INFO -Train the model
[2022-12-25 11:15:54,396]56 root -INFO -Calculating f1 train score
[2022-12-25 11:15:54,453]60 root -INFO -Calculating f1 test score
[2022-12-25 11:15:54,471]64 root -INFO -train score:1.0 and tests score 0.9845139088041296
[2022-12-25 11:15:54,471]66 root -INFO -Checking if our model is underfitting or not
[2022-12-25 11:15:54,471]71 root -INFO -Checking if our model is overfiiting or not
[2022-12-25 11:15:54,471]78 root -INFO -Saving mode object
[2022-12-25 11:15:54,471]56 root -INFO -Entered the save_object method of utils
[2022-12-25 11:15:54,477]60 root -INFO -Exited the save_object method of utils
[2022-12-25 11:15:54,477]82 root -INFO -Prepare the artifact
[2022-12-25 11:15:54,477]85 root -INFO -Model trainer artifact: ModelTrainerArtifact(model_path='/config/workspace/artifact/12252022__111457/model_trainer/model/model.pkl', f1_train_score=1.0, f1_test_score=0.9845139088041296)
[2022-12-25 11:15:54,479]14 root -INFO ->>>>>>>>>>>>>>>>>>>>>>>>>>>>>>>>>>>>>>>>  Model Evaluation <<<<<<<<<<<<<<<<<<<<<<<<<<<<<<<<<<<<<<<<
[2022-12-25 11:15:54,479]34 root -INFO -Model evaluation artifact: ModelEvaluationArtifact(is_model_accepted=True, improved_accuracy=None)
