[2022-12-25 11:25:59,003]22 root -INFO -Exporting collection data as pandas dataframe
[2022-12-25 11:25:59,003]24 root -INFO -Reading data from database: APS and collection name Sensor
[2022-12-25 11:26:02,529]26 root -INFO -Found column: Index(['_id', 'class', 'aa_000', 'ab_000', 'ac_000', 'ad_000', 'ae_000',
       'af_000', 'ag_000', 'ag_001',
       ...
       'ee_002', 'ee_003', 'ee_004', 'ee_005', 'ee_006', 'ee_007', 'ee_008',
       'ee_009', 'ef_000', 'eg_000'],
      dtype='object', length=172)
[2022-12-25 11:26:02,530]28 root -INFO -Dropping column: _id
[2022-12-25 11:26:02,730]30 root -INFO -Row & column in df : (36188, 171)
[2022-12-25 11:26:02,730]28 root -INFO -Save data in feature store
[2022-12-25 11:26:03,256]34 root -INFO -Create feature store folder if not available
[2022-12-25 11:26:03,256]38 root -INFO -Save df to feature store folder
[2022-12-25 11:26:05,769]43 root -INFO -split dataset into train and test set
[2022-12-25 11:26:06,314]47 root -INFO -create dataset directory folder if not available
[2022-12-25 11:26:06,314]52 root -INFO -Save df to feature store folder
[2022-12-25 11:26:08,541]64 root -INFO -Data ingestion artifact: DataIngestionArtifact(feature_store_file_path='/config/workspace/artifact/12252022__112559/data_ingestion/feature_store/sensor.csv', train_file_path='/config/workspace/artifact/12252022__112559/data_ingestion/dataset/train.csv', test_file_path='/config/workspace/artifact/12252022__112559/data_ingestion/dataset/test.csv')
[2022-12-25 11:26:08,931]22 root -INFO -Exporting collection data as pandas dataframe
[2022-12-25 11:26:08,931]24 root -INFO -Reading data from database: APS and collection name Sensor
[2022-12-25 11:26:12,402]26 root -INFO -Found column: Index(['_id', 'class', 'aa_000', 'ab_000', 'ac_000', 'ad_000', 'ae_000',
       'af_000', 'ag_000', 'ag_001',
       ...
       'ee_002', 'ee_003', 'ee_004', 'ee_005', 'ee_006', 'ee_007', 'ee_008',
       'ee_009', 'ef_000', 'eg_000'],
      dtype='object', length=172)
[2022-12-25 11:26:12,402]28 root -INFO -Dropping column: _id
[2022-12-25 11:26:12,635]30 root -INFO -Row & column in df : (36188, 171)
[2022-12-25 11:26:12,636]28 root -INFO -Save data in feature store
[2022-12-25 11:26:13,157]34 root -INFO -Create feature store folder if not available
[2022-12-25 11:26:13,157]38 root -INFO -Save df to feature store folder
[2022-12-25 11:26:15,698]43 root -INFO -split dataset into train and test set
[2022-12-25 11:26:16,302]47 root -INFO -create dataset directory folder if not available
[2022-12-25 11:26:16,302]52 root -INFO -Save df to feature store folder
[2022-12-25 11:26:18,539]64 root -INFO -Data ingestion artifact: DataIngestionArtifact(feature_store_file_path='/config/workspace/artifact/12252022__112559/data_ingestion/feature_store/sensor.csv', train_file_path='/config/workspace/artifact/12252022__112559/data_ingestion/dataset/train.csv', test_file_path='/config/workspace/artifact/12252022__112559/data_ingestion/dataset/test.csv')
[2022-12-25 11:26:18,891]21 root -INFO ->>>>>>>>>>>>>>>>>>>>>>>>>>>>>>>>>>>>>>>> Data Validation <<<<<<<<<<<<<<<<<<<<<<<<<<<<<<<<<<<<<<<<
[2022-12-25 11:26:18,892]110 root -INFO -Reading base dataframe
[2022-12-25 11:26:21,906]113 root -INFO -Replace na value in base df
[2022-12-25 11:26:21,906]115 root -INFO -Drop null values colums from base df
[2022-12-25 11:26:22,870]44 root -INFO -selecting column name which contains null above to 0.2
[2022-12-25 11:26:22,870]47 root -INFO -Columns to drop: ['ab_000', 'ad_000', 'bk_000', 'bl_000', 'bm_000', 'bn_000', 'bo_000', 'bp_000', 'bq_000', 'br_000', 'cf_000', 'cg_000', 'ch_000', 'co_000', 'cr_000', 'ct_000', 'cu_000', 'cv_000', 'cx_000', 'cy_000', 'cz_000', 'da_000', 'db_000', 'dc_000']
[2022-12-25 11:26:22,960]118 root -INFO -Reading train dataframe
[2022-12-25 11:26:23,335]120 root -INFO -Reading test dataframe
[2022-12-25 11:26:23,435]123 root -INFO -Drop null values colums from train df
[2022-12-25 11:26:23,446]44 root -INFO -selecting column name which contains null above to 0.2
[2022-12-25 11:26:23,447]47 root -INFO -Columns to drop: ['ab_000', 'ad_000', 'bk_000', 'bl_000', 'bm_000', 'bn_000', 'bo_000', 'bp_000', 'bq_000', 'br_000', 'cf_000', 'cg_000', 'ch_000', 'co_000', 'cr_000', 'ct_000', 'cu_000', 'cv_000', 'cx_000', 'cy_000', 'cz_000', 'da_000', 'db_000', 'dc_000']
[2022-12-25 11:26:23,456]125 root -INFO -Drop null values colums from test df
[2022-12-25 11:26:23,460]44 root -INFO -selecting column name which contains null above to 0.2
[2022-12-25 11:26:23,461]47 root -INFO -Columns to drop: ['ab_000', 'ad_000', 'bk_000', 'bl_000', 'bm_000', 'bn_000', 'bo_000', 'bp_000', 'bq_000', 'br_000', 'cf_000', 'cg_000', 'ch_000', 'co_000', 'cr_000', 'ct_000', 'cu_000', 'cv_000', 'cx_000', 'cy_000', 'cz_000', 'da_000', 'db_000', 'dc_000']
[2022-12-25 11:26:29,668]134 root -INFO -Is all required columns present in train df
[2022-12-25 11:26:29,669]136 root -INFO -Is all required columns present in test df
[2022-12-25 11:26:29,669]140 root -INFO -As all column are available in train df hence detecting data drift
[2022-12-25 11:26:29,669]88 root -INFO -Hypothesis class: object, object 
[2022-12-25 11:26:29,773]88 root -INFO -Hypothesis aa_000: float64, float64 
[2022-12-25 11:26:29,784]88 root -INFO -Hypothesis ac_000: float64, float64 
[2022-12-25 11:26:29,823]88 root -INFO -Hypothesis ae_000: float64, float64 
[2022-12-25 11:26:29,859]88 root -INFO -Hypothesis af_000: float64, float64 
[2022-12-25 11:26:29,895]88 root -INFO -Hypothesis ag_000: float64, float64 
[2022-12-25 11:26:29,930]88 root -INFO -Hypothesis ag_001: float64, float64 
[2022-12-25 11:26:29,966]88 root -INFO -Hypothesis ag_002: float64, float64 
[2022-12-25 11:26:30,002]88 root -INFO -Hypothesis ag_003: float64, float64 
[2022-12-25 11:26:30,039]88 root -INFO -Hypothesis ag_004: float64, float64 
[2022-12-25 11:26:30,050]88 root -INFO -Hypothesis ag_005: float64, float64 
[2022-12-25 11:26:30,060]88 root -INFO -Hypothesis ag_006: float64, float64 
[2022-12-25 11:26:30,102]88 root -INFO -Hypothesis ag_007: float64, float64 
[2022-12-25 11:26:30,112]88 root -INFO -Hypothesis ag_008: float64, float64 
[2022-12-25 11:26:30,121]88 root -INFO -Hypothesis ag_009: float64, float64 
[2022-12-25 11:26:30,160]88 root -INFO -Hypothesis ah_000: float64, float64 
[2022-12-25 11:26:30,171]88 root -INFO -Hypothesis ai_000: float64, float64 
[2022-12-25 11:26:30,207]88 root -INFO -Hypothesis aj_000: float64, float64 
[2022-12-25 11:26:30,245]88 root -INFO -Hypothesis ak_000: float64, float64 
[2022-12-25 11:26:30,281]88 root -INFO -Hypothesis al_000: float64, float64 
[2022-12-25 11:26:30,289]88 root -INFO -Hypothesis am_0: float64, float64 
[2022-12-25 11:26:30,296]88 root -INFO -Hypothesis an_000: float64, float64 
[2022-12-25 11:26:30,307]88 root -INFO -Hypothesis ao_000: float64, float64 
[2022-12-25 11:26:30,317]88 root -INFO -Hypothesis ap_000: float64, float64 
[2022-12-25 11:26:30,328]88 root -INFO -Hypothesis aq_000: float64, float64 
[2022-12-25 11:26:30,338]88 root -INFO -Hypothesis ar_000: float64, float64 
[2022-12-25 11:26:30,374]88 root -INFO -Hypothesis as_000: float64, float64 
[2022-12-25 11:26:30,409]88 root -INFO -Hypothesis at_000: float64, float64 
[2022-12-25 11:26:30,445]88 root -INFO -Hypothesis au_000: float64, float64 
[2022-12-25 11:26:30,481]88 root -INFO -Hypothesis av_000: float64, float64 
[2022-12-25 11:26:30,489]88 root -INFO -Hypothesis ax_000: float64, float64 
[2022-12-25 11:26:30,497]88 root -INFO -Hypothesis ay_000: float64, float64 
[2022-12-25 11:26:30,532]88 root -INFO -Hypothesis ay_001: float64, float64 
[2022-12-25 11:26:30,567]88 root -INFO -Hypothesis ay_002: float64, float64 
[2022-12-25 11:26:30,602]88 root -INFO -Hypothesis ay_003: float64, float64 
[2022-12-25 11:26:30,638]88 root -INFO -Hypothesis ay_004: float64, float64 
[2022-12-25 11:26:30,672]88 root -INFO -Hypothesis ay_005: float64, float64 
[2022-12-25 11:26:30,681]88 root -INFO -Hypothesis ay_006: float64, float64 
[2022-12-25 11:26:30,690]88 root -INFO -Hypothesis ay_007: float64, float64 
[2022-12-25 11:26:30,700]88 root -INFO -Hypothesis ay_008: float64, float64 
[2022-12-25 11:26:30,710]88 root -INFO -Hypothesis ay_009: float64, float64 
[2022-12-25 11:26:30,745]88 root -INFO -Hypothesis az_000: float64, float64 
[2022-12-25 11:26:30,786]88 root -INFO -Hypothesis az_001: float64, float64 
[2022-12-25 11:26:30,826]88 root -INFO -Hypothesis az_002: float64, float64 
[2022-12-25 11:26:30,867]88 root -INFO -Hypothesis az_003: float64, float64 
[2022-12-25 11:26:30,909]88 root -INFO -Hypothesis az_004: float64, float64 
[2022-12-25 11:26:30,920]88 root -INFO -Hypothesis az_005: float64, float64 
[2022-12-25 11:26:30,931]88 root -INFO -Hypothesis az_006: float64, float64 
[2022-12-25 11:26:30,940]88 root -INFO -Hypothesis az_007: float64, float64 
[2022-12-25 11:26:30,978]88 root -INFO -Hypothesis az_008: float64, float64 
[2022-12-25 11:26:31,013]88 root -INFO -Hypothesis az_009: float64, float64 
[2022-12-25 11:26:31,049]88 root -INFO -Hypothesis ba_000: float64, float64 
[2022-12-25 11:26:31,059]88 root -INFO -Hypothesis ba_001: float64, float64 
[2022-12-25 11:26:31,070]88 root -INFO -Hypothesis ba_002: float64, float64 
[2022-12-25 11:26:31,080]88 root -INFO -Hypothesis ba_003: float64, float64 
[2022-12-25 11:26:31,091]88 root -INFO -Hypothesis ba_004: float64, float64 
[2022-12-25 11:26:31,101]88 root -INFO -Hypothesis ba_005: float64, float64 
[2022-12-25 11:26:31,111]88 root -INFO -Hypothesis ba_006: float64, float64 
[2022-12-25 11:26:31,122]88 root -INFO -Hypothesis ba_007: float64, float64 
[2022-12-25 11:26:31,162]88 root -INFO -Hypothesis ba_008: float64, float64 
[2022-12-25 11:26:31,202]88 root -INFO -Hypothesis ba_009: float64, float64 
[2022-12-25 11:26:31,240]88 root -INFO -Hypothesis bb_000: float64, float64 
[2022-12-25 11:26:31,251]88 root -INFO -Hypothesis bc_000: float64, float64 
[2022-12-25 11:26:31,258]88 root -INFO -Hypothesis bd_000: float64, float64 
[2022-12-25 11:26:31,298]88 root -INFO -Hypothesis be_000: float64, float64 
[2022-12-25 11:26:31,339]88 root -INFO -Hypothesis bf_000: float64, float64 
[2022-12-25 11:26:31,377]88 root -INFO -Hypothesis bg_000: float64, float64 
[2022-12-25 11:26:31,388]88 root -INFO -Hypothesis bh_000: float64, float64 
[2022-12-25 11:26:31,398]88 root -INFO -Hypothesis bi_000: float64, float64 
[2022-12-25 11:26:31,441]88 root -INFO -Hypothesis bj_000: float64, float64 
[2022-12-25 11:26:31,451]88 root -INFO -Hypothesis bs_000: float64, float64 
[2022-12-25 11:26:31,493]88 root -INFO -Hypothesis bt_000: float64, float64 
[2022-12-25 11:26:31,504]88 root -INFO -Hypothesis bu_000: float64, float64 
[2022-12-25 11:26:31,515]88 root -INFO -Hypothesis bv_000: float64, float64 
[2022-12-25 11:26:31,526]88 root -INFO -Hypothesis bx_000: float64, float64 
[2022-12-25 11:26:31,568]88 root -INFO -Hypothesis by_000: float64, float64 
[2022-12-25 11:26:31,578]88 root -INFO -Hypothesis bz_000: float64, float64 
[2022-12-25 11:26:31,617]88 root -INFO -Hypothesis ca_000: float64, float64 
[2022-12-25 11:26:31,659]88 root -INFO -Hypothesis cb_000: float64, float64 
[2022-12-25 11:26:31,702]88 root -INFO -Hypothesis cc_000: float64, float64 
[2022-12-25 11:26:31,712]88 root -INFO -Hypothesis cd_000: float64, float64 
[2022-12-25 11:26:31,747]88 root -INFO -Hypothesis ce_000: float64, float64 
[2022-12-25 11:26:31,757]88 root -INFO -Hypothesis ci_000: float64, float64 
[2022-12-25 11:26:31,799]88 root -INFO -Hypothesis cj_000: float64, float64 
[2022-12-25 11:26:31,836]88 root -INFO -Hypothesis ck_000: float64, float64 
[2022-12-25 11:26:31,846]88 root -INFO -Hypothesis cl_000: float64, float64 
[2022-12-25 11:26:31,884]88 root -INFO -Hypothesis cm_000: float64, float64 
[2022-12-25 11:26:31,923]88 root -INFO -Hypothesis cn_000: float64, float64 
[2022-12-25 11:26:31,960]88 root -INFO -Hypothesis cn_001: float64, float64 
[2022-12-25 11:26:31,996]88 root -INFO -Hypothesis cn_002: float64, float64 
[2022-12-25 11:26:32,037]88 root -INFO -Hypothesis cn_003: float64, float64 
[2022-12-25 11:26:32,048]88 root -INFO -Hypothesis cn_004: float64, float64 
[2022-12-25 11:26:32,090]88 root -INFO -Hypothesis cn_005: float64, float64 
[2022-12-25 11:26:32,101]88 root -INFO -Hypothesis cn_006: float64, float64 
[2022-12-25 11:26:32,111]88 root -INFO -Hypothesis cn_007: float64, float64 
[2022-12-25 11:26:32,121]88 root -INFO -Hypothesis cn_008: float64, float64 
[2022-12-25 11:26:32,162]88 root -INFO -Hypothesis cn_009: float64, float64 
[2022-12-25 11:26:32,201]88 root -INFO -Hypothesis cp_000: float64, float64 
[2022-12-25 11:26:32,209]88 root -INFO -Hypothesis cq_000: float64, float64 
[2022-12-25 11:26:32,219]88 root -INFO -Hypothesis cs_000: float64, float64 
[2022-12-25 11:26:32,262]88 root -INFO -Hypothesis cs_001: float64, float64 
[2022-12-25 11:26:32,271]88 root -INFO -Hypothesis cs_002: float64, float64 
[2022-12-25 11:26:32,281]88 root -INFO -Hypothesis cs_003: float64, float64 
[2022-12-25 11:26:32,291]88 root -INFO -Hypothesis cs_004: float64, float64 
[2022-12-25 11:26:32,302]88 root -INFO -Hypothesis cs_005: float64, float64 
[2022-12-25 11:26:32,313]88 root -INFO -Hypothesis cs_006: float64, float64 
[2022-12-25 11:26:32,323]88 root -INFO -Hypothesis cs_007: float64, float64 
[2022-12-25 11:26:32,334]88 root -INFO -Hypothesis cs_008: float64, float64 
[2022-12-25 11:26:32,342]88 root -INFO -Hypothesis cs_009: float64, float64 
[2022-12-25 11:26:32,378]88 root -INFO -Hypothesis dd_000: float64, float64 
[2022-12-25 11:26:32,388]88 root -INFO -Hypothesis de_000: float64, float64 
[2022-12-25 11:26:32,397]88 root -INFO -Hypothesis df_000: float64, float64 
[2022-12-25 11:26:32,433]88 root -INFO -Hypothesis dg_000: float64, float64 
[2022-12-25 11:26:32,469]88 root -INFO -Hypothesis dh_000: float64, float64 
[2022-12-25 11:26:32,507]88 root -INFO -Hypothesis di_000: float64, float64 
[2022-12-25 11:26:32,546]88 root -INFO -Hypothesis dj_000: float64, float64 
[2022-12-25 11:26:32,582]88 root -INFO -Hypothesis dk_000: float64, float64 
[2022-12-25 11:26:32,618]88 root -INFO -Hypothesis dl_000: float64, float64 
[2022-12-25 11:26:32,658]88 root -INFO -Hypothesis dm_000: float64, float64 
[2022-12-25 11:26:32,694]88 root -INFO -Hypothesis dn_000: float64, float64 
[2022-12-25 11:26:32,704]88 root -INFO -Hypothesis do_000: float64, float64 
[2022-12-25 11:26:32,744]88 root -INFO -Hypothesis dp_000: float64, float64 
[2022-12-25 11:26:32,786]88 root -INFO -Hypothesis dq_000: float64, float64 
[2022-12-25 11:26:32,792]88 root -INFO -Hypothesis dr_000: float64, float64 
[2022-12-25 11:26:32,799]88 root -INFO -Hypothesis ds_000: float64, float64 
[2022-12-25 11:26:32,809]88 root -INFO -Hypothesis dt_000: float64, float64 
[2022-12-25 11:26:32,851]88 root -INFO -Hypothesis du_000: float64, float64 
[2022-12-25 11:26:32,893]88 root -INFO -Hypothesis dv_000: float64, float64 
[2022-12-25 11:26:32,904]88 root -INFO -Hypothesis dx_000: float64, float64 
[2022-12-25 11:26:32,911]88 root -INFO -Hypothesis dy_000: float64, float64 
[2022-12-25 11:26:32,918]88 root -INFO -Hypothesis dz_000: float64, float64 
[2022-12-25 11:26:32,954]88 root -INFO -Hypothesis ea_000: float64, float64 
[2022-12-25 11:26:32,991]88 root -INFO -Hypothesis eb_000: float64, float64 
[2022-12-25 11:26:33,032]88 root -INFO -Hypothesis ec_00: float64, float64 
[2022-12-25 11:26:33,073]88 root -INFO -Hypothesis ed_000: float64, float64 
[2022-12-25 11:26:33,082]88 root -INFO -Hypothesis ee_000: float64, float64 
[2022-12-25 11:26:33,093]88 root -INFO -Hypothesis ee_001: float64, float64 
[2022-12-25 11:26:33,104]88 root -INFO -Hypothesis ee_002: float64, float64 
[2022-12-25 11:26:33,115]88 root -INFO -Hypothesis ee_003: float64, float64 
[2022-12-25 11:26:33,126]88 root -INFO -Hypothesis ee_004: float64, float64 
[2022-12-25 11:26:33,137]88 root -INFO -Hypothesis ee_005: float64, float64 
[2022-12-25 11:26:33,148]88 root -INFO -Hypothesis ee_006: float64, float64 
[2022-12-25 11:26:33,158]88 root -INFO -Hypothesis ee_007: float64, float64 
[2022-12-25 11:26:33,168]88 root -INFO -Hypothesis ee_008: float64, float64 
[2022-12-25 11:26:33,210]88 root -INFO -Hypothesis ee_009: float64, float64 
[2022-12-25 11:26:33,218]88 root -INFO -Hypothesis ef_000: float64, float64 
[2022-12-25 11:26:33,253]88 root -INFO -Hypothesis eg_000: float64, float64 
[2022-12-25 11:26:33,287]143 root -INFO -As all column are available in test df hence detecting data drift
[2022-12-25 11:26:33,288]88 root -INFO -Hypothesis class: object, object 
[2022-12-25 11:26:33,349]88 root -INFO -Hypothesis aa_000: float64, float64 
[2022-12-25 11:26:33,356]88 root -INFO -Hypothesis ac_000: float64, float64 
[2022-12-25 11:26:33,362]88 root -INFO -Hypothesis ae_000: float64, float64 
[2022-12-25 11:26:33,377]88 root -INFO -Hypothesis af_000: float64, float64 
[2022-12-25 11:26:33,392]88 root -INFO -Hypothesis ag_000: float64, float64 
[2022-12-25 11:26:33,408]88 root -INFO -Hypothesis ag_001: float64, float64 
[2022-12-25 11:26:33,423]88 root -INFO -Hypothesis ag_002: float64, float64 
[2022-12-25 11:26:33,439]88 root -INFO -Hypothesis ag_003: float64, float64 
[2022-12-25 11:26:33,444]88 root -INFO -Hypothesis ag_004: float64, float64 
[2022-12-25 11:26:33,452]88 root -INFO -Hypothesis ag_005: float64, float64 
[2022-12-25 11:26:33,460]88 root -INFO -Hypothesis ag_006: float64, float64 
[2022-12-25 11:26:33,468]88 root -INFO -Hypothesis ag_007: float64, float64 
[2022-12-25 11:26:33,475]88 root -INFO -Hypothesis ag_008: float64, float64 
[2022-12-25 11:26:33,481]88 root -INFO -Hypothesis ag_009: float64, float64 
[2022-12-25 11:26:33,486]88 root -INFO -Hypothesis ah_000: float64, float64 
[2022-12-25 11:26:33,494]88 root -INFO -Hypothesis ai_000: float64, float64 
[2022-12-25 11:26:33,498]88 root -INFO -Hypothesis aj_000: float64, float64 
[2022-12-25 11:26:33,502]88 root -INFO -Hypothesis ak_000: float64, float64 
[2022-12-25 11:26:33,520]88 root -INFO -Hypothesis al_000: float64, float64 
[2022-12-25 11:26:33,525]88 root -INFO -Hypothesis am_0: float64, float64 
[2022-12-25 11:26:33,530]88 root -INFO -Hypothesis an_000: float64, float64 
[2022-12-25 11:26:33,538]88 root -INFO -Hypothesis ao_000: float64, float64 
[2022-12-25 11:26:33,546]88 root -INFO -Hypothesis ap_000: float64, float64 
[2022-12-25 11:26:33,553]88 root -INFO -Hypothesis aq_000: float64, float64 
[2022-12-25 11:26:33,561]88 root -INFO -Hypothesis ar_000: float64, float64 
[2022-12-25 11:26:33,564]88 root -INFO -Hypothesis as_000: float64, float64 
[2022-12-25 11:26:33,579]88 root -INFO -Hypothesis at_000: float64, float64 
[2022-12-25 11:26:33,595]88 root -INFO -Hypothesis au_000: float64, float64 
[2022-12-25 11:26:33,611]88 root -INFO -Hypothesis av_000: float64, float64 
[2022-12-25 11:26:33,617]88 root -INFO -Hypothesis ax_000: float64, float64 
[2022-12-25 11:26:33,622]88 root -INFO -Hypothesis ay_000: float64, float64 
[2022-12-25 11:26:33,637]88 root -INFO -Hypothesis ay_001: float64, float64 
[2022-12-25 11:26:33,652]88 root -INFO -Hypothesis ay_002: float64, float64 
[2022-12-25 11:26:33,667]88 root -INFO -Hypothesis ay_003: float64, float64 
[2022-12-25 11:26:33,682]88 root -INFO -Hypothesis ay_004: float64, float64 
[2022-12-25 11:26:33,698]88 root -INFO -Hypothesis ay_005: float64, float64 
[2022-12-25 11:26:33,703]88 root -INFO -Hypothesis ay_006: float64, float64 
[2022-12-25 11:26:33,709]88 root -INFO -Hypothesis ay_007: float64, float64 
[2022-12-25 11:26:33,716]88 root -INFO -Hypothesis ay_008: float64, float64 
[2022-12-25 11:26:33,723]88 root -INFO -Hypothesis ay_009: float64, float64 
[2022-12-25 11:26:33,737]88 root -INFO -Hypothesis az_000: float64, float64 
[2022-12-25 11:26:33,745]88 root -INFO -Hypothesis az_001: float64, float64 
[2022-12-25 11:26:33,751]88 root -INFO -Hypothesis az_002: float64, float64 
[2022-12-25 11:26:33,758]88 root -INFO -Hypothesis az_003: float64, float64 
[2022-12-25 11:26:33,765]88 root -INFO -Hypothesis az_004: float64, float64 
[2022-12-25 11:26:33,772]88 root -INFO -Hypothesis az_005: float64, float64 
[2022-12-25 11:26:33,779]88 root -INFO -Hypothesis az_006: float64, float64 
[2022-12-25 11:26:33,786]88 root -INFO -Hypothesis az_007: float64, float64 
[2022-12-25 11:26:33,790]88 root -INFO -Hypothesis az_008: float64, float64 
[2022-12-25 11:26:33,806]88 root -INFO -Hypothesis az_009: float64, float64 
[2022-12-25 11:26:33,821]88 root -INFO -Hypothesis ba_000: float64, float64 
[2022-12-25 11:26:33,828]88 root -INFO -Hypothesis ba_001: float64, float64 
[2022-12-25 11:26:33,835]88 root -INFO -Hypothesis ba_002: float64, float64 
[2022-12-25 11:26:33,842]88 root -INFO -Hypothesis ba_003: float64, float64 
[2022-12-25 11:26:33,849]88 root -INFO -Hypothesis ba_004: float64, float64 
[2022-12-25 11:26:33,856]88 root -INFO -Hypothesis ba_005: float64, float64 
[2022-12-25 11:26:33,863]88 root -INFO -Hypothesis ba_006: float64, float64 
[2022-12-25 11:26:33,870]88 root -INFO -Hypothesis ba_007: float64, float64 
[2022-12-25 11:26:33,876]88 root -INFO -Hypothesis ba_008: float64, float64 
[2022-12-25 11:26:33,882]88 root -INFO -Hypothesis ba_009: float64, float64 
[2022-12-25 11:26:33,886]88 root -INFO -Hypothesis bb_000: float64, float64 
[2022-12-25 11:26:33,894]88 root -INFO -Hypothesis bc_000: float64, float64 
[2022-12-25 11:26:33,899]88 root -INFO -Hypothesis bd_000: float64, float64 
[2022-12-25 11:26:33,905]88 root -INFO -Hypothesis be_000: float64, float64 
[2022-12-25 11:26:33,911]88 root -INFO -Hypothesis bf_000: float64, float64 
[2022-12-25 11:26:33,915]88 root -INFO -Hypothesis bg_000: float64, float64 
[2022-12-25 11:26:33,922]88 root -INFO -Hypothesis bh_000: float64, float64 
[2022-12-25 11:26:33,929]88 root -INFO -Hypothesis bi_000: float64, float64 
[2022-12-25 11:26:33,936]88 root -INFO -Hypothesis bj_000: float64, float64 
[2022-12-25 11:26:33,943]88 root -INFO -Hypothesis bs_000: float64, float64 
[2022-12-25 11:26:33,950]88 root -INFO -Hypothesis bt_000: float64, float64 
[2022-12-25 11:26:33,958]88 root -INFO -Hypothesis bu_000: float64, float64 
[2022-12-25 11:26:33,965]88 root -INFO -Hypothesis bv_000: float64, float64 
[2022-12-25 11:26:33,972]88 root -INFO -Hypothesis bx_000: float64, float64 
[2022-12-25 11:26:33,979]88 root -INFO -Hypothesis by_000: float64, float64 
[2022-12-25 11:26:33,986]88 root -INFO -Hypothesis bz_000: float64, float64 
[2022-12-25 11:26:33,992]88 root -INFO -Hypothesis ca_000: float64, float64 
[2022-12-25 11:26:33,999]88 root -INFO -Hypothesis cb_000: float64, float64 
[2022-12-25 11:26:34,006]88 root -INFO -Hypothesis cc_000: float64, float64 
[2022-12-25 11:26:34,014]88 root -INFO -Hypothesis cd_000: float64, float64 
[2022-12-25 11:26:34,031]88 root -INFO -Hypothesis ce_000: float64, float64 
[2022-12-25 11:26:34,038]88 root -INFO -Hypothesis ci_000: float64, float64 
[2022-12-25 11:26:34,045]88 root -INFO -Hypothesis cj_000: float64, float64 
[2022-12-25 11:26:34,050]88 root -INFO -Hypothesis ck_000: float64, float64 
[2022-12-25 11:26:34,057]88 root -INFO -Hypothesis cl_000: float64, float64 
[2022-12-25 11:26:34,061]88 root -INFO -Hypothesis cm_000: float64, float64 
[2022-12-25 11:26:34,066]88 root -INFO -Hypothesis cn_000: float64, float64 
[2022-12-25 11:26:34,081]88 root -INFO -Hypothesis cn_001: float64, float64 
[2022-12-25 11:26:34,097]88 root -INFO -Hypothesis cn_002: float64, float64 
[2022-12-25 11:26:34,103]88 root -INFO -Hypothesis cn_003: float64, float64 
[2022-12-25 11:26:34,110]88 root -INFO -Hypothesis cn_004: float64, float64 
[2022-12-25 11:26:34,118]88 root -INFO -Hypothesis cn_005: float64, float64 
[2022-12-25 11:26:34,125]88 root -INFO -Hypothesis cn_006: float64, float64 
[2022-12-25 11:26:34,131]88 root -INFO -Hypothesis cn_007: float64, float64 
[2022-12-25 11:26:34,138]88 root -INFO -Hypothesis cn_008: float64, float64 
[2022-12-25 11:26:34,144]88 root -INFO -Hypothesis cn_009: float64, float64 
[2022-12-25 11:26:34,149]88 root -INFO -Hypothesis cp_000: float64, float64 
[2022-12-25 11:26:34,155]88 root -INFO -Hypothesis cq_000: float64, float64 
[2022-12-25 11:26:34,162]88 root -INFO -Hypothesis cs_000: float64, float64 
[2022-12-25 11:26:34,169]88 root -INFO -Hypothesis cs_001: float64, float64 
[2022-12-25 11:26:34,175]88 root -INFO -Hypothesis cs_002: float64, float64 
[2022-12-25 11:26:34,182]88 root -INFO -Hypothesis cs_003: float64, float64 
[2022-12-25 11:26:34,189]88 root -INFO -Hypothesis cs_004: float64, float64 
[2022-12-25 11:26:34,196]88 root -INFO -Hypothesis cs_005: float64, float64 
[2022-12-25 11:26:34,203]88 root -INFO -Hypothesis cs_006: float64, float64 
[2022-12-25 11:26:34,210]88 root -INFO -Hypothesis cs_007: float64, float64 
[2022-12-25 11:26:34,217]88 root -INFO -Hypothesis cs_008: float64, float64 
[2022-12-25 11:26:34,222]88 root -INFO -Hypothesis cs_009: float64, float64 
[2022-12-25 11:26:34,237]88 root -INFO -Hypothesis dd_000: float64, float64 
[2022-12-25 11:26:34,244]88 root -INFO -Hypothesis de_000: float64, float64 
[2022-12-25 11:26:34,249]88 root -INFO -Hypothesis df_000: float64, float64 
[2022-12-25 11:26:34,265]88 root -INFO -Hypothesis dg_000: float64, float64 
[2022-12-25 11:26:34,280]88 root -INFO -Hypothesis dh_000: float64, float64 
[2022-12-25 11:26:34,284]88 root -INFO -Hypothesis di_000: float64, float64 
[2022-12-25 11:26:34,288]88 root -INFO -Hypothesis dj_000: float64, float64 
[2022-12-25 11:26:34,303]88 root -INFO -Hypothesis dk_000: float64, float64 
[2022-12-25 11:26:34,318]88 root -INFO -Hypothesis dl_000: float64, float64 
[2022-12-25 11:26:34,333]88 root -INFO -Hypothesis dm_000: float64, float64 
[2022-12-25 11:26:34,349]88 root -INFO -Hypothesis dn_000: float64, float64 
[2022-12-25 11:26:34,356]88 root -INFO -Hypothesis do_000: float64, float64 
[2022-12-25 11:26:34,362]88 root -INFO -Hypothesis dp_000: float64, float64 
[2022-12-25 11:26:34,369]88 root -INFO -Hypothesis dq_000: float64, float64 
[2022-12-25 11:26:34,373]88 root -INFO -Hypothesis dr_000: float64, float64 
[2022-12-25 11:26:34,378]88 root -INFO -Hypothesis ds_000: float64, float64 
[2022-12-25 11:26:34,385]88 root -INFO -Hypothesis dt_000: float64, float64 
[2022-12-25 11:26:34,392]88 root -INFO -Hypothesis du_000: float64, float64 
[2022-12-25 11:26:34,398]88 root -INFO -Hypothesis dv_000: float64, float64 
[2022-12-25 11:26:34,405]88 root -INFO -Hypothesis dx_000: float64, float64 
[2022-12-25 11:26:34,410]88 root -INFO -Hypothesis dy_000: float64, float64 
[2022-12-25 11:26:34,415]88 root -INFO -Hypothesis dz_000: float64, float64 
[2022-12-25 11:26:34,429]88 root -INFO -Hypothesis ea_000: float64, float64 
[2022-12-25 11:26:34,444]88 root -INFO -Hypothesis eb_000: float64, float64 
[2022-12-25 11:26:34,450]88 root -INFO -Hypothesis ec_00: float64, float64 
[2022-12-25 11:26:34,457]88 root -INFO -Hypothesis ed_000: float64, float64 
[2022-12-25 11:26:34,463]88 root -INFO -Hypothesis ee_000: float64, float64 
[2022-12-25 11:26:34,470]88 root -INFO -Hypothesis ee_001: float64, float64 
[2022-12-25 11:26:34,477]88 root -INFO -Hypothesis ee_002: float64, float64 
[2022-12-25 11:26:34,484]88 root -INFO -Hypothesis ee_003: float64, float64 
[2022-12-25 11:26:34,490]88 root -INFO -Hypothesis ee_004: float64, float64 
[2022-12-25 11:26:34,497]88 root -INFO -Hypothesis ee_005: float64, float64 
[2022-12-25 11:26:34,504]88 root -INFO -Hypothesis ee_006: float64, float64 
[2022-12-25 11:26:34,511]88 root -INFO -Hypothesis ee_007: float64, float64 
[2022-12-25 11:26:34,518]88 root -INFO -Hypothesis ee_008: float64, float64 
[2022-12-25 11:26:34,524]88 root -INFO -Hypothesis ee_009: float64, float64 
[2022-12-25 11:26:34,529]88 root -INFO -Hypothesis ef_000: float64, float64 
[2022-12-25 11:26:34,544]88 root -INFO -Hypothesis eg_000: float64, float64 
[2022-12-25 11:26:34,560]147 root -INFO -Write reprt in yaml file
[2022-12-25 11:26:34,630]152 root -INFO -Data validation artifact: DataValidationArtifact(report_file_path='/config/workspace/artifact/12252022__112559/data_validation/report.yaml')
[2022-12-25 11:26:34,633]24 root -INFO ->>>>>>>>>>>>>>>>>>>>>>>>>>>>>>>>>>>>>>>> Data Transformation <<<<<<<<<<<<<<<<<<<<<<<<<<<<<<<<<<<<<<<<
[2022-12-25 11:26:35,533]75 root -INFO -Before resampling in training set Input: (28950, 170) Target:(28950,)
[2022-12-25 11:26:41,081]77 root -INFO -After resampling in training set Input: (56160, 170) Target:(56160,)
[2022-12-25 11:26:41,081]79 root -INFO -Before resampling in testing set Input: (7238, 170) Target:(7238,)
[2022-12-25 11:26:41,674]81 root -INFO -After resampling in testing set Input: (14060, 170) Target:(14060,)
[2022-12-25 11:26:41,788]56 root -INFO -Entered the save_object method of utils
[2022-12-25 11:26:41,790]60 root -INFO -Exited the save_object method of utils
[2022-12-25 11:26:41,791]56 root -INFO -Entered the save_object method of utils
[2022-12-25 11:26:41,791]60 root -INFO -Exited the save_object method of utils
[2022-12-25 11:26:41,791]112 root -INFO -Data transformation object DataTransformationArtifact(transform_object_path='/config/workspace/artifact/12252022__112559/data_transformation/transformer/transformer.pkl', transformed_train_path='/config/workspace/artifact/12252022__112559/data_transformation/transformed/train.npz', transformed_test_path='/config/workspace/artifact/12252022__112559/data_transformation/transformed/test.npz', target_encoder_path='/config/workspace/artifact/12252022__112559/data_transformation/target_encoder/target_encoder.pkl')
[2022-12-25 11:26:41,793]18 root -INFO ->>>>>>>>>>>>>>>>>>>>>>>>>>>>>>>>>>>>>>>> Model Trainer <<<<<<<<<<<<<<<<<<<<<<<<<<<<<<<<<<<<<<<<
[2022-12-25 11:26:41,793]45 root -INFO -Loading train and test array.
[2022-12-25 11:26:41,824]49 root -INFO -Splitting input and target feature from both train and test arr.
[2022-12-25 11:26:41,824]53 root -INFO -Train the model
[2022-12-25 11:26:51,778]56 root -INFO -Calculating f1 train score
[2022-12-25 11:26:51,836]60 root -INFO -Calculating f1 test score
[2022-12-25 11:26:51,854]64 root -INFO -train score:1.0 and tests score 0.9861031518624642
[2022-12-25 11:26:51,854]66 root -INFO -Checking if our model is underfitting or not
[2022-12-25 11:26:51,854]71 root -INFO -Checking if our model is overfiiting or not
[2022-12-25 11:26:51,854]78 root -INFO -Saving mode object
[2022-12-25 11:26:51,854]56 root -INFO -Entered the save_object method of utils
[2022-12-25 11:26:51,860]60 root -INFO -Exited the save_object method of utils
[2022-12-25 11:26:51,860]82 root -INFO -Prepare the artifact
[2022-12-25 11:26:51,861]85 root -INFO -Model trainer artifact: ModelTrainerArtifact(model_path='/config/workspace/artifact/12252022__112559/model_trainer/model/model.pkl', f1_train_score=1.0, f1_test_score=0.9861031518624642)
[2022-12-25 11:26:51,863]14 root -INFO ->>>>>>>>>>>>>>>>>>>>>>>>>>>>>>>>>>>>>>>>  Model Evaluation <<<<<<<<<<<<<<<<<<<<<<<<<<<<<<<<<<<<<<<<
[2022-12-25 11:26:51,863]34 root -INFO -Model evaluation artifact: ModelEvaluationArtifact(is_model_accepted=True, improved_accuracy=None)
[2022-12-25 11:26:51,863]14 root -INFO ->>>>>>>>>>>>>>>>>>>>>>>>>>>>>>>>>>>>>>>> Data Transformation <<<<<<<<<<<<<<<<<<<<<<<<<<<<<<<<<<<<<<<<
[2022-12-25 11:26:51,863]25 root -INFO -Loading transformer model and target encoder
[2022-12-25 11:26:51,869]31 root -INFO -Saving model into model pusher directory
[2022-12-25 11:26:51,869]56 root -INFO -Entered the save_object method of utils
[2022-12-25 11:26:51,871]60 root -INFO -Exited the save_object method of utils
[2022-12-25 11:26:51,871]56 root -INFO -Entered the save_object method of utils
[2022-12-25 11:26:51,876]60 root -INFO -Exited the save_object method of utils
[2022-12-25 11:26:51,876]56 root -INFO -Entered the save_object method of utils
[2022-12-25 11:26:51,877]60 root -INFO -Exited the save_object method of utils
[2022-12-25 11:26:51,877]38 root -INFO -Saving model in saved model dir
[2022-12-25 11:26:51,877]56 root -INFO -Entered the save_object method of utils
[2022-12-25 11:26:51,879]60 root -INFO -Exited the save_object method of utils
[2022-12-25 11:26:51,879]56 root -INFO -Entered the save_object method of utils
[2022-12-25 11:26:51,883]60 root -INFO -Exited the save_object method of utils
[2022-12-25 11:26:51,883]56 root -INFO -Entered the save_object method of utils
[2022-12-25 11:26:51,884]60 root -INFO -Exited the save_object method of utils
[2022-12-25 11:26:51,884]49 root -INFO -Model pusher artifact: ModelPusherArtifact(pusher_model_dir='/config/workspace/artifact/12252022__112559/model_pusher/saved_models', saved_model_dir='saved_models')
