[2022-12-30 12:36:38,150]22 root -INFO -Exporting collection data as pandas dataframe
[2022-12-30 12:36:38,150]24 root -INFO -Reading data from database: APS and collection name Sensor
[2022-12-30 12:36:41,688]26 root -INFO -Found column: Index(['_id', 'class', 'aa_000', 'ab_000', 'ac_000', 'ad_000', 'ae_000',
       'af_000', 'ag_000', 'ag_001',
       ...
       'ee_002', 'ee_003', 'ee_004', 'ee_005', 'ee_006', 'ee_007', 'ee_008',
       'ee_009', 'ef_000', 'eg_000'],
      dtype='object', length=172)
[2022-12-30 12:36:41,689]28 root -INFO -Dropping column: _id
[2022-12-30 12:36:41,922]30 root -INFO -Row & column in df : (36188, 171)
[2022-12-30 12:36:41,923]28 root -INFO -Save data in feature store
[2022-12-30 12:36:42,685]34 root -INFO -Create feature store folder if not available
[2022-12-30 12:36:42,686]38 root -INFO -Save df to feature store folder
[2022-12-30 12:36:45,270]43 root -INFO -split dataset into train and test set
[2022-12-30 12:36:45,979]47 root -INFO -create dataset directory folder if not available
[2022-12-30 12:36:45,980]52 root -INFO -Save df to feature store folder
[2022-12-30 12:36:48,293]64 root -INFO -Data ingestion artifact: DataIngestionArtifact(feature_store_file_path='/config/workspace/artifact/12302022__123638/data_ingestion/feature_store/sensor.csv', train_file_path='/config/workspace/artifact/12302022__123638/data_ingestion/dataset/train.csv', test_file_path='/config/workspace/artifact/12302022__123638/data_ingestion/dataset/test.csv')
[2022-12-30 12:36:48,758]22 root -INFO -Exporting collection data as pandas dataframe
[2022-12-30 12:36:48,758]24 root -INFO -Reading data from database: APS and collection name Sensor
[2022-12-30 12:36:52,507]26 root -INFO -Found column: Index(['_id', 'class', 'aa_000', 'ab_000', 'ac_000', 'ad_000', 'ae_000',
       'af_000', 'ag_000', 'ag_001',
       ...
       'ee_002', 'ee_003', 'ee_004', 'ee_005', 'ee_006', 'ee_007', 'ee_008',
       'ee_009', 'ef_000', 'eg_000'],
      dtype='object', length=172)
[2022-12-30 12:36:52,507]28 root -INFO -Dropping column: _id
[2022-12-30 12:36:52,703]30 root -INFO -Row & column in df : (36188, 171)
[2022-12-30 12:36:52,703]28 root -INFO -Save data in feature store
[2022-12-30 12:36:53,242]34 root -INFO -Create feature store folder if not available
[2022-12-30 12:36:53,243]38 root -INFO -Save df to feature store folder
[2022-12-30 12:36:55,791]43 root -INFO -split dataset into train and test set
[2022-12-30 12:36:56,392]47 root -INFO -create dataset directory folder if not available
[2022-12-30 12:36:56,392]52 root -INFO -Save df to feature store folder
[2022-12-30 12:36:58,721]64 root -INFO -Data ingestion artifact: DataIngestionArtifact(feature_store_file_path='/config/workspace/artifact/12302022__123638/data_ingestion/feature_store/sensor.csv', train_file_path='/config/workspace/artifact/12302022__123638/data_ingestion/dataset/train.csv', test_file_path='/config/workspace/artifact/12302022__123638/data_ingestion/dataset/test.csv')
[2022-12-30 12:36:59,139]21 root -INFO ->>>>>>>>>>>>>>>>>>>>>>>>>>>>>>>>>>>>>>>> Data Validation <<<<<<<<<<<<<<<<<<<<<<<<<<<<<<<<<<<<<<<<
[2022-12-30 12:36:59,140]110 root -INFO -Reading base dataframe
[2022-12-30 12:37:02,195]113 root -INFO -Replace na value in base df
[2022-12-30 12:37:02,196]115 root -INFO -Drop null values colums from base df
[2022-12-30 12:37:03,182]44 root -INFO -selecting column name which contains null above to 0.2
[2022-12-30 12:37:03,183]47 root -INFO -Columns to drop: ['ab_000', 'ad_000', 'bk_000', 'bl_000', 'bm_000', 'bn_000', 'bo_000', 'bp_000', 'bq_000', 'br_000', 'cf_000', 'cg_000', 'ch_000', 'co_000', 'cr_000', 'ct_000', 'cu_000', 'cv_000', 'cx_000', 'cy_000', 'cz_000', 'da_000', 'db_000', 'dc_000']
[2022-12-30 12:37:03,273]118 root -INFO -Reading train dataframe
[2022-12-30 12:37:03,683]120 root -INFO -Reading test dataframe
[2022-12-30 12:37:03,784]123 root -INFO -Drop null values colums from train df
[2022-12-30 12:37:03,796]44 root -INFO -selecting column name which contains null above to 0.2
[2022-12-30 12:37:03,796]47 root -INFO -Columns to drop: ['ab_000', 'ad_000', 'bk_000', 'bl_000', 'bm_000', 'bn_000', 'bo_000', 'bp_000', 'bq_000', 'br_000', 'cf_000', 'cg_000', 'ch_000', 'co_000', 'cr_000', 'ct_000', 'cu_000', 'cv_000', 'cx_000', 'cy_000', 'cz_000', 'da_000', 'db_000', 'dc_000']
[2022-12-30 12:37:03,808]125 root -INFO -Drop null values colums from test df
[2022-12-30 12:37:03,812]44 root -INFO -selecting column name which contains null above to 0.2
[2022-12-30 12:37:03,812]47 root -INFO -Columns to drop: ['ab_000', 'ad_000', 'bk_000', 'bl_000', 'bm_000', 'bn_000', 'bo_000', 'bp_000', 'bq_000', 'br_000', 'cf_000', 'cg_000', 'ch_000', 'co_000', 'cr_000', 'ct_000', 'cu_000', 'cv_000', 'cx_000', 'cy_000', 'cz_000', 'da_000', 'db_000', 'dc_000']
[2022-12-30 12:37:10,139]134 root -INFO -Is all required columns present in train df
[2022-12-30 12:37:10,139]136 root -INFO -Is all required columns present in test df
[2022-12-30 12:37:10,140]140 root -INFO -As all column are available in train df hence detecting data drift
[2022-12-30 12:37:10,140]88 root -INFO -Hypothesis class: object, object 
[2022-12-30 12:37:10,277]88 root -INFO -Hypothesis aa_000: float64, float64 
[2022-12-30 12:37:10,288]88 root -INFO -Hypothesis ac_000: float64, float64 
[2022-12-30 12:37:10,328]88 root -INFO -Hypothesis ae_000: float64, float64 
[2022-12-30 12:37:10,372]88 root -INFO -Hypothesis af_000: float64, float64 
[2022-12-30 12:37:10,410]88 root -INFO -Hypothesis ag_000: float64, float64 
[2022-12-30 12:37:10,446]88 root -INFO -Hypothesis ag_001: float64, float64 
[2022-12-30 12:37:10,483]88 root -INFO -Hypothesis ag_002: float64, float64 
[2022-12-30 12:37:10,521]88 root -INFO -Hypothesis ag_003: float64, float64 
[2022-12-30 12:37:10,559]88 root -INFO -Hypothesis ag_004: float64, float64 
[2022-12-30 12:37:10,602]88 root -INFO -Hypothesis ag_005: float64, float64 
[2022-12-30 12:37:10,613]88 root -INFO -Hypothesis ag_006: float64, float64 
[2022-12-30 12:37:10,623]88 root -INFO -Hypothesis ag_007: float64, float64 
[2022-12-30 12:37:10,632]88 root -INFO -Hypothesis ag_008: float64, float64 
[2022-12-30 12:37:10,641]88 root -INFO -Hypothesis ag_009: float64, float64 
[2022-12-30 12:37:10,684]88 root -INFO -Hypothesis ah_000: float64, float64 
[2022-12-30 12:37:10,696]88 root -INFO -Hypothesis ai_000: float64, float64 
[2022-12-30 12:37:10,733]88 root -INFO -Hypothesis aj_000: float64, float64 
[2022-12-30 12:37:10,771]88 root -INFO -Hypothesis ak_000: float64, float64 
[2022-12-30 12:37:10,809]88 root -INFO -Hypothesis al_000: float64, float64 
[2022-12-30 12:37:10,848]88 root -INFO -Hypothesis am_0: float64, float64 
[2022-12-30 12:37:10,888]88 root -INFO -Hypothesis an_000: float64, float64 
[2022-12-30 12:37:10,898]88 root -INFO -Hypothesis ao_000: float64, float64 
[2022-12-30 12:37:10,909]88 root -INFO -Hypothesis ap_000: float64, float64 
[2022-12-30 12:37:10,951]88 root -INFO -Hypothesis aq_000: float64, float64 
[2022-12-30 12:37:10,962]88 root -INFO -Hypothesis ar_000: float64, float64 
[2022-12-30 12:37:10,998]88 root -INFO -Hypothesis as_000: float64, float64 
[2022-12-30 12:37:11,040]88 root -INFO -Hypothesis at_000: float64, float64 
[2022-12-30 12:37:11,078]88 root -INFO -Hypothesis au_000: float64, float64 
[2022-12-30 12:37:11,114]88 root -INFO -Hypothesis av_000: float64, float64 
[2022-12-30 12:37:11,155]88 root -INFO -Hypothesis ax_000: float64, float64 
[2022-12-30 12:37:11,195]88 root -INFO -Hypothesis ay_000: float64, float64 
[2022-12-30 12:37:11,230]88 root -INFO -Hypothesis ay_001: float64, float64 
[2022-12-30 12:37:11,276]88 root -INFO -Hypothesis ay_002: float64, float64 
[2022-12-30 12:37:11,313]88 root -INFO -Hypothesis ay_003: float64, float64 
[2022-12-30 12:37:11,350]88 root -INFO -Hypothesis ay_004: float64, float64 
[2022-12-30 12:37:11,386]88 root -INFO -Hypothesis ay_005: float64, float64 
[2022-12-30 12:37:11,427]88 root -INFO -Hypothesis ay_006: float64, float64 
[2022-12-30 12:37:11,469]88 root -INFO -Hypothesis ay_007: float64, float64 
[2022-12-30 12:37:11,480]88 root -INFO -Hypothesis ay_008: float64, float64 
[2022-12-30 12:37:11,523]88 root -INFO -Hypothesis ay_009: float64, float64 
[2022-12-30 12:37:11,559]88 root -INFO -Hypothesis az_000: float64, float64 
[2022-12-30 12:37:11,602]88 root -INFO -Hypothesis az_001: float64, float64 
[2022-12-30 12:37:11,612]88 root -INFO -Hypothesis az_002: float64, float64 
[2022-12-30 12:37:11,621]88 root -INFO -Hypothesis az_003: float64, float64 
[2022-12-30 12:37:11,664]88 root -INFO -Hypothesis az_004: float64, float64 
[2022-12-30 12:37:11,675]88 root -INFO -Hypothesis az_005: float64, float64 
[2022-12-30 12:37:11,686]88 root -INFO -Hypothesis az_006: float64, float64 
[2022-12-30 12:37:11,695]88 root -INFO -Hypothesis az_007: float64, float64 
[2022-12-30 12:37:11,734]88 root -INFO -Hypothesis az_008: float64, float64 
[2022-12-30 12:37:11,772]88 root -INFO -Hypothesis az_009: float64, float64 
[2022-12-30 12:37:11,808]88 root -INFO -Hypothesis ba_000: float64, float64 
[2022-12-30 12:37:11,819]88 root -INFO -Hypothesis ba_001: float64, float64 
[2022-12-30 12:37:11,830]88 root -INFO -Hypothesis ba_002: float64, float64 
[2022-12-30 12:37:11,841]88 root -INFO -Hypothesis ba_003: float64, float64 
[2022-12-30 12:37:11,851]88 root -INFO -Hypothesis ba_004: float64, float64 
[2022-12-30 12:37:11,861]88 root -INFO -Hypothesis ba_005: float64, float64 
[2022-12-30 12:37:11,871]88 root -INFO -Hypothesis ba_006: float64, float64 
[2022-12-30 12:37:11,881]88 root -INFO -Hypothesis ba_007: float64, float64 
[2022-12-30 12:37:11,891]88 root -INFO -Hypothesis ba_008: float64, float64 
[2022-12-30 12:37:11,932]88 root -INFO -Hypothesis ba_009: float64, float64 
[2022-12-30 12:37:11,971]88 root -INFO -Hypothesis bb_000: float64, float64 
[2022-12-30 12:37:11,982]88 root -INFO -Hypothesis bc_000: float64, float64 
[2022-12-30 12:37:11,990]88 root -INFO -Hypothesis bd_000: float64, float64 
[2022-12-30 12:37:11,998]88 root -INFO -Hypothesis be_000: float64, float64 
[2022-12-30 12:37:12,007]88 root -INFO -Hypothesis bf_000: float64, float64 
[2022-12-30 12:37:12,014]88 root -INFO -Hypothesis bg_000: float64, float64 
[2022-12-30 12:37:12,025]88 root -INFO -Hypothesis bh_000: float64, float64 
[2022-12-30 12:37:12,036]88 root -INFO -Hypothesis bi_000: float64, float64 
[2022-12-30 12:37:12,082]88 root -INFO -Hypothesis bj_000: float64, float64 
[2022-12-30 12:37:12,124]88 root -INFO -Hypothesis bs_000: float64, float64 
[2022-12-30 12:37:12,167]88 root -INFO -Hypothesis bt_000: float64, float64 
[2022-12-30 12:37:12,215]88 root -INFO -Hypothesis bu_000: float64, float64 
[2022-12-30 12:37:12,226]88 root -INFO -Hypothesis bv_000: float64, float64 
[2022-12-30 12:37:12,237]88 root -INFO -Hypothesis bx_000: float64, float64 
[2022-12-30 12:37:12,248]88 root -INFO -Hypothesis by_000: float64, float64 
[2022-12-30 12:37:12,260]88 root -INFO -Hypothesis bz_000: float64, float64 
[2022-12-30 12:37:12,309]88 root -INFO -Hypothesis ca_000: float64, float64 
[2022-12-30 12:37:12,360]88 root -INFO -Hypothesis cb_000: float64, float64 
[2022-12-30 12:37:12,371]88 root -INFO -Hypothesis cc_000: float64, float64 
[2022-12-30 12:37:12,381]88 root -INFO -Hypothesis cd_000: float64, float64 
[2022-12-30 12:37:12,418]88 root -INFO -Hypothesis ce_000: float64, float64 
[2022-12-30 12:37:12,427]88 root -INFO -Hypothesis ci_000: float64, float64 
[2022-12-30 12:37:12,471]88 root -INFO -Hypothesis cj_000: float64, float64 
[2022-12-30 12:37:12,509]88 root -INFO -Hypothesis ck_000: float64, float64 
[2022-12-30 12:37:12,519]88 root -INFO -Hypothesis cl_000: float64, float64 
[2022-12-30 12:37:12,557]88 root -INFO -Hypothesis cm_000: float64, float64 
[2022-12-30 12:37:12,597]88 root -INFO -Hypothesis cn_000: float64, float64 
[2022-12-30 12:37:12,634]88 root -INFO -Hypothesis cn_001: float64, float64 
[2022-12-30 12:37:12,673]88 root -INFO -Hypothesis cn_002: float64, float64 
[2022-12-30 12:37:12,713]88 root -INFO -Hypothesis cn_003: float64, float64 
[2022-12-30 12:37:12,755]88 root -INFO -Hypothesis cn_004: float64, float64 
[2022-12-30 12:37:12,766]88 root -INFO -Hypothesis cn_005: float64, float64 
[2022-12-30 12:37:12,777]88 root -INFO -Hypothesis cn_006: float64, float64 
[2022-12-30 12:37:12,787]88 root -INFO -Hypothesis cn_007: float64, float64 
[2022-12-30 12:37:12,796]88 root -INFO -Hypothesis cn_008: float64, float64 
[2022-12-30 12:37:12,806]88 root -INFO -Hypothesis cn_009: float64, float64 
[2022-12-30 12:37:12,813]88 root -INFO -Hypothesis cp_000: float64, float64 
[2022-12-30 12:37:12,853]88 root -INFO -Hypothesis cq_000: float64, float64 
[2022-12-30 12:37:12,863]88 root -INFO -Hypothesis cs_000: float64, float64 
[2022-12-30 12:37:12,905]88 root -INFO -Hypothesis cs_001: float64, float64 
[2022-12-30 12:37:12,947]88 root -INFO -Hypothesis cs_002: float64, float64 
[2022-12-30 12:37:12,957]88 root -INFO -Hypothesis cs_003: float64, float64 
[2022-12-30 12:37:12,967]88 root -INFO -Hypothesis cs_004: float64, float64 
[2022-12-30 12:37:13,011]88 root -INFO -Hypothesis cs_005: float64, float64 
[2022-12-30 12:37:13,022]88 root -INFO -Hypothesis cs_006: float64, float64 
[2022-12-30 12:37:13,033]88 root -INFO -Hypothesis cs_007: float64, float64 
[2022-12-30 12:37:13,043]88 root -INFO -Hypothesis cs_008: float64, float64 
[2022-12-30 12:37:13,083]88 root -INFO -Hypothesis cs_009: float64, float64 
[2022-12-30 12:37:13,120]88 root -INFO -Hypothesis dd_000: float64, float64 
[2022-12-30 12:37:13,129]88 root -INFO -Hypothesis de_000: float64, float64 
[2022-12-30 12:37:13,169]88 root -INFO -Hypothesis df_000: float64, float64 
[2022-12-30 12:37:13,205]88 root -INFO -Hypothesis dg_000: float64, float64 
[2022-12-30 12:37:13,241]88 root -INFO -Hypothesis dh_000: float64, float64 
[2022-12-30 12:37:13,278]88 root -INFO -Hypothesis di_000: float64, float64 
[2022-12-30 12:37:13,317]88 root -INFO -Hypothesis dj_000: float64, float64 
[2022-12-30 12:37:13,354]88 root -INFO -Hypothesis dk_000: float64, float64 
[2022-12-30 12:37:13,391]88 root -INFO -Hypothesis dl_000: float64, float64 
[2022-12-30 12:37:13,427]88 root -INFO -Hypothesis dm_000: float64, float64 
[2022-12-30 12:37:13,468]88 root -INFO -Hypothesis dn_000: float64, float64 
[2022-12-30 12:37:13,478]88 root -INFO -Hypothesis do_000: float64, float64 
[2022-12-30 12:37:13,519]88 root -INFO -Hypothesis dp_000: float64, float64 
[2022-12-30 12:37:13,529]88 root -INFO -Hypothesis dq_000: float64, float64 
[2022-12-30 12:37:13,568]88 root -INFO -Hypothesis dr_000: float64, float64 
[2022-12-30 12:37:13,607]88 root -INFO -Hypothesis ds_000: float64, float64 
[2022-12-30 12:37:13,650]88 root -INFO -Hypothesis dt_000: float64, float64 
[2022-12-30 12:37:13,693]88 root -INFO -Hypothesis du_000: float64, float64 
[2022-12-30 12:37:13,703]88 root -INFO -Hypothesis dv_000: float64, float64 
[2022-12-30 12:37:13,714]88 root -INFO -Hypothesis dx_000: float64, float64 
[2022-12-30 12:37:13,754]88 root -INFO -Hypothesis dy_000: float64, float64 
[2022-12-30 12:37:13,761]88 root -INFO -Hypothesis dz_000: float64, float64 
[2022-12-30 12:37:13,799]88 root -INFO -Hypothesis ea_000: float64, float64 
[2022-12-30 12:37:13,837]88 root -INFO -Hypothesis eb_000: float64, float64 
[2022-12-30 12:37:13,878]88 root -INFO -Hypothesis ec_00: float64, float64 
[2022-12-30 12:37:13,920]88 root -INFO -Hypothesis ed_000: float64, float64 
[2022-12-30 12:37:13,962]88 root -INFO -Hypothesis ee_000: float64, float64 
[2022-12-30 12:37:13,974]88 root -INFO -Hypothesis ee_001: float64, float64 
[2022-12-30 12:37:13,984]88 root -INFO -Hypothesis ee_002: float64, float64 
[2022-12-30 12:37:13,995]88 root -INFO -Hypothesis ee_003: float64, float64 
[2022-12-30 12:37:14,005]88 root -INFO -Hypothesis ee_004: float64, float64 
[2022-12-30 12:37:14,016]88 root -INFO -Hypothesis ee_005: float64, float64 
[2022-12-30 12:37:14,026]88 root -INFO -Hypothesis ee_006: float64, float64 
[2022-12-30 12:37:14,036]88 root -INFO -Hypothesis ee_007: float64, float64 
[2022-12-30 12:37:14,078]88 root -INFO -Hypothesis ee_008: float64, float64 
[2022-12-30 12:37:14,119]88 root -INFO -Hypothesis ee_009: float64, float64 
[2022-12-30 12:37:14,160]88 root -INFO -Hypothesis ef_000: float64, float64 
[2022-12-30 12:37:14,199]88 root -INFO -Hypothesis eg_000: float64, float64 
[2022-12-30 12:37:14,235]143 root -INFO -As all column are available in test df hence detecting data drift
[2022-12-30 12:37:14,235]88 root -INFO -Hypothesis class: object, object 
[2022-12-30 12:37:14,310]88 root -INFO -Hypothesis aa_000: float64, float64 
[2022-12-30 12:37:14,317]88 root -INFO -Hypothesis ac_000: float64, float64 
[2022-12-30 12:37:14,322]88 root -INFO -Hypothesis ae_000: float64, float64 
[2022-12-30 12:37:14,326]88 root -INFO -Hypothesis af_000: float64, float64 
[2022-12-30 12:37:14,331]88 root -INFO -Hypothesis ag_000: float64, float64 
[2022-12-30 12:37:14,349]88 root -INFO -Hypothesis ag_001: float64, float64 
[2022-12-30 12:37:14,364]88 root -INFO -Hypothesis ag_002: float64, float64 
[2022-12-30 12:37:14,379]88 root -INFO -Hypothesis ag_003: float64, float64 
[2022-12-30 12:37:14,396]88 root -INFO -Hypothesis ag_004: float64, float64 
[2022-12-30 12:37:14,403]88 root -INFO -Hypothesis ag_005: float64, float64 
[2022-12-30 12:37:14,410]88 root -INFO -Hypothesis ag_006: float64, float64 
[2022-12-30 12:37:14,417]88 root -INFO -Hypothesis ag_007: float64, float64 
[2022-12-30 12:37:14,423]88 root -INFO -Hypothesis ag_008: float64, float64 
[2022-12-30 12:37:14,429]88 root -INFO -Hypothesis ag_009: float64, float64 
[2022-12-30 12:37:14,433]88 root -INFO -Hypothesis ah_000: float64, float64 
[2022-12-30 12:37:14,441]88 root -INFO -Hypothesis ai_000: float64, float64 
[2022-12-30 12:37:14,444]88 root -INFO -Hypothesis aj_000: float64, float64 
[2022-12-30 12:37:14,448]88 root -INFO -Hypothesis ak_000: float64, float64 
[2022-12-30 12:37:14,463]88 root -INFO -Hypothesis al_000: float64, float64 
[2022-12-30 12:37:14,480]88 root -INFO -Hypothesis am_0: float64, float64 
[2022-12-30 12:37:14,497]88 root -INFO -Hypothesis an_000: float64, float64 
[2022-12-30 12:37:14,504]88 root -INFO -Hypothesis ao_000: float64, float64 
[2022-12-30 12:37:14,512]88 root -INFO -Hypothesis ap_000: float64, float64 
[2022-12-30 12:37:14,519]88 root -INFO -Hypothesis aq_000: float64, float64 
[2022-12-30 12:37:14,526]88 root -INFO -Hypothesis ar_000: float64, float64 
[2022-12-30 12:37:14,541]88 root -INFO -Hypothesis as_000: float64, float64 
[2022-12-30 12:37:14,556]88 root -INFO -Hypothesis at_000: float64, float64 
[2022-12-30 12:37:14,559]88 root -INFO -Hypothesis au_000: float64, float64 
[2022-12-30 12:37:14,574]88 root -INFO -Hypothesis av_000: float64, float64 
[2022-12-30 12:37:14,580]88 root -INFO -Hypothesis ax_000: float64, float64 
[2022-12-30 12:37:14,585]88 root -INFO -Hypothesis ay_000: float64, float64 
[2022-12-30 12:37:14,601]88 root -INFO -Hypothesis ay_001: float64, float64 
[2022-12-30 12:37:14,616]88 root -INFO -Hypothesis ay_002: float64, float64 
[2022-12-30 12:37:14,631]88 root -INFO -Hypothesis ay_003: float64, float64 
[2022-12-30 12:37:14,647]88 root -INFO -Hypothesis ay_004: float64, float64 
[2022-12-30 12:37:14,662]88 root -INFO -Hypothesis ay_005: float64, float64 
[2022-12-30 12:37:14,668]88 root -INFO -Hypothesis ay_006: float64, float64 
[2022-12-30 12:37:14,674]88 root -INFO -Hypothesis ay_007: float64, float64 
[2022-12-30 12:37:14,681]88 root -INFO -Hypothesis ay_008: float64, float64 
[2022-12-30 12:37:14,688]88 root -INFO -Hypothesis ay_009: float64, float64 
[2022-12-30 12:37:14,702]88 root -INFO -Hypothesis az_000: float64, float64 
[2022-12-30 12:37:14,709]88 root -INFO -Hypothesis az_001: float64, float64 
[2022-12-30 12:37:14,715]88 root -INFO -Hypothesis az_002: float64, float64 
[2022-12-30 12:37:14,722]88 root -INFO -Hypothesis az_003: float64, float64 
[2022-12-30 12:37:14,728]88 root -INFO -Hypothesis az_004: float64, float64 
[2022-12-30 12:37:14,735]88 root -INFO -Hypothesis az_005: float64, float64 
[2022-12-30 12:37:14,743]88 root -INFO -Hypothesis az_006: float64, float64 
[2022-12-30 12:37:14,749]88 root -INFO -Hypothesis az_007: float64, float64 
[2022-12-30 12:37:14,765]88 root -INFO -Hypothesis az_008: float64, float64 
[2022-12-30 12:37:14,782]88 root -INFO -Hypothesis az_009: float64, float64 
[2022-12-30 12:37:14,803]88 root -INFO -Hypothesis ba_000: float64, float64 
[2022-12-30 12:37:14,811]88 root -INFO -Hypothesis ba_001: float64, float64 
[2022-12-30 12:37:14,819]88 root -INFO -Hypothesis ba_002: float64, float64 
[2022-12-30 12:37:14,827]88 root -INFO -Hypothesis ba_003: float64, float64 
[2022-12-30 12:37:14,834]88 root -INFO -Hypothesis ba_004: float64, float64 
[2022-12-30 12:37:14,840]88 root -INFO -Hypothesis ba_005: float64, float64 
[2022-12-30 12:37:14,847]88 root -INFO -Hypothesis ba_006: float64, float64 
[2022-12-30 12:37:14,854]88 root -INFO -Hypothesis ba_007: float64, float64 
[2022-12-30 12:37:14,861]88 root -INFO -Hypothesis ba_008: float64, float64 
[2022-12-30 12:37:14,866]88 root -INFO -Hypothesis ba_009: float64, float64 
[2022-12-30 12:37:14,871]88 root -INFO -Hypothesis bb_000: float64, float64 
[2022-12-30 12:37:14,878]88 root -INFO -Hypothesis bc_000: float64, float64 
[2022-12-30 12:37:14,883]88 root -INFO -Hypothesis bd_000: float64, float64 
[2022-12-30 12:37:14,890]88 root -INFO -Hypothesis be_000: float64, float64 
[2022-12-30 12:37:14,896]88 root -INFO -Hypothesis bf_000: float64, float64 
[2022-12-30 12:37:14,901]88 root -INFO -Hypothesis bg_000: float64, float64 
[2022-12-30 12:37:14,908]88 root -INFO -Hypothesis bh_000: float64, float64 
[2022-12-30 12:37:14,916]88 root -INFO -Hypothesis bi_000: float64, float64 
[2022-12-30 12:37:14,923]88 root -INFO -Hypothesis bj_000: float64, float64 
[2022-12-30 12:37:14,931]88 root -INFO -Hypothesis bs_000: float64, float64 
[2022-12-30 12:37:14,938]88 root -INFO -Hypothesis bt_000: float64, float64 
[2022-12-30 12:37:14,945]88 root -INFO -Hypothesis bu_000: float64, float64 
[2022-12-30 12:37:14,953]88 root -INFO -Hypothesis bv_000: float64, float64 
[2022-12-30 12:37:14,960]88 root -INFO -Hypothesis bx_000: float64, float64 
[2022-12-30 12:37:14,967]88 root -INFO -Hypothesis by_000: float64, float64 
[2022-12-30 12:37:14,974]88 root -INFO -Hypothesis bz_000: float64, float64 
[2022-12-30 12:37:14,980]88 root -INFO -Hypothesis ca_000: float64, float64 
[2022-12-30 12:37:14,987]88 root -INFO -Hypothesis cb_000: float64, float64 
[2022-12-30 12:37:14,995]88 root -INFO -Hypothesis cc_000: float64, float64 
[2022-12-30 12:37:15,002]88 root -INFO -Hypothesis cd_000: float64, float64 
[2022-12-30 12:37:15,017]88 root -INFO -Hypothesis ce_000: float64, float64 
[2022-12-30 12:37:15,024]88 root -INFO -Hypothesis ci_000: float64, float64 
[2022-12-30 12:37:15,031]88 root -INFO -Hypothesis cj_000: float64, float64 
[2022-12-30 12:37:15,035]88 root -INFO -Hypothesis ck_000: float64, float64 
[2022-12-30 12:37:15,042]88 root -INFO -Hypothesis cl_000: float64, float64 
[2022-12-30 12:37:15,046]88 root -INFO -Hypothesis cm_000: float64, float64 
[2022-12-30 12:37:15,051]88 root -INFO -Hypothesis cn_000: float64, float64 
[2022-12-30 12:37:15,066]88 root -INFO -Hypothesis cn_001: float64, float64 
[2022-12-30 12:37:15,082]88 root -INFO -Hypothesis cn_002: float64, float64 
[2022-12-30 12:37:15,088]88 root -INFO -Hypothesis cn_003: float64, float64 
[2022-12-30 12:37:15,095]88 root -INFO -Hypothesis cn_004: float64, float64 
[2022-12-30 12:37:15,102]88 root -INFO -Hypothesis cn_005: float64, float64 
[2022-12-30 12:37:15,109]88 root -INFO -Hypothesis cn_006: float64, float64 
[2022-12-30 12:37:15,116]88 root -INFO -Hypothesis cn_007: float64, float64 
[2022-12-30 12:37:15,122]88 root -INFO -Hypothesis cn_008: float64, float64 
[2022-12-30 12:37:15,128]88 root -INFO -Hypothesis cn_009: float64, float64 
[2022-12-30 12:37:15,133]88 root -INFO -Hypothesis cp_000: float64, float64 
[2022-12-30 12:37:15,139]88 root -INFO -Hypothesis cq_000: float64, float64 
[2022-12-30 12:37:15,146]88 root -INFO -Hypothesis cs_000: float64, float64 
[2022-12-30 12:37:15,153]88 root -INFO -Hypothesis cs_001: float64, float64 
[2022-12-30 12:37:15,158]88 root -INFO -Hypothesis cs_002: float64, float64 
[2022-12-30 12:37:15,165]88 root -INFO -Hypothesis cs_003: float64, float64 
[2022-12-30 12:37:15,172]88 root -INFO -Hypothesis cs_004: float64, float64 
[2022-12-30 12:37:15,179]88 root -INFO -Hypothesis cs_005: float64, float64 
[2022-12-30 12:37:15,186]88 root -INFO -Hypothesis cs_006: float64, float64 
[2022-12-30 12:37:15,194]88 root -INFO -Hypothesis cs_007: float64, float64 
[2022-12-30 12:37:15,201]88 root -INFO -Hypothesis cs_008: float64, float64 
[2022-12-30 12:37:15,206]88 root -INFO -Hypothesis cs_009: float64, float64 
[2022-12-30 12:37:15,221]88 root -INFO -Hypothesis dd_000: float64, float64 
[2022-12-30 12:37:15,228]88 root -INFO -Hypothesis de_000: float64, float64 
[2022-12-30 12:37:15,233]88 root -INFO -Hypothesis df_000: float64, float64 
[2022-12-30 12:37:15,249]88 root -INFO -Hypothesis dg_000: float64, float64 
[2022-12-30 12:37:15,264]88 root -INFO -Hypothesis dh_000: float64, float64 
[2022-12-30 12:37:15,267]88 root -INFO -Hypothesis di_000: float64, float64 
[2022-12-30 12:37:15,287]88 root -INFO -Hypothesis dj_000: float64, float64 
[2022-12-30 12:37:15,302]88 root -INFO -Hypothesis dk_000: float64, float64 
[2022-12-30 12:37:15,317]88 root -INFO -Hypothesis dl_000: float64, float64 
[2022-12-30 12:37:15,333]88 root -INFO -Hypothesis dm_000: float64, float64 
[2022-12-30 12:37:15,348]88 root -INFO -Hypothesis dn_000: float64, float64 
[2022-12-30 12:37:15,355]88 root -INFO -Hypothesis do_000: float64, float64 
[2022-12-30 12:37:15,361]88 root -INFO -Hypothesis dp_000: float64, float64 
[2022-12-30 12:37:15,368]88 root -INFO -Hypothesis dq_000: float64, float64 
[2022-12-30 12:37:15,372]88 root -INFO -Hypothesis dr_000: float64, float64 
[2022-12-30 12:37:15,376]88 root -INFO -Hypothesis ds_000: float64, float64 
[2022-12-30 12:37:15,383]88 root -INFO -Hypothesis dt_000: float64, float64 
[2022-12-30 12:37:15,390]88 root -INFO -Hypothesis du_000: float64, float64 
[2022-12-30 12:37:15,397]88 root -INFO -Hypothesis dv_000: float64, float64 
[2022-12-30 12:37:15,404]88 root -INFO -Hypothesis dx_000: float64, float64 
[2022-12-30 12:37:15,408]88 root -INFO -Hypothesis dy_000: float64, float64 
[2022-12-30 12:37:15,413]88 root -INFO -Hypothesis dz_000: float64, float64 
[2022-12-30 12:37:15,428]88 root -INFO -Hypothesis ea_000: float64, float64 
[2022-12-30 12:37:15,432]88 root -INFO -Hypothesis eb_000: float64, float64 
[2022-12-30 12:37:15,437]88 root -INFO -Hypothesis ec_00: float64, float64 
[2022-12-30 12:37:15,444]88 root -INFO -Hypothesis ed_000: float64, float64 
[2022-12-30 12:37:15,450]88 root -INFO -Hypothesis ee_000: float64, float64 
[2022-12-30 12:37:15,457]88 root -INFO -Hypothesis ee_001: float64, float64 
[2022-12-30 12:37:15,464]88 root -INFO -Hypothesis ee_002: float64, float64 
[2022-12-30 12:37:15,471]88 root -INFO -Hypothesis ee_003: float64, float64 
[2022-12-30 12:37:15,478]88 root -INFO -Hypothesis ee_004: float64, float64 
[2022-12-30 12:37:15,485]88 root -INFO -Hypothesis ee_005: float64, float64 
[2022-12-30 12:37:15,492]88 root -INFO -Hypothesis ee_006: float64, float64 
[2022-12-30 12:37:15,498]88 root -INFO -Hypothesis ee_007: float64, float64 
[2022-12-30 12:37:15,505]88 root -INFO -Hypothesis ee_008: float64, float64 
[2022-12-30 12:37:15,511]88 root -INFO -Hypothesis ee_009: float64, float64 
[2022-12-30 12:37:15,516]88 root -INFO -Hypothesis ef_000: float64, float64 
[2022-12-30 12:37:15,531]88 root -INFO -Hypothesis eg_000: float64, float64 
[2022-12-30 12:37:15,546]147 root -INFO -Write reprt in yaml file
[2022-12-30 12:37:15,616]152 root -INFO -Data validation artifact: DataValidationArtifact(report_file_path='/config/workspace/artifact/12302022__123638/data_validation/report.yaml')
[2022-12-30 12:37:15,618]24 root -INFO ->>>>>>>>>>>>>>>>>>>>>>>>>>>>>>>>>>>>>>>> Data Transformation <<<<<<<<<<<<<<<<<<<<<<<<<<<<<<<<<<<<<<<<
[2022-12-30 12:37:16,531]75 root -INFO -Before resampling in training set Input: (28950, 170) Target:(28950,)
[2022-12-30 12:37:22,276]77 root -INFO -After resampling in training set Input: (56206, 170) Target:(56206,)
[2022-12-30 12:37:22,276]79 root -INFO -Before resampling in testing set Input: (7238, 170) Target:(7238,)
[2022-12-30 12:37:22,899]81 root -INFO -After resampling in testing set Input: (14014, 170) Target:(14014,)
[2022-12-30 12:37:23,010]56 root -INFO -Entered the save_object method of utils
[2022-12-30 12:37:23,013]60 root -INFO -Exited the save_object method of utils
[2022-12-30 12:37:23,013]56 root -INFO -Entered the save_object method of utils
[2022-12-30 12:37:23,014]60 root -INFO -Exited the save_object method of utils
[2022-12-30 12:37:23,014]112 root -INFO -Data transformation object DataTransformationArtifact(transform_object_path='/config/workspace/artifact/12302022__123638/data_transformation/transformer/transformer.pkl', transformed_train_path='/config/workspace/artifact/12302022__123638/data_transformation/transformed/train.npz', transformed_test_path='/config/workspace/artifact/12302022__123638/data_transformation/transformed/test.npz', target_encoder_path='/config/workspace/artifact/12302022__123638/data_transformation/target_encoder/target_encoder.pkl')
[2022-12-30 12:37:23,015]18 root -INFO ->>>>>>>>>>>>>>>>>>>>>>>>>>>>>>>>>>>>>>>> Model Trainer <<<<<<<<<<<<<<<<<<<<<<<<<<<<<<<<<<<<<<<<
[2022-12-30 12:37:23,015]45 root -INFO -Loading train and test array.
[2022-12-30 12:37:23,047]49 root -INFO -Splitting input and target feature from both train and test arr.
[2022-12-30 12:37:23,047]53 root -INFO -Train the model
[2022-12-30 12:37:35,715]56 root -INFO -Calculating f1 train score
[2022-12-30 12:37:35,764]60 root -INFO -Calculating f1 test score
[2022-12-30 12:37:35,782]64 root -INFO -train score:0.9999822079886131 and tests score 0.9783254802464662
[2022-12-30 12:37:35,782]66 root -INFO -Checking if our model is underfitting or not
[2022-12-30 12:37:35,783]71 root -INFO -Checking if our model is overfiiting or not
[2022-12-30 12:37:35,783]78 root -INFO -Saving mode object
[2022-12-30 12:37:35,783]56 root -INFO -Entered the save_object method of utils
[2022-12-30 12:37:35,789]60 root -INFO -Exited the save_object method of utils
[2022-12-30 12:37:35,789]82 root -INFO -Prepare the artifact
[2022-12-30 12:37:35,789]85 root -INFO -Model trainer artifact: ModelTrainerArtifact(model_path='/config/workspace/artifact/12302022__123638/model_trainer/model/model.pkl', f1_train_score=0.9999822079886131, f1_test_score=0.9783254802464662)
[2022-12-30 12:37:35,790]19 root -INFO ->>>>>>>>>>>>>>>>>>>>>>>>>>>>>>>>>>>>>>>>  Model Evaluation <<<<<<<<<<<<<<<<<<<<<<<<<<<<<<<<<<<<<<<<
[2022-12-30 12:37:35,790]35 root -INFO -if saved model folder has model the we will compare which model is best trained or the model from saved model folder
[2022-12-30 12:37:35,790]46 root -INFO -Finding location of transformer model and target encoder
[2022-12-30 12:37:35,791]51 root -INFO -Previous trained objects of transformer, model and target encoder
[2022-12-30 12:37:35,796]58 root -INFO -Currently trained model objects
[2022-12-30 12:37:35,968]76 root -INFO -Accuracy using previous trained model: 0.9567307692307692
[2022-12-30 12:37:36,009]85 root -INFO -Accuracy using current trained model: 0.8188235294117646
[2022-12-30 12:37:36,009]87 root -INFO -Current trained model is not better than previous model
